2022-11-09 00:42:35
subject=O = Argo CD
notBefore=Nov  8 23:40:54 2022 GMT
notAfter=Nov  8 23:40:54 2023 GMT
serial=984CBA628FB471A4DD2F8EEC65730122

2022-11-09 00:42:36
subject=O = Argo CD
notBefore=Nov  8 23:40:54 2022 GMT
notAfter=Nov  8 23:40:54 2023 GMT
serial=984CBA628FB471A4DD2F8EEC65730122

2022-11-09 00:42:37
subject=O = Argo CD
notBefore=Nov  8 23:40:54 2022 GMT
notAfter=Nov  8 23:40:54 2023 GMT
serial=984CBA628FB471A4DD2F8EEC65730122

2022-11-09 00:42:38
subject=O = Argo CD
notBefore=Nov  8 23:40:54 2022 GMT
notAfter=Nov  8 23:40:54 2023 GMT
serial=984CBA628FB471A4DD2F8EEC65730122

2022-11-09 00:42:39
subject=O = Argo CD
notBefore=Nov  8 23:40:54 2022 GMT
notAfter=Nov  8 23:40:54 2023 GMT
serial=984CBA628FB471A4DD2F8EEC65730122

2022-11-09 00:42:40
subject=O = Argo CD
notBefore=Nov  8 23:40:54 2022 GMT
notAfter=Nov  8 23:40:54 2023 GMT
serial=984CBA628FB471A4DD2F8EEC65730122

2022-11-09 00:42:41
subject=O = Argo CD
notBefore=Nov  8 23:40:54 2022 GMT
notAfter=Nov  8 23:40:54 2023 GMT
serial=984CBA628FB471A4DD2F8EEC65730122

2022-11-09 00:42:42
subject=O = Argo CD
notBefore=Nov  8 23:40:54 2022 GMT
notAfter=Nov  8 23:40:54 2023 GMT
serial=984CBA628FB471A4DD2F8EEC65730122

2022-11-09 00:42:43
subject=O = Argo CD
notBefore=Nov  8 23:40:54 2022 GMT
notAfter=Nov  8 23:40:54 2023 GMT
serial=984CBA628FB471A4DD2F8EEC65730122

2022-11-09 00:42:44
subject=O = Argo CD
notBefore=Nov  8 23:40:54 2022 GMT
notAfter=Nov  8 23:40:54 2023 GMT
serial=984CBA628FB471A4DD2F8EEC65730122

2022-11-09 00:42:45
subject=O = Argo CD
notBefore=Nov  8 23:40:54 2022 GMT
notAfter=Nov  8 23:40:54 2023 GMT
serial=984CBA628FB471A4DD2F8EEC65730122

2022-11-09 00:42:46
subject=O = Argo CD
notBefore=Nov  8 23:40:54 2022 GMT
notAfter=Nov  8 23:40:54 2023 GMT
serial=984CBA628FB471A4DD2F8EEC65730122

2022-11-09 00:42:47
subject=O = Argo CD
notBefore=Nov  8 23:40:54 2022 GMT
notAfter=Nov  8 23:40:54 2023 GMT
serial=984CBA628FB471A4DD2F8EEC65730122

2022-11-09 00:42:48
subject=C = NL, O = Argo CD Cert Test number 1, CN = localhost
notBefore=Nov  8 23:42:45 2022 GMT
notAfter=Nov 18 23:42:45 2022 GMT
serial=0ECEE997C11F8143A676DBBBC50D9A1719FD228C

2022-11-09 00:42:49
subject=C = NL, O = Argo CD Cert Test number 1, CN = localhost
notBefore=Nov  8 23:42:45 2022 GMT
notAfter=Nov 18 23:42:45 2022 GMT
serial=0ECEE997C11F8143A676DBBBC50D9A1719FD228C

2022-11-09 00:42:50
subject=C = NL, O = Argo CD Cert Test number 1, CN = localhost
notBefore=Nov  8 23:42:45 2022 GMT
notAfter=Nov 18 23:42:45 2022 GMT
serial=0ECEE997C11F8143A676DBBBC50D9A1719FD228C

2022-11-09 00:42:51
subject=C = NL, O = Argo CD Cert Test number 1, CN = localhost
notBefore=Nov  8 23:42:45 2022 GMT
notAfter=Nov 18 23:42:45 2022 GMT
serial=0ECEE997C11F8143A676DBBBC50D9A1719FD228C

2022-11-09 00:42:52
subject=C = NL, O = Argo CD Cert Test number 1, CN = localhost
notBefore=Nov  8 23:42:45 2022 GMT
notAfter=Nov 18 23:42:45 2022 GMT
serial=0ECEE997C11F8143A676DBBBC50D9A1719FD228C

2022-11-09 00:42:53
subject=C = NL, O = Argo CD Cert Test number 1, CN = localhost
notBefore=Nov  8 23:42:45 2022 GMT
notAfter=Nov 18 23:42:45 2022 GMT
serial=0ECEE997C11F8143A676DBBBC50D9A1719FD228C

2022-11-09 00:42:55
subject=C = NL, O = Argo CD Cert Test number 1, CN = localhost
notBefore=Nov  8 23:42:45 2022 GMT
notAfter=Nov 18 23:42:45 2022 GMT
serial=0ECEE997C11F8143A676DBBBC50D9A1719FD228C

2022-11-09 00:42:56
subject=C = NL, O = Argo CD Cert Test number 1, CN = localhost
notBefore=Nov  8 23:42:45 2022 GMT
notAfter=Nov 18 23:42:45 2022 GMT
serial=0ECEE997C11F8143A676DBBBC50D9A1719FD228C

2022-11-09 00:42:57
subject=C = NL, O = Argo CD Cert Test number 1, CN = localhost
notBefore=Nov  8 23:42:45 2022 GMT
notAfter=Nov 18 23:42:45 2022 GMT
serial=0ECEE997C11F8143A676DBBBC50D9A1719FD228C

2022-11-09 00:42:58
subject=C = NL, O = Argo CD Cert Test number 1, CN = localhost
notBefore=Nov  8 23:42:45 2022 GMT
notAfter=Nov 18 23:42:45 2022 GMT
serial=0ECEE997C11F8143A676DBBBC50D9A1719FD228C

2022-11-09 00:42:59
subject=C = NL, O = Argo CD Cert Test number 1, CN = localhost
notBefore=Nov  8 23:42:45 2022 GMT
notAfter=Nov 18 23:42:45 2022 GMT
serial=0ECEE997C11F8143A676DBBBC50D9A1719FD228C

2022-11-09 00:43:00
subject=O = Argo CD
notBefore=Nov  8 23:40:54 2022 GMT
notAfter=Nov  8 23:40:54 2023 GMT
serial=984CBA628FB471A4DD2F8EEC65730122

2022-11-09 00:43:01
subject=C = NL, O = Argo CD Cert Test number 1, CN = localhost
notBefore=Nov  8 23:42:45 2022 GMT
notAfter=Nov 18 23:42:45 2022 GMT
serial=0ECEE997C11F8143A676DBBBC50D9A1719FD228C

2022-11-09 00:43:02
subject=C = NL, O = Argo CD Cert Test number 1, CN = localhost
notBefore=Nov  8 23:42:45 2022 GMT
notAfter=Nov 18 23:42:45 2022 GMT
serial=0ECEE997C11F8143A676DBBBC50D9A1719FD228C

2022-11-09 00:43:03
subject=C = NL, O = Argo CD Cert Test number 1, CN = localhost
notBefore=Nov  8 23:42:45 2022 GMT
notAfter=Nov 18 23:42:45 2022 GMT
serial=0ECEE997C11F8143A676DBBBC50D9A1719FD228C

2022-11-09 00:43:04
subject=C = NL, O = Argo CD Cert Test number 1, CN = localhost
notBefore=Nov  8 23:42:45 2022 GMT
notAfter=Nov 18 23:42:45 2022 GMT
serial=0ECEE997C11F8143A676DBBBC50D9A1719FD228C

2022-11-09 00:43:05
subject=C = NL, O = Argo CD Cert Test number 1, CN = localhost
notBefore=Nov  8 23:42:45 2022 GMT
notAfter=Nov 18 23:42:45 2022 GMT
serial=0ECEE997C11F8143A676DBBBC50D9A1719FD228C

2022-11-09 00:43:06
subject=C = NL, O = Argo CD Cert Test number 1, CN = localhost
notBefore=Nov  8 23:42:45 2022 GMT
notAfter=Nov 18 23:42:45 2022 GMT
serial=0ECEE997C11F8143A676DBBBC50D9A1719FD228C

2022-11-09 00:43:07
subject=O = Argo CD
notBefore=Nov  8 23:40:54 2022 GMT
notAfter=Nov  8 23:40:54 2023 GMT
serial=984CBA628FB471A4DD2F8EEC65730122

2022-11-09 00:43:08
subject=O = Argo CD
notBefore=Nov  8 23:40:54 2022 GMT
notAfter=Nov  8 23:40:54 2023 GMT
serial=984CBA628FB471A4DD2F8EEC65730122

2022-11-09 00:43:09
subject=O = Argo CD
notBefore=Nov  8 23:40:54 2022 GMT
notAfter=Nov  8 23:40:54 2023 GMT
serial=984CBA628FB471A4DD2F8EEC65730122

2022-11-09 00:43:10
subject=O = Argo CD
notBefore=Nov  8 23:40:54 2022 GMT
notAfter=Nov  8 23:40:54 2023 GMT
serial=984CBA628FB471A4DD2F8EEC65730122

2022-11-09 00:43:11
subject=O = Argo CD
notBefore=Nov  8 23:40:54 2022 GMT
notAfter=Nov  8 23:40:54 2023 GMT
serial=984CBA628FB471A4DD2F8EEC65730122

2022-11-09 00:43:12
subject=O = Argo CD
notBefore=Nov  8 23:40:54 2022 GMT
notAfter=Nov  8 23:40:54 2023 GMT
serial=984CBA628FB471A4DD2F8EEC65730122

2022-11-09 00:43:13
subject=O = Argo CD
notBefore=Nov  8 23:40:54 2022 GMT
notAfter=Nov  8 23:40:54 2023 GMT
serial=984CBA628FB471A4DD2F8EEC65730122

2022-11-09 00:43:14
subject=O = Argo CD
notBefore=Nov  8 23:40:54 2022 GMT
notAfter=Nov  8 23:40:54 2023 GMT
serial=984CBA628FB471A4DD2F8EEC65730122

2022-11-09 00:43:15
subject=O = Argo CD
notBefore=Nov  8 23:40:54 2022 GMT
notAfter=Nov  8 23:40:54 2023 GMT
serial=984CBA628FB471A4DD2F8EEC65730122

2022-11-09 00:43:16
subject=O = Argo CD
notBefore=Nov  8 23:40:54 2022 GMT
notAfter=Nov  8 23:40:54 2023 GMT
serial=984CBA628FB471A4DD2F8EEC65730122

2022-11-09 00:43:17
subject=O = Argo CD
notBefore=Nov  8 23:40:54 2022 GMT
notAfter=Nov  8 23:40:54 2023 GMT
serial=984CBA628FB471A4DD2F8EEC65730122

2022-11-09 00:43:18
subject=O = Argo CD
notBefore=Nov  8 23:40:54 2022 GMT
notAfter=Nov  8 23:40:54 2023 GMT
serial=984CBA628FB471A4DD2F8EEC65730122

2022-11-09 00:43:19
subject=O = Argo CD
notBefore=Nov  8 23:40:54 2022 GMT
notAfter=Nov  8 23:40:54 2023 GMT
serial=984CBA628FB471A4DD2F8EEC65730122

2022-11-09 00:43:20
subject=O = Argo CD
notBefore=Nov  8 23:40:54 2022 GMT
notAfter=Nov  8 23:40:54 2023 GMT
serial=984CBA628FB471A4DD2F8EEC65730122

2022-11-09 00:43:22
subject=O = Argo CD
notBefore=Nov  8 23:40:54 2022 GMT
notAfter=Nov  8 23:40:54 2023 GMT
serial=984CBA628FB471A4DD2F8EEC65730122

2022-11-09 00:43:23
subject=O = Argo CD
notBefore=Nov  8 23:40:54 2022 GMT
notAfter=Nov  8 23:40:54 2023 GMT
serial=984CBA628FB471A4DD2F8EEC65730122

2022-11-09 00:43:24
subject=O = Argo CD
notBefore=Nov  8 23:40:54 2022 GMT
notAfter=Nov  8 23:40:54 2023 GMT
serial=984CBA628FB471A4DD2F8EEC65730122

2022-11-09 00:43:25
subject=O = Argo CD
notBefore=Nov  8 23:40:54 2022 GMT
notAfter=Nov  8 23:40:54 2023 GMT
serial=984CBA628FB471A4DD2F8EEC65730122

2022-11-09 00:43:26
subject=O = Argo CD
notBefore=Nov  8 23:40:54 2022 GMT
notAfter=Nov  8 23:40:54 2023 GMT
serial=984CBA628FB471A4DD2F8EEC65730122

2022-11-09 00:43:27
subject=O = Argo CD
notBefore=Nov  8 23:40:54 2022 GMT
notAfter=Nov  8 23:40:54 2023 GMT
serial=984CBA628FB471A4DD2F8EEC65730122

2022-11-09 00:43:28
subject=O = Argo CD
notBefore=Nov  8 23:40:54 2022 GMT
notAfter=Nov  8 23:40:54 2023 GMT
serial=984CBA628FB471A4DD2F8EEC65730122

2022-11-09 00:43:29
subject=O = Argo CD
notBefore=Nov  8 23:40:54 2022 GMT
notAfter=Nov  8 23:40:54 2023 GMT
serial=984CBA628FB471A4DD2F8EEC65730122

2022-11-09 00:43:30
subject=O = Argo CD
notBefore=Nov  8 23:40:54 2022 GMT
notAfter=Nov  8 23:40:54 2023 GMT
serial=984CBA628FB471A4DD2F8EEC65730122

2022-11-09 00:43:31
subject=O = Argo CD
notBefore=Nov  8 23:40:54 2022 GMT
notAfter=Nov  8 23:40:54 2023 GMT
serial=984CBA628FB471A4DD2F8EEC65730122

2022-11-09 00:43:32
subject=O = Argo CD
notBefore=Nov  8 23:40:54 2022 GMT
notAfter=Nov  8 23:40:54 2023 GMT
serial=984CBA628FB471A4DD2F8EEC65730122

2022-11-09 00:43:33
subject=O = Argo CD
notBefore=Nov  8 23:40:54 2022 GMT
notAfter=Nov  8 23:40:54 2023 GMT
serial=984CBA628FB471A4DD2F8EEC65730122

2022-11-09 00:43:34
subject=O = Argo CD
notBefore=Nov  8 23:40:54 2022 GMT
notAfter=Nov  8 23:40:54 2023 GMT
serial=984CBA628FB471A4DD2F8EEC65730122

2022-11-09 00:43:35
subject=O = Argo CD
notBefore=Nov  8 23:40:54 2022 GMT
notAfter=Nov  8 23:40:54 2023 GMT
serial=984CBA628FB471A4DD2F8EEC65730122

2022-11-09 00:43:36
subject=O = Argo CD
notBefore=Nov  8 23:40:54 2022 GMT
notAfter=Nov  8 23:40:54 2023 GMT
serial=984CBA628FB471A4DD2F8EEC65730122

2022-11-09 00:43:37
subject=O = Argo CD
notBefore=Nov  8 23:40:54 2022 GMT
notAfter=Nov  8 23:40:54 2023 GMT
serial=984CBA628FB471A4DD2F8EEC65730122

2022-11-09 00:43:38
subject=O = Argo CD
notBefore=Nov  8 23:40:54 2022 GMT
notAfter=Nov  8 23:40:54 2023 GMT
serial=984CBA628FB471A4DD2F8EEC65730122

2022-11-09 00:43:39
subject=O = Argo CD
notBefore=Nov  8 23:40:54 2022 GMT
notAfter=Nov  8 23:40:54 2023 GMT
serial=984CBA628FB471A4DD2F8EEC65730122

2022-11-09 00:43:40
subject=O = Argo CD
notBefore=Nov  8 23:40:54 2022 GMT
notAfter=Nov  8 23:40:54 2023 GMT
serial=984CBA628FB471A4DD2F8EEC65730122

2022-11-09 00:43:41
subject=O = Argo CD
notBefore=Nov  8 23:40:54 2022 GMT
notAfter=Nov  8 23:40:54 2023 GMT
serial=984CBA628FB471A4DD2F8EEC65730122

2022-11-09 00:43:42
subject=O = Argo CD
notBefore=Nov  8 23:40:54 2022 GMT
notAfter=Nov  8 23:40:54 2023 GMT
serial=984CBA628FB471A4DD2F8EEC65730122

2022-11-09 00:43:43
subject=O = Argo CD
notBefore=Nov  8 23:40:54 2022 GMT
notAfter=Nov  8 23:40:54 2023 GMT
serial=984CBA628FB471A4DD2F8EEC65730122

2022-11-09 00:43:44
subject=O = Argo CD
notBefore=Nov  8 23:40:54 2022 GMT
notAfter=Nov  8 23:40:54 2023 GMT
serial=984CBA628FB471A4DD2F8EEC65730122

2022-11-09 00:43:45
subject=O = Argo CD
notBefore=Nov  8 23:40:54 2022 GMT
notAfter=Nov  8 23:40:54 2023 GMT
serial=984CBA628FB471A4DD2F8EEC65730122

2022-11-09 00:43:46
subject=O = Argo CD
notBefore=Nov  8 23:40:54 2022 GMT
notAfter=Nov  8 23:40:54 2023 GMT
serial=984CBA628FB471A4DD2F8EEC65730122

2022-11-09 00:43:48
subject=O = Argo CD
notBefore=Nov  8 23:40:54 2022 GMT
notAfter=Nov  8 23:40:54 2023 GMT
serial=984CBA628FB471A4DD2F8EEC65730122

2022-11-09 00:43:49
subject=O = Argo CD
notBefore=Nov  8 23:40:54 2022 GMT
notAfter=Nov  8 23:40:54 2023 GMT
serial=984CBA628FB471A4DD2F8EEC65730122

2022-11-09 00:43:50
subject=O = Argo CD
notBefore=Nov  8 23:40:54 2022 GMT
notAfter=Nov  8 23:40:54 2023 GMT
serial=984CBA628FB471A4DD2F8EEC65730122

2022-11-09 00:43:51
subject=O = Argo CD
notBefore=Nov  8 23:40:54 2022 GMT
notAfter=Nov  8 23:40:54 2023 GMT
serial=984CBA628FB471A4DD2F8EEC65730122

2022-11-09 00:43:52
subject=O = Argo CD
notBefore=Nov  8 23:40:54 2022 GMT
notAfter=Nov  8 23:40:54 2023 GMT
serial=984CBA628FB471A4DD2F8EEC65730122

2022-11-09 00:43:53
subject=O = Argo CD
notBefore=Nov  8 23:40:54 2022 GMT
notAfter=Nov  8 23:40:54 2023 GMT
serial=984CBA628FB471A4DD2F8EEC65730122

2022-11-09 00:43:54
subject=O = Argo CD
notBefore=Nov  8 23:40:54 2022 GMT
notAfter=Nov  8 23:40:54 2023 GMT
serial=984CBA628FB471A4DD2F8EEC65730122

2022-11-09 00:43:55
subject=O = Argo CD
notBefore=Nov  8 23:40:54 2022 GMT
notAfter=Nov  8 23:40:54 2023 GMT
serial=984CBA628FB471A4DD2F8EEC65730122

2022-11-09 00:43:56
subject=O = Argo CD
notBefore=Nov  8 23:40:54 2022 GMT
notAfter=Nov  8 23:40:54 2023 GMT
serial=984CBA628FB471A4DD2F8EEC65730122

2022-11-09 00:43:57
subject=O = Argo CD
notBefore=Nov  8 23:40:54 2022 GMT
notAfter=Nov  8 23:40:54 2023 GMT
serial=984CBA628FB471A4DD2F8EEC65730122

2022-11-09 00:43:58
subject=O = Argo CD
notBefore=Nov  8 23:40:54 2022 GMT
notAfter=Nov  8 23:40:54 2023 GMT
serial=984CBA628FB471A4DD2F8EEC65730122

2022-11-09 00:43:59
subject=O = Argo CD
notBefore=Nov  8 23:40:54 2022 GMT
notAfter=Nov  8 23:40:54 2023 GMT
serial=984CBA628FB471A4DD2F8EEC65730122

2022-11-09 00:44:00
subject=O = Argo CD
notBefore=Nov  8 23:40:54 2022 GMT
notAfter=Nov  8 23:40:54 2023 GMT
serial=984CBA628FB471A4DD2F8EEC65730122

2022-11-09 00:44:01
subject=O = Argo CD
notBefore=Nov  8 23:40:54 2022 GMT
notAfter=Nov  8 23:40:54 2023 GMT
serial=984CBA628FB471A4DD2F8EEC65730122

2022-11-09 00:44:02
subject=O = Argo CD
notBefore=Nov  8 23:40:54 2022 GMT
notAfter=Nov  8 23:40:54 2023 GMT
serial=984CBA628FB471A4DD2F8EEC65730122

2022-11-09 00:44:03
subject=O = Argo CD
notBefore=Nov  8 23:40:54 2022 GMT
notAfter=Nov  8 23:40:54 2023 GMT
serial=984CBA628FB471A4DD2F8EEC65730122

2022-11-09 00:44:04
subject=O = Argo CD
notBefore=Nov  8 23:40:54 2022 GMT
notAfter=Nov  8 23:40:54 2023 GMT
serial=984CBA628FB471A4DD2F8EEC65730122

2022-11-09 00:44:05
subject=O = Argo CD
notBefore=Nov  8 23:40:54 2022 GMT
notAfter=Nov  8 23:40:54 2023 GMT
serial=984CBA628FB471A4DD2F8EEC65730122

2022-11-09 00:44:06
subject=O = Argo CD
notBefore=Nov  8 23:40:54 2022 GMT
notAfter=Nov  8 23:40:54 2023 GMT
serial=984CBA628FB471A4DD2F8EEC65730122

2022-11-09 00:44:07
subject=O = Argo CD
notBefore=Nov  8 23:40:54 2022 GMT
notAfter=Nov  8 23:40:54 2023 GMT
serial=984CBA628FB471A4DD2F8EEC65730122

2022-11-09 00:44:08
subject=O = Argo CD
notBefore=Nov  8 23:40:54 2022 GMT
notAfter=Nov  8 23:40:54 2023 GMT
serial=984CBA628FB471A4DD2F8EEC65730122

2022-11-09 00:44:09
subject=O = Argo CD
notBefore=Nov  8 23:40:54 2022 GMT
notAfter=Nov  8 23:40:54 2023 GMT
serial=984CBA628FB471A4DD2F8EEC65730122

2022-11-09 00:44:10
subject=O = Argo CD
notBefore=Nov  8 23:40:54 2022 GMT
notAfter=Nov  8 23:40:54 2023 GMT
serial=984CBA628FB471A4DD2F8EEC65730122

2022-11-09 00:44:11
subject=O = Argo CD
notBefore=Nov  8 23:40:54 2022 GMT
notAfter=Nov  8 23:40:54 2023 GMT
serial=984CBA628FB471A4DD2F8EEC65730122

2022-11-09 00:44:12
subject=O = Argo CD
notBefore=Nov  8 23:40:54 2022 GMT
notAfter=Nov  8 23:40:54 2023 GMT
serial=984CBA628FB471A4DD2F8EEC65730122

2022-11-09 00:44:14
subject=O = Argo CD
notBefore=Nov  8 23:40:54 2022 GMT
notAfter=Nov  8 23:40:54 2023 GMT
serial=984CBA628FB471A4DD2F8EEC65730122

2022-11-09 00:44:15
subject=O = Argo CD
notBefore=Nov  8 23:40:54 2022 GMT
notAfter=Nov  8 23:40:54 2023 GMT
serial=984CBA628FB471A4DD2F8EEC65730122

2022-11-09 00:44:16
subject=O = Argo CD
notBefore=Nov  8 23:40:54 2022 GMT
notAfter=Nov  8 23:40:54 2023 GMT
serial=984CBA628FB471A4DD2F8EEC65730122

2022-11-09 00:44:17
subject=O = Argo CD
notBefore=Nov  8 23:40:54 2022 GMT
notAfter=Nov  8 23:40:54 2023 GMT
serial=984CBA628FB471A4DD2F8EEC65730122

2022-11-09 00:44:18
subject=O = Argo CD
notBefore=Nov  8 23:40:54 2022 GMT
notAfter=Nov  8 23:40:54 2023 GMT
serial=984CBA628FB471A4DD2F8EEC65730122

2022-11-09 00:44:19
subject=O = Argo CD
notBefore=Nov  8 23:40:54 2022 GMT
notAfter=Nov  8 23:40:54 2023 GMT
serial=984CBA628FB471A4DD2F8EEC65730122

2022-11-09 00:44:20
subject=O = Argo CD
notBefore=Nov  8 23:40:54 2022 GMT
notAfter=Nov  8 23:40:54 2023 GMT
serial=984CBA628FB471A4DD2F8EEC65730122

2022-11-09 00:44:21
subject=O = Argo CD
notBefore=Nov  8 23:40:54 2022 GMT
notAfter=Nov  8 23:40:54 2023 GMT
serial=984CBA628FB471A4DD2F8EEC65730122

2022-11-09 00:44:22
subject=O = Argo CD
notBefore=Nov  8 23:40:54 2022 GMT
notAfter=Nov  8 23:40:54 2023 GMT
serial=984CBA628FB471A4DD2F8EEC65730122

2022-11-09 00:44:23
subject=O = Argo CD
notBefore=Nov  8 23:40:54 2022 GMT
notAfter=Nov  8 23:40:54 2023 GMT
serial=984CBA628FB471A4DD2F8EEC65730122

2022-11-09 00:44:24
subject=O = Argo CD
notBefore=Nov  8 23:40:54 2022 GMT
notAfter=Nov  8 23:40:54 2023 GMT
serial=984CBA628FB471A4DD2F8EEC65730122

2022-11-09 00:44:25
subject=O = Argo CD
notBefore=Nov  8 23:40:54 2022 GMT
notAfter=Nov  8 23:40:54 2023 GMT
serial=984CBA628FB471A4DD2F8EEC65730122

2022-11-09 00:44:26
subject=O = Argo CD
notBefore=Nov  8 23:40:54 2022 GMT
notAfter=Nov  8 23:40:54 2023 GMT
serial=984CBA628FB471A4DD2F8EEC65730122

2022-11-09 00:44:27
subject=O = Argo CD
notBefore=Nov  8 23:40:54 2022 GMT
notAfter=Nov  8 23:40:54 2023 GMT
serial=984CBA628FB471A4DD2F8EEC65730122

2022-11-09 00:44:28
subject=O = Argo CD
notBefore=Nov  8 23:40:54 2022 GMT
notAfter=Nov  8 23:40:54 2023 GMT
serial=984CBA628FB471A4DD2F8EEC65730122

2022-11-09 00:44:29
subject=O = Argo CD
notBefore=Nov  8 23:40:54 2022 GMT
notAfter=Nov  8 23:40:54 2023 GMT
serial=984CBA628FB471A4DD2F8EEC65730122

2022-11-09 00:44:30
subject=O = Argo CD
notBefore=Nov  8 23:40:54 2022 GMT
notAfter=Nov  8 23:40:54 2023 GMT
serial=984CBA628FB471A4DD2F8EEC65730122

2022-11-09 00:44:31
subject=O = Argo CD
notBefore=Nov  8 23:40:54 2022 GMT
notAfter=Nov  8 23:40:54 2023 GMT
serial=984CBA628FB471A4DD2F8EEC65730122

2022-11-09 00:44:32
subject=O = Argo CD
notBefore=Nov  8 23:40:54 2022 GMT
notAfter=Nov  8 23:40:54 2023 GMT
serial=984CBA628FB471A4DD2F8EEC65730122

2022-11-09 00:44:33
subject=O = Argo CD
notBefore=Nov  8 23:40:54 2022 GMT
notAfter=Nov  8 23:40:54 2023 GMT
serial=984CBA628FB471A4DD2F8EEC65730122

2022-11-09 00:44:34
subject=O = Argo CD
notBefore=Nov  8 23:40:54 2022 GMT
notAfter=Nov  8 23:40:54 2023 GMT
serial=984CBA628FB471A4DD2F8EEC65730122

2022-11-09 00:44:35
subject=O = Argo CD
notBefore=Nov  8 23:40:54 2022 GMT
notAfter=Nov  8 23:40:54 2023 GMT
serial=984CBA628FB471A4DD2F8EEC65730122

2022-11-09 00:44:36
subject=O = Argo CD
notBefore=Nov  8 23:40:54 2022 GMT
notAfter=Nov  8 23:40:54 2023 GMT
serial=984CBA628FB471A4DD2F8EEC65730122

2022-11-09 00:44:37
subject=O = Argo CD
notBefore=Nov  8 23:40:54 2022 GMT
notAfter=Nov  8 23:40:54 2023 GMT
serial=984CBA628FB471A4DD2F8EEC65730122

2022-11-09 00:44:38
subject=O = Argo CD
notBefore=Nov  8 23:40:54 2022 GMT
notAfter=Nov  8 23:40:54 2023 GMT
serial=984CBA628FB471A4DD2F8EEC65730122

2022-11-09 00:44:39
subject=O = Argo CD
notBefore=Nov  8 23:40:54 2022 GMT
notAfter=Nov  8 23:40:54 2023 GMT
serial=984CBA628FB471A4DD2F8EEC65730122

2022-11-09 00:44:41
subject=O = Argo CD
notBefore=Nov  8 23:40:54 2022 GMT
notAfter=Nov  8 23:40:54 2023 GMT
serial=984CBA628FB471A4DD2F8EEC65730122

2022-11-09 00:44:42
subject=O = Argo CD
notBefore=Nov  8 23:40:54 2022 GMT
notAfter=Nov  8 23:40:54 2023 GMT
serial=984CBA628FB471A4DD2F8EEC65730122

2022-11-09 00:44:43
subject=O = Argo CD
notBefore=Nov  8 23:40:54 2022 GMT
notAfter=Nov  8 23:40:54 2023 GMT
serial=984CBA628FB471A4DD2F8EEC65730122

2022-11-09 00:44:44
subject=O = Argo CD
notBefore=Nov  8 23:40:54 2022 GMT
notAfter=Nov  8 23:40:54 2023 GMT
serial=984CBA628FB471A4DD2F8EEC65730122

2022-11-09 00:44:45
subject=O = Argo CD
notBefore=Nov  8 23:40:54 2022 GMT
notAfter=Nov  8 23:40:54 2023 GMT
serial=984CBA628FB471A4DD2F8EEC65730122

2022-11-09 00:44:46
subject=O = Argo CD
notBefore=Nov  8 23:40:54 2022 GMT
notAfter=Nov  8 23:40:54 2023 GMT
serial=984CBA628FB471A4DD2F8EEC65730122

2022-11-09 00:44:47
subject=O = Argo CD
notBefore=Nov  8 23:40:54 2022 GMT
notAfter=Nov  8 23:40:54 2023 GMT
serial=984CBA628FB471A4DD2F8EEC65730122

2022-11-09 00:44:48
subject=O = Argo CD
notBefore=Nov  8 23:40:54 2022 GMT
notAfter=Nov  8 23:40:54 2023 GMT
serial=984CBA628FB471A4DD2F8EEC65730122

2022-11-09 00:44:49
subject=O = Argo CD
notBefore=Nov  8 23:40:54 2022 GMT
notAfter=Nov  8 23:40:54 2023 GMT
serial=984CBA628FB471A4DD2F8EEC65730122

2022-11-09 00:44:50
subject=O = Argo CD
notBefore=Nov  8 23:40:54 2022 GMT
notAfter=Nov  8 23:40:54 2023 GMT
serial=984CBA628FB471A4DD2F8EEC65730122

2022-11-09 00:44:51
subject=O = Argo CD
notBefore=Nov  8 23:40:54 2022 GMT
notAfter=Nov  8 23:40:54 2023 GMT
serial=984CBA628FB471A4DD2F8EEC65730122

2022-11-09 00:44:52
subject=O = Argo CD
notBefore=Nov  8 23:40:54 2022 GMT
notAfter=Nov  8 23:40:54 2023 GMT
serial=984CBA628FB471A4DD2F8EEC65730122

2022-11-09 00:44:53
subject=O = Argo CD
notBefore=Nov  8 23:40:54 2022 GMT
notAfter=Nov  8 23:40:54 2023 GMT
serial=984CBA628FB471A4DD2F8EEC65730122

2022-11-09 00:44:54
subject=O = Argo CD
notBefore=Nov  8 23:40:54 2022 GMT
notAfter=Nov  8 23:40:54 2023 GMT
serial=984CBA628FB471A4DD2F8EEC65730122

2022-11-09 00:44:55
subject=O = Argo CD
notBefore=Nov  8 23:40:54 2022 GMT
notAfter=Nov  8 23:40:54 2023 GMT
serial=984CBA628FB471A4DD2F8EEC65730122

2022-11-09 00:44:56
subject=O = Argo CD
notBefore=Nov  8 23:40:54 2022 GMT
notAfter=Nov  8 23:40:54 2023 GMT
serial=984CBA628FB471A4DD2F8EEC65730122

2022-11-09 00:44:57
subject=O = Argo CD
notBefore=Nov  8 23:40:54 2022 GMT
notAfter=Nov  8 23:40:54 2023 GMT
serial=984CBA628FB471A4DD2F8EEC65730122

2022-11-09 00:44:58
subject=O = Argo CD
notBefore=Nov  8 23:40:54 2022 GMT
notAfter=Nov  8 23:40:54 2023 GMT
serial=984CBA628FB471A4DD2F8EEC65730122

2022-11-09 00:44:59
subject=O = Argo CD
notBefore=Nov  8 23:40:54 2022 GMT
notAfter=Nov  8 23:40:54 2023 GMT
serial=984CBA628FB471A4DD2F8EEC65730122

2022-11-09 00:45:00
subject=O = Argo CD
notBefore=Nov  8 23:40:54 2022 GMT
notAfter=Nov  8 23:40:54 2023 GMT
serial=984CBA628FB471A4DD2F8EEC65730122

2022-11-09 00:45:01
subject=O = Argo CD
notBefore=Nov  8 23:40:54 2022 GMT
notAfter=Nov  8 23:40:54 2023 GMT
serial=984CBA628FB471A4DD2F8EEC65730122

2022-11-09 00:45:02
subject=O = Argo CD
notBefore=Nov  8 23:40:54 2022 GMT
notAfter=Nov  8 23:40:54 2023 GMT
serial=984CBA628FB471A4DD2F8EEC65730122

2022-11-09 00:45:03
subject=O = Argo CD
notBefore=Nov  8 23:40:54 2022 GMT
notAfter=Nov  8 23:40:54 2023 GMT
serial=984CBA628FB471A4DD2F8EEC65730122

2022-11-09 00:45:04
subject=O = Argo CD
notBefore=Nov  8 23:40:54 2022 GMT
notAfter=Nov  8 23:40:54 2023 GMT
serial=984CBA628FB471A4DD2F8EEC65730122

2022-11-09 00:45:06
subject=C = NL, O = Argo CD Cert Test number 3, CN = localhost
notBefore=Nov  8 23:44:46 2022 GMT
notAfter=Nov 18 23:44:46 2022 GMT
serial=3B76FE886CDA6AD7D7CE00FE4C709542D5E2F852

2022-11-09 00:45:07
subject=C = NL, O = Argo CD Cert Test number 3, CN = localhost
notBefore=Nov  8 23:44:46 2022 GMT
notAfter=Nov 18 23:44:46 2022 GMT
serial=3B76FE886CDA6AD7D7CE00FE4C709542D5E2F852

2022-11-09 00:45:08
subject=C = NL, O = Argo CD Cert Test number 3, CN = localhost
notBefore=Nov  8 23:44:46 2022 GMT
notAfter=Nov 18 23:44:46 2022 GMT
serial=3B76FE886CDA6AD7D7CE00FE4C709542D5E2F852

2022-11-09 00:45:09
subject=C = NL, O = Argo CD Cert Test number 3, CN = localhost
notBefore=Nov  8 23:44:46 2022 GMT
notAfter=Nov 18 23:44:46 2022 GMT
serial=3B76FE886CDA6AD7D7CE00FE4C709542D5E2F852

2022-11-09 00:45:10
subject=C = NL, O = Argo CD Cert Test number 3, CN = localhost
notBefore=Nov  8 23:44:46 2022 GMT
notAfter=Nov 18 23:44:46 2022 GMT
serial=3B76FE886CDA6AD7D7CE00FE4C709542D5E2F852

2022-11-09 00:45:11
subject=C = NL, O = Argo CD Cert Test number 3, CN = localhost
notBefore=Nov  8 23:44:46 2022 GMT
notAfter=Nov 18 23:44:46 2022 GMT
serial=3B76FE886CDA6AD7D7CE00FE4C709542D5E2F852

2022-11-09 00:45:12
subject=C = NL, O = Argo CD Cert Test number 3, CN = localhost
notBefore=Nov  8 23:44:46 2022 GMT
notAfter=Nov 18 23:44:46 2022 GMT
serial=3B76FE886CDA6AD7D7CE00FE4C709542D5E2F852

2022-11-09 00:45:13
subject=C = NL, O = Argo CD Cert Test number 3, CN = localhost
notBefore=Nov  8 23:44:46 2022 GMT
notAfter=Nov 18 23:44:46 2022 GMT
serial=3B76FE886CDA6AD7D7CE00FE4C709542D5E2F852

2022-11-09 00:45:14
subject=C = NL, O = Argo CD Cert Test number 3, CN = localhost
notBefore=Nov  8 23:44:46 2022 GMT
notAfter=Nov 18 23:44:46 2022 GMT
serial=3B76FE886CDA6AD7D7CE00FE4C709542D5E2F852

2022-11-09 00:45:15
subject=C = NL, O = Argo CD Cert Test number 3, CN = localhost
notBefore=Nov  8 23:44:46 2022 GMT
notAfter=Nov 18 23:44:46 2022 GMT
serial=3B76FE886CDA6AD7D7CE00FE4C709542D5E2F852

2022-11-09 00:45:16
subject=C = NL, O = Argo CD Cert Test number 3, CN = localhost
notBefore=Nov  8 23:44:46 2022 GMT
notAfter=Nov 18 23:44:46 2022 GMT
serial=3B76FE886CDA6AD7D7CE00FE4C709542D5E2F852

2022-11-09 00:45:17
subject=C = NL, O = Argo CD Cert Test number 3, CN = localhost
notBefore=Nov  8 23:44:46 2022 GMT
notAfter=Nov 18 23:44:46 2022 GMT
serial=3B76FE886CDA6AD7D7CE00FE4C709542D5E2F852

2022-11-09 00:45:18
subject=C = NL, O = Argo CD Cert Test number 3, CN = localhost
notBefore=Nov  8 23:44:46 2022 GMT
notAfter=Nov 18 23:44:46 2022 GMT
serial=3B76FE886CDA6AD7D7CE00FE4C709542D5E2F852

2022-11-09 00:45:19
subject=C = NL, O = Argo CD Cert Test number 3, CN = localhost
notBefore=Nov  8 23:44:46 2022 GMT
notAfter=Nov 18 23:44:46 2022 GMT
serial=3B76FE886CDA6AD7D7CE00FE4C709542D5E2F852

2022-11-09 00:45:20
subject=C = NL, O = Argo CD Cert Test number 3, CN = localhost
notBefore=Nov  8 23:44:46 2022 GMT
notAfter=Nov 18 23:44:46 2022 GMT
serial=3B76FE886CDA6AD7D7CE00FE4C709542D5E2F852

2022-11-09 00:45:21
subject=C = NL, O = Argo CD Cert Test number 3, CN = localhost
notBefore=Nov  8 23:44:46 2022 GMT
notAfter=Nov 18 23:44:46 2022 GMT
serial=3B76FE886CDA6AD7D7CE00FE4C709542D5E2F852

2022-11-09 00:45:22
subject=C = NL, O = Argo CD Cert Test number 3, CN = localhost
notBefore=Nov  8 23:44:46 2022 GMT
notAfter=Nov 18 23:44:46 2022 GMT
serial=3B76FE886CDA6AD7D7CE00FE4C709542D5E2F852

2022-11-09 00:45:23
subject=C = NL, O = Argo CD Cert Test number 3, CN = localhost
notBefore=Nov  8 23:44:46 2022 GMT
notAfter=Nov 18 23:44:46 2022 GMT
serial=3B76FE886CDA6AD7D7CE00FE4C709542D5E2F852

2022-11-09 00:45:24
subject=C = NL, O = Argo CD Cert Test number 3, CN = localhost
notBefore=Nov  8 23:44:46 2022 GMT
notAfter=Nov 18 23:44:46 2022 GMT
serial=3B76FE886CDA6AD7D7CE00FE4C709542D5E2F852

2022-11-09 00:45:25
subject=C = NL, O = Argo CD Cert Test number 2, CN = localhost
notBefore=Nov  8 23:43:46 2022 GMT
notAfter=Nov 18 23:43:46 2022 GMT
serial=677B873D69800B52FF5013DA7E3CA8EFC84D5AD1

2022-11-09 00:45:26
subject=C = NL, O = Argo CD Cert Test number 2, CN = localhost
notBefore=Nov  8 23:43:46 2022 GMT
notAfter=Nov 18 23:43:46 2022 GMT
serial=677B873D69800B52FF5013DA7E3CA8EFC84D5AD1

2022-11-09 00:45:27
subject=C = NL, O = Argo CD Cert Test number 2, CN = localhost
notBefore=Nov  8 23:43:46 2022 GMT
notAfter=Nov 18 23:43:46 2022 GMT
serial=677B873D69800B52FF5013DA7E3CA8EFC84D5AD1

2022-11-09 00:45:28
subject=C = NL, O = Argo CD Cert Test number 2, CN = localhost
notBefore=Nov  8 23:43:46 2022 GMT
notAfter=Nov 18 23:43:46 2022 GMT
serial=677B873D69800B52FF5013DA7E3CA8EFC84D5AD1

2022-11-09 00:45:29
subject=C = NL, O = Argo CD Cert Test number 2, CN = localhost
notBefore=Nov  8 23:43:46 2022 GMT
notAfter=Nov 18 23:43:46 2022 GMT
serial=677B873D69800B52FF5013DA7E3CA8EFC84D5AD1

2022-11-09 00:45:30
subject=C = NL, O = Argo CD Cert Test number 2, CN = localhost
notBefore=Nov  8 23:43:46 2022 GMT
notAfter=Nov 18 23:43:46 2022 GMT
serial=677B873D69800B52FF5013DA7E3CA8EFC84D5AD1

2022-11-09 00:45:31
subject=C = NL, O = Argo CD Cert Test number 2, CN = localhost
notBefore=Nov  8 23:43:46 2022 GMT
notAfter=Nov 18 23:43:46 2022 GMT
serial=677B873D69800B52FF5013DA7E3CA8EFC84D5AD1

2022-11-09 00:45:33
subject=C = NL, O = Argo CD Cert Test number 2, CN = localhost
notBefore=Nov  8 23:43:46 2022 GMT
notAfter=Nov 18 23:43:46 2022 GMT
serial=677B873D69800B52FF5013DA7E3CA8EFC84D5AD1

2022-11-09 00:45:34
subject=C = NL, O = Argo CD Cert Test number 2, CN = localhost
notBefore=Nov  8 23:43:46 2022 GMT
notAfter=Nov 18 23:43:46 2022 GMT
serial=677B873D69800B52FF5013DA7E3CA8EFC84D5AD1

2022-11-09 00:45:35
subject=C = NL, O = Argo CD Cert Test number 2, CN = localhost
notBefore=Nov  8 23:43:46 2022 GMT
notAfter=Nov 18 23:43:46 2022 GMT
serial=677B873D69800B52FF5013DA7E3CA8EFC84D5AD1

2022-11-09 00:45:36
subject=C = NL, O = Argo CD Cert Test number 1, CN = localhost
notBefore=Nov  8 23:42:45 2022 GMT
notAfter=Nov 18 23:42:45 2022 GMT
serial=0ECEE997C11F8143A676DBBBC50D9A1719FD228C

2022-11-09 00:45:37
subject=C = NL, O = Argo CD Cert Test number 1, CN = localhost
notBefore=Nov  8 23:42:45 2022 GMT
notAfter=Nov 18 23:42:45 2022 GMT
serial=0ECEE997C11F8143A676DBBBC50D9A1719FD228C

2022-11-09 00:45:38
subject=C = NL, O = Argo CD Cert Test number 1, CN = localhost
notBefore=Nov  8 23:42:45 2022 GMT
notAfter=Nov 18 23:42:45 2022 GMT
serial=0ECEE997C11F8143A676DBBBC50D9A1719FD228C

2022-11-09 00:45:39
subject=C = NL, O = Argo CD Cert Test number 1, CN = localhost
notBefore=Nov  8 23:42:45 2022 GMT
notAfter=Nov 18 23:42:45 2022 GMT
serial=0ECEE997C11F8143A676DBBBC50D9A1719FD228C

2022-11-09 00:45:40
subject=C = NL, O = Argo CD Cert Test number 1, CN = localhost
notBefore=Nov  8 23:42:45 2022 GMT
notAfter=Nov 18 23:42:45 2022 GMT
serial=0ECEE997C11F8143A676DBBBC50D9A1719FD228C

2022-11-09 00:45:41
subject=C = NL, O = Argo CD Cert Test number 1, CN = localhost
notBefore=Nov  8 23:42:45 2022 GMT
notAfter=Nov 18 23:42:45 2022 GMT
serial=0ECEE997C11F8143A676DBBBC50D9A1719FD228C

2022-11-09 00:45:42
subject=C = NL, O = Argo CD Cert Test number 1, CN = localhost
notBefore=Nov  8 23:42:45 2022 GMT
notAfter=Nov 18 23:42:45 2022 GMT
serial=0ECEE997C11F8143A676DBBBC50D9A1719FD228C

2022-11-09 00:45:43
subject=C = NL, O = Argo CD Cert Test number 1, CN = localhost
notBefore=Nov  8 23:42:45 2022 GMT
notAfter=Nov 18 23:42:45 2022 GMT
serial=0ECEE997C11F8143A676DBBBC50D9A1719FD228C

2022-11-09 00:45:44
subject=C = NL, O = Argo CD Cert Test number 1, CN = localhost
notBefore=Nov  8 23:42:45 2022 GMT
notAfter=Nov 18 23:42:45 2022 GMT
serial=0ECEE997C11F8143A676DBBBC50D9A1719FD228C

2022-11-09 00:45:45
subject=C = NL, O = Argo CD Cert Test number 2, CN = localhost
notBefore=Nov  8 23:43:46 2022 GMT
notAfter=Nov 18 23:43:46 2022 GMT
serial=677B873D69800B52FF5013DA7E3CA8EFC84D5AD1

2022-11-09 00:45:46
subject=C = NL, O = Argo CD Cert Test number 2, CN = localhost
notBefore=Nov  8 23:43:46 2022 GMT
notAfter=Nov 18 23:43:46 2022 GMT
serial=677B873D69800B52FF5013DA7E3CA8EFC84D5AD1

2022-11-09 00:45:47
subject=O = Argo CD
notBefore=Nov  8 23:40:54 2022 GMT
notAfter=Nov  8 23:40:54 2023 GMT
serial=984CBA628FB471A4DD2F8EEC65730122

2022-11-09 00:45:48
subject=O = Argo CD
notBefore=Nov  8 23:40:54 2022 GMT
notAfter=Nov  8 23:40:54 2023 GMT
serial=984CBA628FB471A4DD2F8EEC65730122

2022-11-09 00:45:49
subject=O = Argo CD
notBefore=Nov  8 23:40:54 2022 GMT
notAfter=Nov  8 23:40:54 2023 GMT
serial=984CBA628FB471A4DD2F8EEC65730122

2022-11-09 00:45:50
subject=O = Argo CD
notBefore=Nov  8 23:40:54 2022 GMT
notAfter=Nov  8 23:40:54 2023 GMT
serial=984CBA628FB471A4DD2F8EEC65730122

2022-11-09 00:45:51
subject=O = Argo CD
notBefore=Nov  8 23:40:54 2022 GMT
notAfter=Nov  8 23:40:54 2023 GMT
serial=984CBA628FB471A4DD2F8EEC65730122

2022-11-09 00:45:52
subject=O = Argo CD
notBefore=Nov  8 23:40:54 2022 GMT
notAfter=Nov  8 23:40:54 2023 GMT
serial=984CBA628FB471A4DD2F8EEC65730122

2022-11-09 00:45:53
subject=O = Argo CD
notBefore=Nov  8 23:40:54 2022 GMT
notAfter=Nov  8 23:40:54 2023 GMT
serial=984CBA628FB471A4DD2F8EEC65730122

2022-11-09 00:45:54
subject=O = Argo CD
notBefore=Nov  8 23:40:54 2022 GMT
notAfter=Nov  8 23:40:54 2023 GMT
serial=984CBA628FB471A4DD2F8EEC65730122

2022-11-09 00:45:55
subject=O = Argo CD
notBefore=Nov  8 23:40:54 2022 GMT
notAfter=Nov  8 23:40:54 2023 GMT
serial=984CBA628FB471A4DD2F8EEC65730122

2022-11-09 00:45:56
subject=O = Argo CD
notBefore=Nov  8 23:40:54 2022 GMT
notAfter=Nov  8 23:40:54 2023 GMT
serial=984CBA628FB471A4DD2F8EEC65730122

2022-11-09 00:45:57
subject=O = Argo CD
notBefore=Nov  8 23:40:54 2022 GMT
notAfter=Nov  8 23:40:54 2023 GMT
serial=984CBA628FB471A4DD2F8EEC65730122

2022-11-09 00:45:58
subject=O = Argo CD
notBefore=Nov  8 23:40:54 2022 GMT
notAfter=Nov  8 23:40:54 2023 GMT
serial=984CBA628FB471A4DD2F8EEC65730122

2022-11-09 00:46:00
subject=O = Argo CD
notBefore=Nov  8 23:40:54 2022 GMT
notAfter=Nov  8 23:40:54 2023 GMT
serial=984CBA628FB471A4DD2F8EEC65730122

2022-11-09 00:46:01
subject=O = Argo CD
notBefore=Nov  8 23:40:54 2022 GMT
notAfter=Nov  8 23:40:54 2023 GMT
serial=984CBA628FB471A4DD2F8EEC65730122

2022-11-09 00:46:02
subject=O = Argo CD
notBefore=Nov  8 23:40:54 2022 GMT
notAfter=Nov  8 23:40:54 2023 GMT
serial=984CBA628FB471A4DD2F8EEC65730122

2022-11-09 00:46:03
subject=O = Argo CD
notBefore=Nov  8 23:40:54 2022 GMT
notAfter=Nov  8 23:40:54 2023 GMT
serial=984CBA628FB471A4DD2F8EEC65730122

2022-11-09 00:46:04
subject=O = Argo CD
notBefore=Nov  8 23:40:54 2022 GMT
notAfter=Nov  8 23:40:54 2023 GMT
serial=984CBA628FB471A4DD2F8EEC65730122

2022-11-09 00:46:05
subject=O = Argo CD
notBefore=Nov  8 23:40:54 2022 GMT
notAfter=Nov  8 23:40:54 2023 GMT
serial=984CBA628FB471A4DD2F8EEC65730122

2022-11-09 00:46:06
subject=O = Argo CD
notBefore=Nov  8 23:40:54 2022 GMT
notAfter=Nov  8 23:40:54 2023 GMT
serial=984CBA628FB471A4DD2F8EEC65730122

2022-11-09 00:46:07
subject=O = Argo CD
notBefore=Nov  8 23:40:54 2022 GMT
notAfter=Nov  8 23:40:54 2023 GMT
serial=984CBA628FB471A4DD2F8EEC65730122

2022-11-09 00:46:08
subject=O = Argo CD
notBefore=Nov  8 23:40:54 2022 GMT
notAfter=Nov  8 23:40:54 2023 GMT
serial=984CBA628FB471A4DD2F8EEC65730122

2022-11-09 00:46:09
subject=O = Argo CD
notBefore=Nov  8 23:40:54 2022 GMT
notAfter=Nov  8 23:40:54 2023 GMT
serial=984CBA628FB471A4DD2F8EEC65730122

2022-11-09 00:46:10
subject=O = Argo CD
notBefore=Nov  8 23:40:54 2022 GMT
notAfter=Nov  8 23:40:54 2023 GMT
serial=984CBA628FB471A4DD2F8EEC65730122

2022-11-09 00:46:11
subject=O = Argo CD
notBefore=Nov  8 23:40:54 2022 GMT
notAfter=Nov  8 23:40:54 2023 GMT
serial=984CBA628FB471A4DD2F8EEC65730122

2022-11-09 00:46:12
subject=O = Argo CD
notBefore=Nov  8 23:40:54 2022 GMT
notAfter=Nov  8 23:40:54 2023 GMT
serial=984CBA628FB471A4DD2F8EEC65730122

2022-11-09 00:46:13
subject=O = Argo CD
notBefore=Nov  8 23:40:54 2022 GMT
notAfter=Nov  8 23:40:54 2023 GMT
serial=984CBA628FB471A4DD2F8EEC65730122

2022-11-09 00:46:14
subject=O = Argo CD
notBefore=Nov  8 23:40:54 2022 GMT
notAfter=Nov  8 23:40:54 2023 GMT
serial=984CBA628FB471A4DD2F8EEC65730122

2022-11-09 00:46:15
subject=O = Argo CD
notBefore=Nov  8 23:40:54 2022 GMT
notAfter=Nov  8 23:40:54 2023 GMT
serial=984CBA628FB471A4DD2F8EEC65730122

2022-11-09 00:46:16
subject=O = Argo CD
notBefore=Nov  8 23:40:54 2022 GMT
notAfter=Nov  8 23:40:54 2023 GMT
serial=984CBA628FB471A4DD2F8EEC65730122

2022-11-09 00:46:17
subject=O = Argo CD
notBefore=Nov  8 23:40:54 2022 GMT
notAfter=Nov  8 23:40:54 2023 GMT
serial=984CBA628FB471A4DD2F8EEC65730122

2022-11-09 00:46:18
subject=O = Argo CD
notBefore=Nov  8 23:40:54 2022 GMT
notAfter=Nov  8 23:40:54 2023 GMT
serial=984CBA628FB471A4DD2F8EEC65730122

2022-11-09 00:46:19
subject=O = Argo CD
notBefore=Nov  8 23:40:54 2022 GMT
notAfter=Nov  8 23:40:54 2023 GMT
serial=984CBA628FB471A4DD2F8EEC65730122

2022-11-09 00:46:20
subject=O = Argo CD
notBefore=Nov  8 23:40:54 2022 GMT
notAfter=Nov  8 23:40:54 2023 GMT
serial=984CBA628FB471A4DD2F8EEC65730122

2022-11-09 00:46:21
subject=O = Argo CD
notBefore=Nov  8 23:40:54 2022 GMT
notAfter=Nov  8 23:40:54 2023 GMT
serial=984CBA628FB471A4DD2F8EEC65730122

2022-11-09 00:46:22
subject=O = Argo CD
notBefore=Nov  8 23:40:54 2022 GMT
notAfter=Nov  8 23:40:54 2023 GMT
serial=984CBA628FB471A4DD2F8EEC65730122

2022-11-09 00:46:23
subject=O = Argo CD
notBefore=Nov  8 23:40:54 2022 GMT
notAfter=Nov  8 23:40:54 2023 GMT
serial=984CBA628FB471A4DD2F8EEC65730122

2022-11-09 00:46:25
subject=O = Argo CD
notBefore=Nov  8 23:40:54 2022 GMT
notAfter=Nov  8 23:40:54 2023 GMT
serial=984CBA628FB471A4DD2F8EEC65730122

2022-11-09 00:46:26
subject=O = Argo CD
notBefore=Nov  8 23:40:54 2022 GMT
notAfter=Nov  8 23:40:54 2023 GMT
serial=984CBA628FB471A4DD2F8EEC65730122

2022-11-09 00:46:27
subject=O = Argo CD
notBefore=Nov  8 23:40:54 2022 GMT
notAfter=Nov  8 23:40:54 2023 GMT
serial=984CBA628FB471A4DD2F8EEC65730122

2022-11-09 00:46:28
subject=O = Argo CD
notBefore=Nov  8 23:40:54 2022 GMT
notAfter=Nov  8 23:40:54 2023 GMT
serial=984CBA628FB471A4DD2F8EEC65730122

2022-11-09 00:46:29
subject=O = Argo CD
notBefore=Nov  8 23:40:54 2022 GMT
notAfter=Nov  8 23:40:54 2023 GMT
serial=984CBA628FB471A4DD2F8EEC65730122

2022-11-09 00:46:30
subject=O = Argo CD
notBefore=Nov  8 23:40:54 2022 GMT
notAfter=Nov  8 23:40:54 2023 GMT
serial=984CBA628FB471A4DD2F8EEC65730122

2022-11-09 00:46:31
subject=O = Argo CD
notBefore=Nov  8 23:40:54 2022 GMT
notAfter=Nov  8 23:40:54 2023 GMT
serial=984CBA628FB471A4DD2F8EEC65730122

2022-11-09 00:46:32
subject=O = Argo CD
notBefore=Nov  8 23:40:54 2022 GMT
notAfter=Nov  8 23:40:54 2023 GMT
serial=984CBA628FB471A4DD2F8EEC65730122

2022-11-09 00:46:33
subject=O = Argo CD
notBefore=Nov  8 23:40:54 2022 GMT
notAfter=Nov  8 23:40:54 2023 GMT
serial=984CBA628FB471A4DD2F8EEC65730122

2022-11-09 00:46:34
subject=C = NL, O = Argo CD Cert Test number 3, CN = localhost
notBefore=Nov  8 23:44:46 2022 GMT
notAfter=Nov 18 23:44:46 2022 GMT
serial=3B76FE886CDA6AD7D7CE00FE4C709542D5E2F852

2022-11-09 00:46:35
subject=O = Argo CD
notBefore=Nov  8 23:40:54 2022 GMT
notAfter=Nov  8 23:40:54 2023 GMT
serial=984CBA628FB471A4DD2F8EEC65730122

2022-11-09 00:46:36
subject=O = Argo CD
notBefore=Nov  8 23:40:54 2022 GMT
notAfter=Nov  8 23:40:54 2023 GMT
serial=984CBA628FB471A4DD2F8EEC65730122

2022-11-09 00:46:37
subject=O = Argo CD
notBefore=Nov  8 23:40:54 2022 GMT
notAfter=Nov  8 23:40:54 2023 GMT
serial=984CBA628FB471A4DD2F8EEC65730122

2022-11-09 00:46:38
subject=O = Argo CD
notBefore=Nov  8 23:40:54 2022 GMT
notAfter=Nov  8 23:40:54 2023 GMT
serial=984CBA628FB471A4DD2F8EEC65730122

2022-11-09 00:46:39
subject=O = Argo CD
notBefore=Nov  8 23:40:54 2022 GMT
notAfter=Nov  8 23:40:54 2023 GMT
serial=984CBA628FB471A4DD2F8EEC65730122

2022-11-09 00:46:40
subject=O = Argo CD
notBefore=Nov  8 23:40:54 2022 GMT
notAfter=Nov  8 23:40:54 2023 GMT
serial=984CBA628FB471A4DD2F8EEC65730122

2022-11-09 00:46:41
subject=O = Argo CD
notBefore=Nov  8 23:40:54 2022 GMT
notAfter=Nov  8 23:40:54 2023 GMT
serial=984CBA628FB471A4DD2F8EEC65730122

2022-11-09 00:46:42
subject=O = Argo CD
notBefore=Nov  8 23:40:54 2022 GMT
notAfter=Nov  8 23:40:54 2023 GMT
serial=984CBA628FB471A4DD2F8EEC65730122

2022-11-09 00:46:43
subject=O = Argo CD
notBefore=Nov  8 23:40:54 2022 GMT
notAfter=Nov  8 23:40:54 2023 GMT
serial=984CBA628FB471A4DD2F8EEC65730122

2022-11-09 00:46:44
subject=O = Argo CD
notBefore=Nov  8 23:40:54 2022 GMT
notAfter=Nov  8 23:40:54 2023 GMT
serial=984CBA628FB471A4DD2F8EEC65730122

2022-11-09 00:46:45
subject=O = Argo CD
notBefore=Nov  8 23:40:54 2022 GMT
notAfter=Nov  8 23:40:54 2023 GMT
serial=984CBA628FB471A4DD2F8EEC65730122

2022-11-09 00:46:46
subject=O = Argo CD
notBefore=Nov  8 23:40:54 2022 GMT
notAfter=Nov  8 23:40:54 2023 GMT
serial=984CBA628FB471A4DD2F8EEC65730122

2022-11-09 00:46:47
subject=O = Argo CD
notBefore=Nov  8 23:40:54 2022 GMT
notAfter=Nov  8 23:40:54 2023 GMT
serial=984CBA628FB471A4DD2F8EEC65730122

2022-11-09 00:46:49
subject=O = Argo CD
notBefore=Nov  8 23:40:54 2022 GMT
notAfter=Nov  8 23:40:54 2023 GMT
serial=984CBA628FB471A4DD2F8EEC65730122

2022-11-09 00:46:50
subject=O = Argo CD
notBefore=Nov  8 23:40:54 2022 GMT
notAfter=Nov  8 23:40:54 2023 GMT
serial=984CBA628FB471A4DD2F8EEC65730122

2022-11-09 00:46:51
subject=C = NL, O = Argo CD Cert Test number 2, CN = localhost
notBefore=Nov  8 23:43:46 2022 GMT
notAfter=Nov 18 23:43:46 2022 GMT
serial=677B873D69800B52FF5013DA7E3CA8EFC84D5AD1

2022-11-09 00:46:52
subject=C = NL, O = Argo CD Cert Test number 2, CN = localhost
notBefore=Nov  8 23:43:46 2022 GMT
notAfter=Nov 18 23:43:46 2022 GMT
serial=677B873D69800B52FF5013DA7E3CA8EFC84D5AD1

2022-11-09 00:46:53
subject=C = NL, O = Argo CD Cert Test number 2, CN = localhost
notBefore=Nov  8 23:43:46 2022 GMT
notAfter=Nov 18 23:43:46 2022 GMT
serial=677B873D69800B52FF5013DA7E3CA8EFC84D5AD1

2022-11-09 00:46:54
subject=C = NL, O = Argo CD Cert Test number 2, CN = localhost
notBefore=Nov  8 23:43:46 2022 GMT
notAfter=Nov 18 23:43:46 2022 GMT
serial=677B873D69800B52FF5013DA7E3CA8EFC84D5AD1

2022-11-09 00:46:55
subject=C = NL, O = Argo CD Cert Test number 2, CN = localhost
notBefore=Nov  8 23:43:46 2022 GMT
notAfter=Nov 18 23:43:46 2022 GMT
serial=677B873D69800B52FF5013DA7E3CA8EFC84D5AD1

2022-11-09 00:46:56
subject=C = NL, O = Argo CD Cert Test number 2, CN = localhost
notBefore=Nov  8 23:43:46 2022 GMT
notAfter=Nov 18 23:43:46 2022 GMT
serial=677B873D69800B52FF5013DA7E3CA8EFC84D5AD1

2022-11-09 00:46:57
subject=C = NL, O = Argo CD Cert Test number 2, CN = localhost
notBefore=Nov  8 23:43:46 2022 GMT
notAfter=Nov 18 23:43:46 2022 GMT
serial=677B873D69800B52FF5013DA7E3CA8EFC84D5AD1

2022-11-09 00:46:58
subject=C = NL, O = Argo CD Cert Test number 2, CN = localhost
notBefore=Nov  8 23:43:46 2022 GMT
notAfter=Nov 18 23:43:46 2022 GMT
serial=677B873D69800B52FF5013DA7E3CA8EFC84D5AD1

2022-11-09 00:46:59
subject=C = NL, O = Argo CD Cert Test number 2, CN = localhost
notBefore=Nov  8 23:43:46 2022 GMT
notAfter=Nov 18 23:43:46 2022 GMT
serial=677B873D69800B52FF5013DA7E3CA8EFC84D5AD1

2022-11-09 00:47:00
subject=C = NL, O = Argo CD Cert Test number 2, CN = localhost
notBefore=Nov  8 23:43:46 2022 GMT
notAfter=Nov 18 23:43:46 2022 GMT
serial=677B873D69800B52FF5013DA7E3CA8EFC84D5AD1

2022-11-09 00:47:01
subject=C = NL, O = Argo CD Cert Test number 2, CN = localhost
notBefore=Nov  8 23:43:46 2022 GMT
notAfter=Nov 18 23:43:46 2022 GMT
serial=677B873D69800B52FF5013DA7E3CA8EFC84D5AD1

2022-11-09 00:47:02
subject=C = NL, O = Argo CD Cert Test number 1, CN = localhost
notBefore=Nov  8 23:42:45 2022 GMT
notAfter=Nov 18 23:42:45 2022 GMT
serial=0ECEE997C11F8143A676DBBBC50D9A1719FD228C

2022-11-09 00:47:03
subject=C = NL, O = Argo CD Cert Test number 1, CN = localhost
notBefore=Nov  8 23:42:45 2022 GMT
notAfter=Nov 18 23:42:45 2022 GMT
serial=0ECEE997C11F8143A676DBBBC50D9A1719FD228C

2022-11-09 00:47:04
subject=C = NL, O = Argo CD Cert Test number 1, CN = localhost
notBefore=Nov  8 23:42:45 2022 GMT
notAfter=Nov 18 23:42:45 2022 GMT
serial=0ECEE997C11F8143A676DBBBC50D9A1719FD228C

2022-11-09 00:47:05
subject=C = NL, O = Argo CD Cert Test number 3, CN = localhost
notBefore=Nov  8 23:44:46 2022 GMT
notAfter=Nov 18 23:44:46 2022 GMT
serial=3B76FE886CDA6AD7D7CE00FE4C709542D5E2F852

2022-11-09 00:47:06
subject=C = NL, O = Argo CD Cert Test number 3, CN = localhost
notBefore=Nov  8 23:44:46 2022 GMT
notAfter=Nov 18 23:44:46 2022 GMT
serial=3B76FE886CDA6AD7D7CE00FE4C709542D5E2F852

2022-11-09 00:47:07
subject=C = NL, O = Argo CD Cert Test number 3, CN = localhost
notBefore=Nov  8 23:44:46 2022 GMT
notAfter=Nov 18 23:44:46 2022 GMT
serial=3B76FE886CDA6AD7D7CE00FE4C709542D5E2F852

2022-11-09 00:47:08
subject=C = NL, O = Argo CD Cert Test number 3, CN = localhost
notBefore=Nov  8 23:44:46 2022 GMT
notAfter=Nov 18 23:44:46 2022 GMT
serial=3B76FE886CDA6AD7D7CE00FE4C709542D5E2F852

2022-11-09 00:47:09
subject=O = Argo CD
notBefore=Nov  8 23:40:54 2022 GMT
notAfter=Nov  8 23:40:54 2023 GMT
serial=984CBA628FB471A4DD2F8EEC65730122

2022-11-09 00:47:10
subject=O = Argo CD
notBefore=Nov  8 23:40:54 2022 GMT
notAfter=Nov  8 23:40:54 2023 GMT
serial=984CBA628FB471A4DD2F8EEC65730122

2022-11-09 00:47:11
subject=O = Argo CD
notBefore=Nov  8 23:40:54 2022 GMT
notAfter=Nov  8 23:40:54 2023 GMT
serial=984CBA628FB471A4DD2F8EEC65730122

2022-11-09 00:47:12
subject=O = Argo CD
notBefore=Nov  8 23:40:54 2022 GMT
notAfter=Nov  8 23:40:54 2023 GMT
serial=984CBA628FB471A4DD2F8EEC65730122

2022-11-09 00:47:14
subject=O = Argo CD
notBefore=Nov  8 23:40:54 2022 GMT
notAfter=Nov  8 23:40:54 2023 GMT
serial=984CBA628FB471A4DD2F8EEC65730122

2022-11-09 00:47:15
subject=O = Argo CD
notBefore=Nov  8 23:40:54 2022 GMT
notAfter=Nov  8 23:40:54 2023 GMT
serial=984CBA628FB471A4DD2F8EEC65730122

2022-11-09 00:47:16
subject=O = Argo CD
notBefore=Nov  8 23:40:54 2022 GMT
notAfter=Nov  8 23:40:54 2023 GMT
serial=984CBA628FB471A4DD2F8EEC65730122

2022-11-09 00:47:17
subject=O = Argo CD
notBefore=Nov  8 23:40:54 2022 GMT
notAfter=Nov  8 23:40:54 2023 GMT
serial=984CBA628FB471A4DD2F8EEC65730122

2022-11-09 00:47:18
subject=O = Argo CD
notBefore=Nov  8 23:40:54 2022 GMT
notAfter=Nov  8 23:40:54 2023 GMT
serial=984CBA628FB471A4DD2F8EEC65730122

2022-11-09 00:47:19
subject=O = Argo CD
notBefore=Nov  8 23:40:54 2022 GMT
notAfter=Nov  8 23:40:54 2023 GMT
serial=984CBA628FB471A4DD2F8EEC65730122

2022-11-09 00:47:20
subject=O = Argo CD
notBefore=Nov  8 23:40:54 2022 GMT
notAfter=Nov  8 23:40:54 2023 GMT
serial=984CBA628FB471A4DD2F8EEC65730122

2022-11-09 00:47:21
subject=O = Argo CD
notBefore=Nov  8 23:40:54 2022 GMT
notAfter=Nov  8 23:40:54 2023 GMT
serial=984CBA628FB471A4DD2F8EEC65730122

2022-11-09 00:47:22
subject=O = Argo CD
notBefore=Nov  8 23:40:54 2022 GMT
notAfter=Nov  8 23:40:54 2023 GMT
serial=984CBA628FB471A4DD2F8EEC65730122

2022-11-09 00:47:23
subject=O = Argo CD
notBefore=Nov  8 23:40:54 2022 GMT
notAfter=Nov  8 23:40:54 2023 GMT
serial=984CBA628FB471A4DD2F8EEC65730122

2022-11-09 00:47:24
subject=O = Argo CD
notBefore=Nov  8 23:40:54 2022 GMT
notAfter=Nov  8 23:40:54 2023 GMT
serial=984CBA628FB471A4DD2F8EEC65730122

2022-11-09 00:47:25
subject=O = Argo CD
notBefore=Nov  8 23:40:54 2022 GMT
notAfter=Nov  8 23:40:54 2023 GMT
serial=984CBA628FB471A4DD2F8EEC65730122

2022-11-09 00:47:26
subject=O = Argo CD
notBefore=Nov  8 23:40:54 2022 GMT
notAfter=Nov  8 23:40:54 2023 GMT
serial=984CBA628FB471A4DD2F8EEC65730122

2022-11-09 00:47:27
subject=O = Argo CD
notBefore=Nov  8 23:40:54 2022 GMT
notAfter=Nov  8 23:40:54 2023 GMT
serial=984CBA628FB471A4DD2F8EEC65730122

2022-11-09 00:47:28
subject=O = Argo CD
notBefore=Nov  8 23:40:54 2022 GMT
notAfter=Nov  8 23:40:54 2023 GMT
serial=984CBA628FB471A4DD2F8EEC65730122

2022-11-09 00:47:29
subject=O = Argo CD
notBefore=Nov  8 23:40:54 2022 GMT
notAfter=Nov  8 23:40:54 2023 GMT
serial=984CBA628FB471A4DD2F8EEC65730122

2022-11-09 00:47:30
subject=O = Argo CD
notBefore=Nov  8 23:40:54 2022 GMT
notAfter=Nov  8 23:40:54 2023 GMT
serial=984CBA628FB471A4DD2F8EEC65730122

2022-11-09 00:47:31
subject=O = Argo CD
notBefore=Nov  8 23:40:54 2022 GMT
notAfter=Nov  8 23:40:54 2023 GMT
serial=984CBA628FB471A4DD2F8EEC65730122

2022-11-09 00:47:32
subject=O = Argo CD
notBefore=Nov  8 23:40:54 2022 GMT
notAfter=Nov  8 23:40:54 2023 GMT
serial=984CBA628FB471A4DD2F8EEC65730122

2022-11-09 00:47:33
subject=O = Argo CD
notBefore=Nov  8 23:40:54 2022 GMT
notAfter=Nov  8 23:40:54 2023 GMT
serial=984CBA628FB471A4DD2F8EEC65730122

2022-11-09 00:47:34
subject=O = Argo CD
notBefore=Nov  8 23:40:54 2022 GMT
notAfter=Nov  8 23:40:54 2023 GMT
serial=984CBA628FB471A4DD2F8EEC65730122

2022-11-09 00:47:35
subject=C = NL, O = Argo CD Cert Test number 1, CN = localhost
notBefore=Nov  8 23:42:45 2022 GMT
notAfter=Nov 18 23:42:45 2022 GMT
serial=0ECEE997C11F8143A676DBBBC50D9A1719FD228C

2022-11-09 00:47:36
subject=C = NL, O = Argo CD Cert Test number 1, CN = localhost
notBefore=Nov  8 23:42:45 2022 GMT
notAfter=Nov 18 23:42:45 2022 GMT
serial=0ECEE997C11F8143A676DBBBC50D9A1719FD228C

2022-11-09 00:47:37
subject=C = NL, O = Argo CD Cert Test number 1, CN = localhost
notBefore=Nov  8 23:42:45 2022 GMT
notAfter=Nov 18 23:42:45 2022 GMT
serial=0ECEE997C11F8143A676DBBBC50D9A1719FD228C

2022-11-09 00:47:39
subject=C = NL, O = Argo CD Cert Test number 1, CN = localhost
notBefore=Nov  8 23:42:45 2022 GMT
notAfter=Nov 18 23:42:45 2022 GMT
serial=0ECEE997C11F8143A676DBBBC50D9A1719FD228C

2022-11-09 00:47:40
subject=C = NL, O = Argo CD Cert Test number 1, CN = localhost
notBefore=Nov  8 23:42:45 2022 GMT
notAfter=Nov 18 23:42:45 2022 GMT
serial=0ECEE997C11F8143A676DBBBC50D9A1719FD228C

2022-11-09 00:47:41
subject=C = NL, O = Argo CD Cert Test number 1, CN = localhost
notBefore=Nov  8 23:42:45 2022 GMT
notAfter=Nov 18 23:42:45 2022 GMT
serial=0ECEE997C11F8143A676DBBBC50D9A1719FD228C

2022-11-09 00:47:42
subject=C = NL, O = Argo CD Cert Test number 1, CN = localhost
notBefore=Nov  8 23:42:45 2022 GMT
notAfter=Nov 18 23:42:45 2022 GMT
serial=0ECEE997C11F8143A676DBBBC50D9A1719FD228C

2022-11-09 00:47:43
subject=C = NL, O = Argo CD Cert Test number 1, CN = localhost
notBefore=Nov  8 23:42:45 2022 GMT
notAfter=Nov 18 23:42:45 2022 GMT
serial=0ECEE997C11F8143A676DBBBC50D9A1719FD228C

2022-11-09 00:47:44
subject=C = NL, O = Argo CD Cert Test number 1, CN = localhost
notBefore=Nov  8 23:42:45 2022 GMT
notAfter=Nov 18 23:42:45 2022 GMT
serial=0ECEE997C11F8143A676DBBBC50D9A1719FD228C

2022-11-09 00:47:45
subject=C = NL, O = Argo CD Cert Test number 1, CN = localhost
notBefore=Nov  8 23:42:45 2022 GMT
notAfter=Nov 18 23:42:45 2022 GMT
serial=0ECEE997C11F8143A676DBBBC50D9A1719FD228C

2022-11-09 00:47:46
subject=C = NL, O = Argo CD Cert Test number 1, CN = localhost
notBefore=Nov  8 23:42:45 2022 GMT
notAfter=Nov 18 23:42:45 2022 GMT
serial=0ECEE997C11F8143A676DBBBC50D9A1719FD228C

2022-11-09 00:47:47
subject=C = NL, O = Argo CD Cert Test number 1, CN = localhost
notBefore=Nov  8 23:42:45 2022 GMT
notAfter=Nov 18 23:42:45 2022 GMT
serial=0ECEE997C11F8143A676DBBBC50D9A1719FD228C

2022-11-09 00:47:48
subject=C = NL, O = Argo CD Cert Test number 1, CN = localhost
notBefore=Nov  8 23:42:45 2022 GMT
notAfter=Nov 18 23:42:45 2022 GMT
serial=0ECEE997C11F8143A676DBBBC50D9A1719FD228C

2022-11-09 00:47:49
subject=C = NL, O = Argo CD Cert Test number 1, CN = localhost
notBefore=Nov  8 23:42:45 2022 GMT
notAfter=Nov 18 23:42:45 2022 GMT
serial=0ECEE997C11F8143A676DBBBC50D9A1719FD228C

2022-11-09 00:47:50
subject=O = Argo CD
notBefore=Nov  8 23:40:54 2022 GMT
notAfter=Nov  8 23:40:54 2023 GMT
serial=984CBA628FB471A4DD2F8EEC65730122

2022-11-09 00:47:51
subject=O = Argo CD
notBefore=Nov  8 23:40:54 2022 GMT
notAfter=Nov  8 23:40:54 2023 GMT
serial=984CBA628FB471A4DD2F8EEC65730122

2022-11-09 00:47:52
subject=O = Argo CD
notBefore=Nov  8 23:40:54 2022 GMT
notAfter=Nov  8 23:40:54 2023 GMT
serial=984CBA628FB471A4DD2F8EEC65730122

2022-11-09 00:47:53
subject=O = Argo CD
notBefore=Nov  8 23:40:54 2022 GMT
notAfter=Nov  8 23:40:54 2023 GMT
serial=984CBA628FB471A4DD2F8EEC65730122

2022-11-09 00:47:54
subject=O = Argo CD
notBefore=Nov  8 23:40:54 2022 GMT
notAfter=Nov  8 23:40:54 2023 GMT
serial=984CBA628FB471A4DD2F8EEC65730122

2022-11-09 00:47:55
subject=O = Argo CD
notBefore=Nov  8 23:40:54 2022 GMT
notAfter=Nov  8 23:40:54 2023 GMT
serial=984CBA628FB471A4DD2F8EEC65730122

2022-11-09 00:47:56
subject=O = Argo CD
notBefore=Nov  8 23:40:54 2022 GMT
notAfter=Nov  8 23:40:54 2023 GMT
serial=984CBA628FB471A4DD2F8EEC65730122

2022-11-09 00:47:57
subject=O = Argo CD
notBefore=Nov  8 23:40:54 2022 GMT
notAfter=Nov  8 23:40:54 2023 GMT
serial=984CBA628FB471A4DD2F8EEC65730122

2022-11-09 00:47:58
subject=O = Argo CD
notBefore=Nov  8 23:40:54 2022 GMT
notAfter=Nov  8 23:40:54 2023 GMT
serial=984CBA628FB471A4DD2F8EEC65730122

2022-11-09 00:47:59
subject=O = Argo CD
notBefore=Nov  8 23:40:54 2022 GMT
notAfter=Nov  8 23:40:54 2023 GMT
serial=984CBA628FB471A4DD2F8EEC65730122

2022-11-09 00:48:00
subject=O = Argo CD
notBefore=Nov  8 23:40:54 2022 GMT
notAfter=Nov  8 23:40:54 2023 GMT
serial=984CBA628FB471A4DD2F8EEC65730122

2022-11-09 00:48:01
subject=O = Argo CD
notBefore=Nov  8 23:40:54 2022 GMT
notAfter=Nov  8 23:40:54 2023 GMT
serial=984CBA628FB471A4DD2F8EEC65730122

2022-11-09 00:48:03
subject=O = Argo CD
notBefore=Nov  8 23:40:54 2022 GMT
notAfter=Nov  8 23:40:54 2023 GMT
serial=984CBA628FB471A4DD2F8EEC65730122

2022-11-09 00:48:04
subject=O = Argo CD
notBefore=Nov  8 23:40:54 2022 GMT
notAfter=Nov  8 23:40:54 2023 GMT
serial=984CBA628FB471A4DD2F8EEC65730122

2022-11-09 00:48:05
subject=O = Argo CD
notBefore=Nov  8 23:40:54 2022 GMT
notAfter=Nov  8 23:40:54 2023 GMT
serial=984CBA628FB471A4DD2F8EEC65730122

2022-11-09 00:48:06
subject=O = Argo CD
notBefore=Nov  8 23:40:54 2022 GMT
notAfter=Nov  8 23:40:54 2023 GMT
serial=984CBA628FB471A4DD2F8EEC65730122

2022-11-09 00:48:07
subject=O = Argo CD
notBefore=Nov  8 23:40:54 2022 GMT
notAfter=Nov  8 23:40:54 2023 GMT
serial=984CBA628FB471A4DD2F8EEC65730122

2022-11-09 00:48:08
subject=O = Argo CD
notBefore=Nov  8 23:40:54 2022 GMT
notAfter=Nov  8 23:40:54 2023 GMT
serial=984CBA628FB471A4DD2F8EEC65730122

2022-11-09 00:48:09
subject=O = Argo CD
notBefore=Nov  8 23:40:54 2022 GMT
notAfter=Nov  8 23:40:54 2023 GMT
serial=984CBA628FB471A4DD2F8EEC65730122

2022-11-09 00:48:10
subject=O = Argo CD
notBefore=Nov  8 23:40:54 2022 GMT
notAfter=Nov  8 23:40:54 2023 GMT
serial=984CBA628FB471A4DD2F8EEC65730122

2022-11-09 00:48:11
subject=O = Argo CD
notBefore=Nov  8 23:40:54 2022 GMT
notAfter=Nov  8 23:40:54 2023 GMT
serial=984CBA628FB471A4DD2F8EEC65730122

2022-11-09 00:48:12
subject=O = Argo CD
notBefore=Nov  8 23:40:54 2022 GMT
notAfter=Nov  8 23:40:54 2023 GMT
serial=984CBA628FB471A4DD2F8EEC65730122

2022-11-09 00:48:13
subject=O = Argo CD
notBefore=Nov  8 23:40:54 2022 GMT
notAfter=Nov  8 23:40:54 2023 GMT
serial=984CBA628FB471A4DD2F8EEC65730122

2022-11-09 00:48:14
subject=O = Argo CD
notBefore=Nov  8 23:40:54 2022 GMT
notAfter=Nov  8 23:40:54 2023 GMT
serial=984CBA628FB471A4DD2F8EEC65730122

2022-11-09 00:48:15
subject=O = Argo CD
notBefore=Nov  8 23:40:54 2022 GMT
notAfter=Nov  8 23:40:54 2023 GMT
serial=984CBA628FB471A4DD2F8EEC65730122

2022-11-09 00:48:16
subject=C = NL, O = Argo CD Cert Test number 4, CN = localhost
notBefore=Nov  8 23:45:46 2022 GMT
notAfter=Nov 18 23:45:46 2022 GMT
serial=50ECB9A0F5A80321895AA4ED3B4E119E3D87C3D3

2022-11-09 00:48:17
subject=C = NL, O = Argo CD Cert Test number 4, CN = localhost
notBefore=Nov  8 23:45:46 2022 GMT
notAfter=Nov 18 23:45:46 2022 GMT
serial=50ECB9A0F5A80321895AA4ED3B4E119E3D87C3D3

2022-11-09 00:48:18
subject=C = NL, O = Argo CD Cert Test number 4, CN = localhost
notBefore=Nov  8 23:45:46 2022 GMT
notAfter=Nov 18 23:45:46 2022 GMT
serial=50ECB9A0F5A80321895AA4ED3B4E119E3D87C3D3

2022-11-09 00:48:19
subject=C = NL, O = Argo CD Cert Test number 4, CN = localhost
notBefore=Nov  8 23:45:46 2022 GMT
notAfter=Nov 18 23:45:46 2022 GMT
serial=50ECB9A0F5A80321895AA4ED3B4E119E3D87C3D3

2022-11-09 00:48:20
subject=C = NL, O = Argo CD Cert Test number 4, CN = localhost
notBefore=Nov  8 23:45:46 2022 GMT
notAfter=Nov 18 23:45:46 2022 GMT
serial=50ECB9A0F5A80321895AA4ED3B4E119E3D87C3D3

2022-11-09 00:48:21
subject=C = NL, O = Argo CD Cert Test number 4, CN = localhost
notBefore=Nov  8 23:45:46 2022 GMT
notAfter=Nov 18 23:45:46 2022 GMT
serial=50ECB9A0F5A80321895AA4ED3B4E119E3D87C3D3

2022-11-09 00:48:22
subject=C = NL, O = Argo CD Cert Test number 4, CN = localhost
notBefore=Nov  8 23:45:46 2022 GMT
notAfter=Nov 18 23:45:46 2022 GMT
serial=50ECB9A0F5A80321895AA4ED3B4E119E3D87C3D3

2022-11-09 00:48:23
subject=C = NL, O = Argo CD Cert Test number 4, CN = localhost
notBefore=Nov  8 23:45:46 2022 GMT
notAfter=Nov 18 23:45:46 2022 GMT
serial=50ECB9A0F5A80321895AA4ED3B4E119E3D87C3D3

2022-11-09 00:48:24
subject=C = NL, O = Argo CD Cert Test number 4, CN = localhost
notBefore=Nov  8 23:45:46 2022 GMT
notAfter=Nov 18 23:45:46 2022 GMT
serial=50ECB9A0F5A80321895AA4ED3B4E119E3D87C3D3

2022-11-09 00:48:25
subject=C = NL, O = Argo CD Cert Test number 4, CN = localhost
notBefore=Nov  8 23:45:46 2022 GMT
notAfter=Nov 18 23:45:46 2022 GMT
serial=50ECB9A0F5A80321895AA4ED3B4E119E3D87C3D3

2022-11-09 00:48:27
subject=C = NL, O = Argo CD Cert Test number 4, CN = localhost
notBefore=Nov  8 23:45:46 2022 GMT
notAfter=Nov 18 23:45:46 2022 GMT
serial=50ECB9A0F5A80321895AA4ED3B4E119E3D87C3D3

2022-11-09 00:48:28
subject=C = NL, O = Argo CD Cert Test number 4, CN = localhost
notBefore=Nov  8 23:45:46 2022 GMT
notAfter=Nov 18 23:45:46 2022 GMT
serial=50ECB9A0F5A80321895AA4ED3B4E119E3D87C3D3

2022-11-09 00:48:29
subject=C = NL, O = Argo CD Cert Test number 4, CN = localhost
notBefore=Nov  8 23:45:46 2022 GMT
notAfter=Nov 18 23:45:46 2022 GMT
serial=50ECB9A0F5A80321895AA4ED3B4E119E3D87C3D3

2022-11-09 00:48:30
subject=C = NL, O = Argo CD Cert Test number 4, CN = localhost
notBefore=Nov  8 23:45:46 2022 GMT
notAfter=Nov 18 23:45:46 2022 GMT
serial=50ECB9A0F5A80321895AA4ED3B4E119E3D87C3D3

2022-11-09 00:48:31
subject=C = NL, O = Argo CD Cert Test number 4, CN = localhost
notBefore=Nov  8 23:45:46 2022 GMT
notAfter=Nov 18 23:45:46 2022 GMT
serial=50ECB9A0F5A80321895AA4ED3B4E119E3D87C3D3

2022-11-09 00:48:32
subject=C = NL, O = Argo CD Cert Test number 4, CN = localhost
notBefore=Nov  8 23:45:46 2022 GMT
notAfter=Nov 18 23:45:46 2022 GMT
serial=50ECB9A0F5A80321895AA4ED3B4E119E3D87C3D3

2022-11-09 00:48:33
subject=C = NL, O = Argo CD Cert Test number 4, CN = localhost
notBefore=Nov  8 23:45:46 2022 GMT
notAfter=Nov 18 23:45:46 2022 GMT
serial=50ECB9A0F5A80321895AA4ED3B4E119E3D87C3D3

2022-11-09 00:48:34
subject=C = NL, O = Argo CD Cert Test number 4, CN = localhost
notBefore=Nov  8 23:45:46 2022 GMT
notAfter=Nov 18 23:45:46 2022 GMT
serial=50ECB9A0F5A80321895AA4ED3B4E119E3D87C3D3

2022-11-09 00:48:35
subject=C = NL, O = Argo CD Cert Test number 2, CN = localhost
notBefore=Nov  8 23:43:46 2022 GMT
notAfter=Nov 18 23:43:46 2022 GMT
serial=677B873D69800B52FF5013DA7E3CA8EFC84D5AD1

2022-11-09 00:48:36
subject=C = NL, O = Argo CD Cert Test number 2, CN = localhost
notBefore=Nov  8 23:43:46 2022 GMT
notAfter=Nov 18 23:43:46 2022 GMT
serial=677B873D69800B52FF5013DA7E3CA8EFC84D5AD1

2022-11-09 00:48:37
subject=C = NL, O = Argo CD Cert Test number 2, CN = localhost
notBefore=Nov  8 23:43:46 2022 GMT
notAfter=Nov 18 23:43:46 2022 GMT
serial=677B873D69800B52FF5013DA7E3CA8EFC84D5AD1

2022-11-09 00:48:38
subject=C = NL, O = Argo CD Cert Test number 2, CN = localhost
notBefore=Nov  8 23:43:46 2022 GMT
notAfter=Nov 18 23:43:46 2022 GMT
serial=677B873D69800B52FF5013DA7E3CA8EFC84D5AD1

2022-11-09 00:48:39
subject=C = NL, O = Argo CD Cert Test number 2, CN = localhost
notBefore=Nov  8 23:43:46 2022 GMT
notAfter=Nov 18 23:43:46 2022 GMT
serial=677B873D69800B52FF5013DA7E3CA8EFC84D5AD1

2022-11-09 00:48:40
subject=C = NL, O = Argo CD Cert Test number 2, CN = localhost
notBefore=Nov  8 23:43:46 2022 GMT
notAfter=Nov 18 23:43:46 2022 GMT
serial=677B873D69800B52FF5013DA7E3CA8EFC84D5AD1

2022-11-09 00:48:41
subject=C = NL, O = Argo CD Cert Test number 2, CN = localhost
notBefore=Nov  8 23:43:46 2022 GMT
notAfter=Nov 18 23:43:46 2022 GMT
serial=677B873D69800B52FF5013DA7E3CA8EFC84D5AD1

2022-11-09 00:48:42
subject=C = NL, O = Argo CD Cert Test number 2, CN = localhost
notBefore=Nov  8 23:43:46 2022 GMT
notAfter=Nov 18 23:43:46 2022 GMT
serial=677B873D69800B52FF5013DA7E3CA8EFC84D5AD1

2022-11-09 00:48:43
subject=C = NL, O = Argo CD Cert Test number 2, CN = localhost
notBefore=Nov  8 23:43:46 2022 GMT
notAfter=Nov 18 23:43:46 2022 GMT
serial=677B873D69800B52FF5013DA7E3CA8EFC84D5AD1

2022-11-09 00:48:44
subject=C = NL, O = Argo CD Cert Test number 2, CN = localhost
notBefore=Nov  8 23:43:46 2022 GMT
notAfter=Nov 18 23:43:46 2022 GMT
serial=677B873D69800B52FF5013DA7E3CA8EFC84D5AD1

2022-11-09 00:48:45
subject=C = NL, O = Argo CD Cert Test number 2, CN = localhost
notBefore=Nov  8 23:43:46 2022 GMT
notAfter=Nov 18 23:43:46 2022 GMT
serial=677B873D69800B52FF5013DA7E3CA8EFC84D5AD1

2022-11-09 00:48:46
subject=C = NL, O = Argo CD Cert Test number 2, CN = localhost
notBefore=Nov  8 23:43:46 2022 GMT
notAfter=Nov 18 23:43:46 2022 GMT
serial=677B873D69800B52FF5013DA7E3CA8EFC84D5AD1

2022-11-09 00:48:47
subject=C = NL, O = Argo CD Cert Test number 2, CN = localhost
notBefore=Nov  8 23:43:46 2022 GMT
notAfter=Nov 18 23:43:46 2022 GMT
serial=677B873D69800B52FF5013DA7E3CA8EFC84D5AD1

2022-11-09 00:48:48
subject=C = NL, O = Argo CD Cert Test number 2, CN = localhost
notBefore=Nov  8 23:43:46 2022 GMT
notAfter=Nov 18 23:43:46 2022 GMT
serial=677B873D69800B52FF5013DA7E3CA8EFC84D5AD1

2022-11-09 00:48:49
subject=C = NL, O = Argo CD Cert Test number 2, CN = localhost
notBefore=Nov  8 23:43:46 2022 GMT
notAfter=Nov 18 23:43:46 2022 GMT
serial=677B873D69800B52FF5013DA7E3CA8EFC84D5AD1

2022-11-09 00:48:50
subject=C = NL, O = Argo CD Cert Test number 2, CN = localhost
notBefore=Nov  8 23:43:46 2022 GMT
notAfter=Nov 18 23:43:46 2022 GMT
serial=677B873D69800B52FF5013DA7E3CA8EFC84D5AD1

2022-11-09 00:48:52
subject=C = NL, O = Argo CD Cert Test number 2, CN = localhost
notBefore=Nov  8 23:43:46 2022 GMT
notAfter=Nov 18 23:43:46 2022 GMT
serial=677B873D69800B52FF5013DA7E3CA8EFC84D5AD1

2022-11-09 00:48:53
subject=C = NL, O = Argo CD Cert Test number 2, CN = localhost
notBefore=Nov  8 23:43:46 2022 GMT
notAfter=Nov 18 23:43:46 2022 GMT
serial=677B873D69800B52FF5013DA7E3CA8EFC84D5AD1

2022-11-09 00:48:54
subject=C = NL, O = Argo CD Cert Test number 2, CN = localhost
notBefore=Nov  8 23:43:46 2022 GMT
notAfter=Nov 18 23:43:46 2022 GMT
serial=677B873D69800B52FF5013DA7E3CA8EFC84D5AD1

2022-11-09 00:48:55
subject=C = NL, O = Argo CD Cert Test number 2, CN = localhost
notBefore=Nov  8 23:43:46 2022 GMT
notAfter=Nov 18 23:43:46 2022 GMT
serial=677B873D69800B52FF5013DA7E3CA8EFC84D5AD1

2022-11-09 00:48:56
subject=C = NL, O = Argo CD Cert Test number 2, CN = localhost
notBefore=Nov  8 23:43:46 2022 GMT
notAfter=Nov 18 23:43:46 2022 GMT
serial=677B873D69800B52FF5013DA7E3CA8EFC84D5AD1

2022-11-09 00:48:57
subject=C = NL, O = Argo CD Cert Test number 3, CN = localhost
notBefore=Nov  8 23:44:46 2022 GMT
notAfter=Nov 18 23:44:46 2022 GMT
serial=3B76FE886CDA6AD7D7CE00FE4C709542D5E2F852

2022-11-09 00:48:58
subject=C = NL, O = Argo CD Cert Test number 3, CN = localhost
notBefore=Nov  8 23:44:46 2022 GMT
notAfter=Nov 18 23:44:46 2022 GMT
serial=3B76FE886CDA6AD7D7CE00FE4C709542D5E2F852

2022-11-09 00:48:59
subject=C = NL, O = Argo CD Cert Test number 5, CN = localhost
notBefore=Nov  8 23:46:47 2022 GMT
notAfter=Nov 18 23:46:47 2022 GMT
serial=1C64C0BA7B3DB532556238336CA81BAE4E88CA44

2022-11-09 00:49:00
subject=C = NL, O = Argo CD Cert Test number 5, CN = localhost
notBefore=Nov  8 23:46:47 2022 GMT
notAfter=Nov 18 23:46:47 2022 GMT
serial=1C64C0BA7B3DB532556238336CA81BAE4E88CA44

2022-11-09 00:49:01
subject=C = NL, O = Argo CD Cert Test number 5, CN = localhost
notBefore=Nov  8 23:46:47 2022 GMT
notAfter=Nov 18 23:46:47 2022 GMT
serial=1C64C0BA7B3DB532556238336CA81BAE4E88CA44

2022-11-09 00:49:02
subject=C = NL, O = Argo CD Cert Test number 5, CN = localhost
notBefore=Nov  8 23:46:47 2022 GMT
notAfter=Nov 18 23:46:47 2022 GMT
serial=1C64C0BA7B3DB532556238336CA81BAE4E88CA44

2022-11-09 00:49:03
subject=O = Argo CD
notBefore=Nov  8 23:40:54 2022 GMT
notAfter=Nov  8 23:40:54 2023 GMT
serial=984CBA628FB471A4DD2F8EEC65730122

2022-11-09 00:49:04
subject=O = Argo CD
notBefore=Nov  8 23:40:54 2022 GMT
notAfter=Nov  8 23:40:54 2023 GMT
serial=984CBA628FB471A4DD2F8EEC65730122

2022-11-09 00:49:05
subject=C = NL, O = Argo CD Cert Test number 2, CN = localhost
notBefore=Nov  8 23:43:46 2022 GMT
notAfter=Nov 18 23:43:46 2022 GMT
serial=677B873D69800B52FF5013DA7E3CA8EFC84D5AD1

2022-11-09 00:49:06
subject=C = NL, O = Argo CD Cert Test number 2, CN = localhost
notBefore=Nov  8 23:43:46 2022 GMT
notAfter=Nov 18 23:43:46 2022 GMT
serial=677B873D69800B52FF5013DA7E3CA8EFC84D5AD1

2022-11-09 00:49:07
subject=C = NL, O = Argo CD Cert Test number 2, CN = localhost
notBefore=Nov  8 23:43:46 2022 GMT
notAfter=Nov 18 23:43:46 2022 GMT
serial=677B873D69800B52FF5013DA7E3CA8EFC84D5AD1

2022-11-09 00:49:08
subject=C = NL, O = Argo CD Cert Test number 2, CN = localhost
notBefore=Nov  8 23:43:46 2022 GMT
notAfter=Nov 18 23:43:46 2022 GMT
serial=677B873D69800B52FF5013DA7E3CA8EFC84D5AD1

