2022-11-09 00:27:55
subject=O = Argo CD
notBefore=Nov  8 23:26:58 2022 GMT
notAfter=Nov  8 23:26:58 2023 GMT
serial=1DBFDDACA726C50E3DD2AD58619D09C8

2022-11-09 00:27:56
subject=O = Argo CD
notBefore=Nov  8 23:26:58 2022 GMT
notAfter=Nov  8 23:26:58 2023 GMT
serial=1DBFDDACA726C50E3DD2AD58619D09C8

2022-11-09 00:27:57
subject=O = Argo CD
notBefore=Nov  8 23:26:58 2022 GMT
notAfter=Nov  8 23:26:58 2023 GMT
serial=1DBFDDACA726C50E3DD2AD58619D09C8

2022-11-09 00:27:58
subject=O = Argo CD
notBefore=Nov  8 23:26:58 2022 GMT
notAfter=Nov  8 23:26:58 2023 GMT
serial=1DBFDDACA726C50E3DD2AD58619D09C8

2022-11-09 00:27:59
subject=O = Argo CD
notBefore=Nov  8 23:26:58 2022 GMT
notAfter=Nov  8 23:26:58 2023 GMT
serial=1DBFDDACA726C50E3DD2AD58619D09C8

2022-11-09 00:28:00
subject=O = Argo CD
notBefore=Nov  8 23:26:58 2022 GMT
notAfter=Nov  8 23:26:58 2023 GMT
serial=1DBFDDACA726C50E3DD2AD58619D09C8

2022-11-09 00:28:01
subject=O = Argo CD
notBefore=Nov  8 23:26:58 2022 GMT
notAfter=Nov  8 23:26:58 2023 GMT
serial=1DBFDDACA726C50E3DD2AD58619D09C8

2022-11-09 00:28:02
subject=O = Argo CD
notBefore=Nov  8 23:26:58 2022 GMT
notAfter=Nov  8 23:26:58 2023 GMT
serial=1DBFDDACA726C50E3DD2AD58619D09C8

2022-11-09 00:28:03
subject=O = Argo CD
notBefore=Nov  8 23:26:58 2022 GMT
notAfter=Nov  8 23:26:58 2023 GMT
serial=1DBFDDACA726C50E3DD2AD58619D09C8

2022-11-09 00:28:04
subject=O = Argo CD
notBefore=Nov  8 23:26:58 2022 GMT
notAfter=Nov  8 23:26:58 2023 GMT
serial=1DBFDDACA726C50E3DD2AD58619D09C8

2022-11-09 00:28:05
subject=O = Argo CD
notBefore=Nov  8 23:26:58 2022 GMT
notAfter=Nov  8 23:26:58 2023 GMT
serial=1DBFDDACA726C50E3DD2AD58619D09C8

2022-11-09 00:28:06
subject=O = Argo CD
notBefore=Nov  8 23:26:58 2022 GMT
notAfter=Nov  8 23:26:58 2023 GMT
serial=1DBFDDACA726C50E3DD2AD58619D09C8

2022-11-09 00:28:07
subject=O = Argo CD
notBefore=Nov  8 23:26:58 2022 GMT
notAfter=Nov  8 23:26:58 2023 GMT
serial=1DBFDDACA726C50E3DD2AD58619D09C8

2022-11-09 00:28:08
subject=O = Argo CD
notBefore=Nov  8 23:26:58 2022 GMT
notAfter=Nov  8 23:26:58 2023 GMT
serial=1DBFDDACA726C50E3DD2AD58619D09C8

2022-11-09 00:28:09
subject=O = Argo CD
notBefore=Nov  8 23:26:58 2022 GMT
notAfter=Nov  8 23:26:58 2023 GMT
serial=1DBFDDACA726C50E3DD2AD58619D09C8

2022-11-09 00:28:10
subject=O = Argo CD
notBefore=Nov  8 23:26:58 2022 GMT
notAfter=Nov  8 23:26:58 2023 GMT
serial=1DBFDDACA726C50E3DD2AD58619D09C8

2022-11-09 00:28:11
subject=O = Argo CD
notBefore=Nov  8 23:26:58 2022 GMT
notAfter=Nov  8 23:26:58 2023 GMT
serial=1DBFDDACA726C50E3DD2AD58619D09C8

2022-11-09 00:28:12
subject=O = Argo CD
notBefore=Nov  8 23:26:58 2022 GMT
notAfter=Nov  8 23:26:58 2023 GMT
serial=1DBFDDACA726C50E3DD2AD58619D09C8

2022-11-09 00:28:13
subject=O = Argo CD
notBefore=Nov  8 23:26:58 2022 GMT
notAfter=Nov  8 23:26:58 2023 GMT
serial=1DBFDDACA726C50E3DD2AD58619D09C8

2022-11-09 00:28:14
subject=O = Argo CD
notBefore=Nov  8 23:26:58 2022 GMT
notAfter=Nov  8 23:26:58 2023 GMT
serial=1DBFDDACA726C50E3DD2AD58619D09C8

2022-11-09 00:28:15
subject=O = Argo CD
notBefore=Nov  8 23:26:58 2022 GMT
notAfter=Nov  8 23:26:58 2023 GMT
serial=1DBFDDACA726C50E3DD2AD58619D09C8

2022-11-09 00:28:16
subject=O = Argo CD
notBefore=Nov  8 23:26:58 2022 GMT
notAfter=Nov  8 23:26:58 2023 GMT
serial=1DBFDDACA726C50E3DD2AD58619D09C8

2022-11-09 00:28:17
subject=O = Argo CD
notBefore=Nov  8 23:26:58 2022 GMT
notAfter=Nov  8 23:26:58 2023 GMT
serial=1DBFDDACA726C50E3DD2AD58619D09C8

2022-11-09 00:28:18
subject=O = Argo CD
notBefore=Nov  8 23:26:58 2022 GMT
notAfter=Nov  8 23:26:58 2023 GMT
serial=1DBFDDACA726C50E3DD2AD58619D09C8

2022-11-09 00:28:19
subject=O = Argo CD
notBefore=Nov  8 23:26:58 2022 GMT
notAfter=Nov  8 23:26:58 2023 GMT
serial=1DBFDDACA726C50E3DD2AD58619D09C8

2022-11-09 00:28:20
subject=O = Argo CD
notBefore=Nov  8 23:26:58 2022 GMT
notAfter=Nov  8 23:26:58 2023 GMT
serial=1DBFDDACA726C50E3DD2AD58619D09C8

2022-11-09 00:28:22
subject=O = Argo CD
notBefore=Nov  8 23:26:58 2022 GMT
notAfter=Nov  8 23:26:58 2023 GMT
serial=1DBFDDACA726C50E3DD2AD58619D09C8

2022-11-09 00:28:23
subject=O = Argo CD
notBefore=Nov  8 23:26:58 2022 GMT
notAfter=Nov  8 23:26:58 2023 GMT
serial=1DBFDDACA726C50E3DD2AD58619D09C8

2022-11-09 00:28:24
subject=O = Argo CD
notBefore=Nov  8 23:26:58 2022 GMT
notAfter=Nov  8 23:26:58 2023 GMT
serial=1DBFDDACA726C50E3DD2AD58619D09C8

2022-11-09 00:28:25
subject=O = Argo CD
notBefore=Nov  8 23:26:58 2022 GMT
notAfter=Nov  8 23:26:58 2023 GMT
serial=1DBFDDACA726C50E3DD2AD58619D09C8

2022-11-09 00:28:26
subject=O = Argo CD
notBefore=Nov  8 23:26:58 2022 GMT
notAfter=Nov  8 23:26:58 2023 GMT
serial=1DBFDDACA726C50E3DD2AD58619D09C8

2022-11-09 00:28:27
subject=O = Argo CD
notBefore=Nov  8 23:26:58 2022 GMT
notAfter=Nov  8 23:26:58 2023 GMT
serial=1DBFDDACA726C50E3DD2AD58619D09C8

2022-11-09 00:28:28
subject=O = Argo CD
notBefore=Nov  8 23:26:58 2022 GMT
notAfter=Nov  8 23:26:58 2023 GMT
serial=1DBFDDACA726C50E3DD2AD58619D09C8

2022-11-09 00:28:29
subject=O = Argo CD
notBefore=Nov  8 23:26:58 2022 GMT
notAfter=Nov  8 23:26:58 2023 GMT
serial=1DBFDDACA726C50E3DD2AD58619D09C8

2022-11-09 00:28:30
subject=O = Argo CD
notBefore=Nov  8 23:26:58 2022 GMT
notAfter=Nov  8 23:26:58 2023 GMT
serial=1DBFDDACA726C50E3DD2AD58619D09C8

2022-11-09 00:28:31
subject=O = Argo CD
notBefore=Nov  8 23:26:58 2022 GMT
notAfter=Nov  8 23:26:58 2023 GMT
serial=1DBFDDACA726C50E3DD2AD58619D09C8

2022-11-09 00:28:32
subject=O = Argo CD
notBefore=Nov  8 23:26:58 2022 GMT
notAfter=Nov  8 23:26:58 2023 GMT
serial=1DBFDDACA726C50E3DD2AD58619D09C8

2022-11-09 00:28:33
subject=O = Argo CD
notBefore=Nov  8 23:26:58 2022 GMT
notAfter=Nov  8 23:26:58 2023 GMT
serial=1DBFDDACA726C50E3DD2AD58619D09C8

2022-11-09 00:28:34
subject=O = Argo CD
notBefore=Nov  8 23:26:58 2022 GMT
notAfter=Nov  8 23:26:58 2023 GMT
serial=1DBFDDACA726C50E3DD2AD58619D09C8

2022-11-09 00:28:35
subject=O = Argo CD
notBefore=Nov  8 23:26:58 2022 GMT
notAfter=Nov  8 23:26:58 2023 GMT
serial=1DBFDDACA726C50E3DD2AD58619D09C8

2022-11-09 00:28:36
subject=O = Argo CD
notBefore=Nov  8 23:26:58 2022 GMT
notAfter=Nov  8 23:26:58 2023 GMT
serial=1DBFDDACA726C50E3DD2AD58619D09C8

2022-11-09 00:28:37
subject=O = Argo CD
notBefore=Nov  8 23:26:58 2022 GMT
notAfter=Nov  8 23:26:58 2023 GMT
serial=1DBFDDACA726C50E3DD2AD58619D09C8

2022-11-09 00:28:38
subject=O = Argo CD
notBefore=Nov  8 23:26:58 2022 GMT
notAfter=Nov  8 23:26:58 2023 GMT
serial=1DBFDDACA726C50E3DD2AD58619D09C8

2022-11-09 00:28:39
subject=O = Argo CD
notBefore=Nov  8 23:26:58 2022 GMT
notAfter=Nov  8 23:26:58 2023 GMT
serial=1DBFDDACA726C50E3DD2AD58619D09C8

2022-11-09 00:28:40
subject=O = Argo CD
notBefore=Nov  8 23:26:58 2022 GMT
notAfter=Nov  8 23:26:58 2023 GMT
serial=1DBFDDACA726C50E3DD2AD58619D09C8

2022-11-09 00:28:41
subject=O = Argo CD
notBefore=Nov  8 23:26:58 2022 GMT
notAfter=Nov  8 23:26:58 2023 GMT
serial=1DBFDDACA726C50E3DD2AD58619D09C8

2022-11-09 00:28:42
subject=O = Argo CD
notBefore=Nov  8 23:26:58 2022 GMT
notAfter=Nov  8 23:26:58 2023 GMT
serial=1DBFDDACA726C50E3DD2AD58619D09C8

2022-11-09 00:28:43
subject=O = Argo CD
notBefore=Nov  8 23:26:58 2022 GMT
notAfter=Nov  8 23:26:58 2023 GMT
serial=1DBFDDACA726C50E3DD2AD58619D09C8

2022-11-09 00:28:44
subject=O = Argo CD
notBefore=Nov  8 23:26:58 2022 GMT
notAfter=Nov  8 23:26:58 2023 GMT
serial=1DBFDDACA726C50E3DD2AD58619D09C8

2022-11-09 00:28:45
subject=O = Argo CD
notBefore=Nov  8 23:26:58 2022 GMT
notAfter=Nov  8 23:26:58 2023 GMT
serial=1DBFDDACA726C50E3DD2AD58619D09C8

2022-11-09 00:28:47
subject=O = Argo CD
notBefore=Nov  8 23:26:58 2022 GMT
notAfter=Nov  8 23:26:58 2023 GMT
serial=1DBFDDACA726C50E3DD2AD58619D09C8

2022-11-09 00:28:48
subject=O = Argo CD
notBefore=Nov  8 23:26:58 2022 GMT
notAfter=Nov  8 23:26:58 2023 GMT
serial=1DBFDDACA726C50E3DD2AD58619D09C8

2022-11-09 00:28:49
subject=O = Argo CD
notBefore=Nov  8 23:26:58 2022 GMT
notAfter=Nov  8 23:26:58 2023 GMT
serial=1DBFDDACA726C50E3DD2AD58619D09C8

2022-11-09 00:28:50
subject=O = Argo CD
notBefore=Nov  8 23:26:58 2022 GMT
notAfter=Nov  8 23:26:58 2023 GMT
serial=1DBFDDACA726C50E3DD2AD58619D09C8

2022-11-09 00:28:51
subject=O = Argo CD
notBefore=Nov  8 23:26:58 2022 GMT
notAfter=Nov  8 23:26:58 2023 GMT
serial=1DBFDDACA726C50E3DD2AD58619D09C8

2022-11-09 00:28:52
subject=O = Argo CD
notBefore=Nov  8 23:26:58 2022 GMT
notAfter=Nov  8 23:26:58 2023 GMT
serial=1DBFDDACA726C50E3DD2AD58619D09C8

2022-11-09 00:28:53
subject=O = Argo CD
notBefore=Nov  8 23:26:58 2022 GMT
notAfter=Nov  8 23:26:58 2023 GMT
serial=1DBFDDACA726C50E3DD2AD58619D09C8

2022-11-09 00:28:54
subject=O = Argo CD
notBefore=Nov  8 23:26:58 2022 GMT
notAfter=Nov  8 23:26:58 2023 GMT
serial=1DBFDDACA726C50E3DD2AD58619D09C8

2022-11-09 00:28:55
subject=O = Argo CD
notBefore=Nov  8 23:26:58 2022 GMT
notAfter=Nov  8 23:26:58 2023 GMT
serial=1DBFDDACA726C50E3DD2AD58619D09C8

2022-11-09 00:28:56
subject=O = Argo CD
notBefore=Nov  8 23:26:58 2022 GMT
notAfter=Nov  8 23:26:58 2023 GMT
serial=1DBFDDACA726C50E3DD2AD58619D09C8

2022-11-09 00:28:57
subject=O = Argo CD
notBefore=Nov  8 23:26:58 2022 GMT
notAfter=Nov  8 23:26:58 2023 GMT
serial=1DBFDDACA726C50E3DD2AD58619D09C8

2022-11-09 00:28:58
subject=O = Argo CD
notBefore=Nov  8 23:26:58 2022 GMT
notAfter=Nov  8 23:26:58 2023 GMT
serial=1DBFDDACA726C50E3DD2AD58619D09C8

2022-11-09 00:28:59
subject=O = Argo CD
notBefore=Nov  8 23:26:58 2022 GMT
notAfter=Nov  8 23:26:58 2023 GMT
serial=1DBFDDACA726C50E3DD2AD58619D09C8

2022-11-09 00:29:00
subject=O = Argo CD
notBefore=Nov  8 23:26:58 2022 GMT
notAfter=Nov  8 23:26:58 2023 GMT
serial=1DBFDDACA726C50E3DD2AD58619D09C8

2022-11-09 00:29:01
subject=O = Argo CD
notBefore=Nov  8 23:26:58 2022 GMT
notAfter=Nov  8 23:26:58 2023 GMT
serial=1DBFDDACA726C50E3DD2AD58619D09C8

2022-11-09 00:29:02
subject=O = Argo CD
notBefore=Nov  8 23:26:58 2022 GMT
notAfter=Nov  8 23:26:58 2023 GMT
serial=1DBFDDACA726C50E3DD2AD58619D09C8

2022-11-09 00:29:03
subject=O = Argo CD
notBefore=Nov  8 23:26:58 2022 GMT
notAfter=Nov  8 23:26:58 2023 GMT
serial=1DBFDDACA726C50E3DD2AD58619D09C8

2022-11-09 00:29:04
subject=O = Argo CD
notBefore=Nov  8 23:26:58 2022 GMT
notAfter=Nov  8 23:26:58 2023 GMT
serial=1DBFDDACA726C50E3DD2AD58619D09C8

2022-11-09 00:29:05
subject=O = Argo CD
notBefore=Nov  8 23:26:58 2022 GMT
notAfter=Nov  8 23:26:58 2023 GMT
serial=1DBFDDACA726C50E3DD2AD58619D09C8

2022-11-09 00:29:06
subject=O = Argo CD
notBefore=Nov  8 23:26:58 2022 GMT
notAfter=Nov  8 23:26:58 2023 GMT
serial=1DBFDDACA726C50E3DD2AD58619D09C8

2022-11-09 00:29:07
subject=O = Argo CD
notBefore=Nov  8 23:26:58 2022 GMT
notAfter=Nov  8 23:26:58 2023 GMT
serial=1DBFDDACA726C50E3DD2AD58619D09C8

2022-11-09 00:29:08
subject=O = Argo CD
notBefore=Nov  8 23:26:58 2022 GMT
notAfter=Nov  8 23:26:58 2023 GMT
serial=1DBFDDACA726C50E3DD2AD58619D09C8

2022-11-09 00:29:10
subject=O = Argo CD
notBefore=Nov  8 23:26:58 2022 GMT
notAfter=Nov  8 23:26:58 2023 GMT
serial=1DBFDDACA726C50E3DD2AD58619D09C8

2022-11-09 00:29:11
subject=C = NL, O = Argo CD Cert Test number 1, CN = localhost
notBefore=Nov  8 23:28:32 2022 GMT
notAfter=Nov 18 23:28:32 2022 GMT
serial=154E9236808686DC404616B1091E0B7E12F6838F

2022-11-09 00:29:12
subject=C = NL, O = Argo CD Cert Test number 1, CN = localhost
notBefore=Nov  8 23:28:32 2022 GMT
notAfter=Nov 18 23:28:32 2022 GMT
serial=154E9236808686DC404616B1091E0B7E12F6838F

2022-11-09 00:29:13
subject=C = NL, O = Argo CD Cert Test number 1, CN = localhost
notBefore=Nov  8 23:28:32 2022 GMT
notAfter=Nov 18 23:28:32 2022 GMT
serial=154E9236808686DC404616B1091E0B7E12F6838F

2022-11-09 00:29:14
subject=C = NL, O = Argo CD Cert Test number 1, CN = localhost
notBefore=Nov  8 23:28:32 2022 GMT
notAfter=Nov 18 23:28:32 2022 GMT
serial=154E9236808686DC404616B1091E0B7E12F6838F

2022-11-09 00:29:15
subject=C = NL, O = Argo CD Cert Test number 1, CN = localhost
notBefore=Nov  8 23:28:32 2022 GMT
notAfter=Nov 18 23:28:32 2022 GMT
serial=154E9236808686DC404616B1091E0B7E12F6838F

2022-11-09 00:29:16
subject=C = NL, O = Argo CD Cert Test number 1, CN = localhost
notBefore=Nov  8 23:28:32 2022 GMT
notAfter=Nov 18 23:28:32 2022 GMT
serial=154E9236808686DC404616B1091E0B7E12F6838F

2022-11-09 00:29:17
subject=C = NL, O = Argo CD Cert Test number 1, CN = localhost
notBefore=Nov  8 23:28:32 2022 GMT
notAfter=Nov 18 23:28:32 2022 GMT
serial=154E9236808686DC404616B1091E0B7E12F6838F

2022-11-09 00:29:18
subject=C = NL, O = Argo CD Cert Test number 1, CN = localhost
notBefore=Nov  8 23:28:32 2022 GMT
notAfter=Nov 18 23:28:32 2022 GMT
serial=154E9236808686DC404616B1091E0B7E12F6838F

2022-11-09 00:29:19
subject=O = Argo CD
notBefore=Nov  8 23:26:58 2022 GMT
notAfter=Nov  8 23:26:58 2023 GMT
serial=1DBFDDACA726C50E3DD2AD58619D09C8

2022-11-09 00:29:20
subject=O = Argo CD
notBefore=Nov  8 23:26:58 2022 GMT
notAfter=Nov  8 23:26:58 2023 GMT
serial=1DBFDDACA726C50E3DD2AD58619D09C8

2022-11-09 00:29:21
subject=O = Argo CD
notBefore=Nov  8 23:26:58 2022 GMT
notAfter=Nov  8 23:26:58 2023 GMT
serial=1DBFDDACA726C50E3DD2AD58619D09C8

2022-11-09 00:29:22
subject=O = Argo CD
notBefore=Nov  8 23:26:58 2022 GMT
notAfter=Nov  8 23:26:58 2023 GMT
serial=1DBFDDACA726C50E3DD2AD58619D09C8

2022-11-09 00:29:23
subject=O = Argo CD
notBefore=Nov  8 23:26:58 2022 GMT
notAfter=Nov  8 23:26:58 2023 GMT
serial=1DBFDDACA726C50E3DD2AD58619D09C8

2022-11-09 00:29:24
subject=O = Argo CD
notBefore=Nov  8 23:26:58 2022 GMT
notAfter=Nov  8 23:26:58 2023 GMT
serial=1DBFDDACA726C50E3DD2AD58619D09C8

2022-11-09 00:29:25
subject=O = Argo CD
notBefore=Nov  8 23:26:58 2022 GMT
notAfter=Nov  8 23:26:58 2023 GMT
serial=1DBFDDACA726C50E3DD2AD58619D09C8

2022-11-09 00:29:26
subject=O = Argo CD
notBefore=Nov  8 23:26:58 2022 GMT
notAfter=Nov  8 23:26:58 2023 GMT
serial=1DBFDDACA726C50E3DD2AD58619D09C8

2022-11-09 00:29:27
subject=O = Argo CD
notBefore=Nov  8 23:26:58 2022 GMT
notAfter=Nov  8 23:26:58 2023 GMT
serial=1DBFDDACA726C50E3DD2AD58619D09C8

2022-11-09 00:29:28
subject=O = Argo CD
notBefore=Nov  8 23:26:58 2022 GMT
notAfter=Nov  8 23:26:58 2023 GMT
serial=1DBFDDACA726C50E3DD2AD58619D09C8

2022-11-09 00:29:29
subject=O = Argo CD
notBefore=Nov  8 23:26:58 2022 GMT
notAfter=Nov  8 23:26:58 2023 GMT
serial=1DBFDDACA726C50E3DD2AD58619D09C8

2022-11-09 00:29:30
subject=O = Argo CD
notBefore=Nov  8 23:26:58 2022 GMT
notAfter=Nov  8 23:26:58 2023 GMT
serial=1DBFDDACA726C50E3DD2AD58619D09C8

2022-11-09 00:29:31
subject=O = Argo CD
notBefore=Nov  8 23:26:58 2022 GMT
notAfter=Nov  8 23:26:58 2023 GMT
serial=1DBFDDACA726C50E3DD2AD58619D09C8

2022-11-09 00:29:32
subject=O = Argo CD
notBefore=Nov  8 23:26:58 2022 GMT
notAfter=Nov  8 23:26:58 2023 GMT
serial=1DBFDDACA726C50E3DD2AD58619D09C8

2022-11-09 00:29:33
subject=O = Argo CD
notBefore=Nov  8 23:26:58 2022 GMT
notAfter=Nov  8 23:26:58 2023 GMT
serial=1DBFDDACA726C50E3DD2AD58619D09C8

2022-11-09 00:29:34
subject=O = Argo CD
notBefore=Nov  8 23:26:58 2022 GMT
notAfter=Nov  8 23:26:58 2023 GMT
serial=1DBFDDACA726C50E3DD2AD58619D09C8

2022-11-09 00:29:35
subject=O = Argo CD
notBefore=Nov  8 23:26:58 2022 GMT
notAfter=Nov  8 23:26:58 2023 GMT
serial=1DBFDDACA726C50E3DD2AD58619D09C8

2022-11-09 00:29:36
subject=O = Argo CD
notBefore=Nov  8 23:26:58 2022 GMT
notAfter=Nov  8 23:26:58 2023 GMT
serial=1DBFDDACA726C50E3DD2AD58619D09C8

2022-11-09 00:29:37
subject=C = NL, O = Argo CD Cert Test number 2, CN = localhost
notBefore=Nov  8 23:29:33 2022 GMT
notAfter=Nov 18 23:29:33 2022 GMT
serial=3712579B9A212C90A1F63D29E8A4F5D57733E292

2022-11-09 00:29:38
subject=C = NL, O = Argo CD Cert Test number 2, CN = localhost
notBefore=Nov  8 23:29:33 2022 GMT
notAfter=Nov 18 23:29:33 2022 GMT
serial=3712579B9A212C90A1F63D29E8A4F5D57733E292

2022-11-09 00:29:40
subject=O = Argo CD
notBefore=Nov  8 23:26:58 2022 GMT
notAfter=Nov  8 23:26:58 2023 GMT
serial=1DBFDDACA726C50E3DD2AD58619D09C8

2022-11-09 00:29:41
subject=C = NL, O = Argo CD Cert Test number 2, CN = localhost
notBefore=Nov  8 23:29:33 2022 GMT
notAfter=Nov 18 23:29:33 2022 GMT
serial=3712579B9A212C90A1F63D29E8A4F5D57733E292

2022-11-09 00:29:42
subject=C = NL, O = Argo CD Cert Test number 2, CN = localhost
notBefore=Nov  8 23:29:33 2022 GMT
notAfter=Nov 18 23:29:33 2022 GMT
serial=3712579B9A212C90A1F63D29E8A4F5D57733E292

2022-11-09 00:29:43
subject=C = NL, O = Argo CD Cert Test number 2, CN = localhost
notBefore=Nov  8 23:29:33 2022 GMT
notAfter=Nov 18 23:29:33 2022 GMT
serial=3712579B9A212C90A1F63D29E8A4F5D57733E292

2022-11-09 00:29:44
subject=C = NL, O = Argo CD Cert Test number 2, CN = localhost
notBefore=Nov  8 23:29:33 2022 GMT
notAfter=Nov 18 23:29:33 2022 GMT
serial=3712579B9A212C90A1F63D29E8A4F5D57733E292

2022-11-09 00:29:45
subject=C = NL, O = Argo CD Cert Test number 2, CN = localhost
notBefore=Nov  8 23:29:33 2022 GMT
notAfter=Nov 18 23:29:33 2022 GMT
serial=3712579B9A212C90A1F63D29E8A4F5D57733E292

2022-11-09 00:29:46
subject=C = NL, O = Argo CD Cert Test number 2, CN = localhost
notBefore=Nov  8 23:29:33 2022 GMT
notAfter=Nov 18 23:29:33 2022 GMT
serial=3712579B9A212C90A1F63D29E8A4F5D57733E292

2022-11-09 00:29:47
subject=C = NL, O = Argo CD Cert Test number 2, CN = localhost
notBefore=Nov  8 23:29:33 2022 GMT
notAfter=Nov 18 23:29:33 2022 GMT
serial=3712579B9A212C90A1F63D29E8A4F5D57733E292

2022-11-09 00:29:48
subject=C = NL, O = Argo CD Cert Test number 2, CN = localhost
notBefore=Nov  8 23:29:33 2022 GMT
notAfter=Nov 18 23:29:33 2022 GMT
serial=3712579B9A212C90A1F63D29E8A4F5D57733E292

2022-11-09 00:29:49
subject=C = NL, O = Argo CD Cert Test number 1, CN = localhost
notBefore=Nov  8 23:28:32 2022 GMT
notAfter=Nov 18 23:28:32 2022 GMT
serial=154E9236808686DC404616B1091E0B7E12F6838F

2022-11-09 00:29:50
subject=C = NL, O = Argo CD Cert Test number 1, CN = localhost
notBefore=Nov  8 23:28:32 2022 GMT
notAfter=Nov 18 23:28:32 2022 GMT
serial=154E9236808686DC404616B1091E0B7E12F6838F

2022-11-09 00:29:51
subject=C = NL, O = Argo CD Cert Test number 1, CN = localhost
notBefore=Nov  8 23:28:32 2022 GMT
notAfter=Nov 18 23:28:32 2022 GMT
serial=154E9236808686DC404616B1091E0B7E12F6838F

2022-11-09 00:29:52
subject=C = NL, O = Argo CD Cert Test number 1, CN = localhost
notBefore=Nov  8 23:28:32 2022 GMT
notAfter=Nov 18 23:28:32 2022 GMT
serial=154E9236808686DC404616B1091E0B7E12F6838F

2022-11-09 00:29:53
subject=C = NL, O = Argo CD Cert Test number 1, CN = localhost
notBefore=Nov  8 23:28:32 2022 GMT
notAfter=Nov 18 23:28:32 2022 GMT
serial=154E9236808686DC404616B1091E0B7E12F6838F

2022-11-09 00:29:54
subject=C = NL, O = Argo CD Cert Test number 1, CN = localhost
notBefore=Nov  8 23:28:32 2022 GMT
notAfter=Nov 18 23:28:32 2022 GMT
serial=154E9236808686DC404616B1091E0B7E12F6838F

2022-11-09 00:29:55
subject=C = NL, O = Argo CD Cert Test number 1, CN = localhost
notBefore=Nov  8 23:28:32 2022 GMT
notAfter=Nov 18 23:28:32 2022 GMT
serial=154E9236808686DC404616B1091E0B7E12F6838F

2022-11-09 00:29:56
subject=C = NL, O = Argo CD Cert Test number 1, CN = localhost
notBefore=Nov  8 23:28:32 2022 GMT
notAfter=Nov 18 23:28:32 2022 GMT
serial=154E9236808686DC404616B1091E0B7E12F6838F

2022-11-09 00:29:57
subject=C = NL, O = Argo CD Cert Test number 1, CN = localhost
notBefore=Nov  8 23:28:32 2022 GMT
notAfter=Nov 18 23:28:32 2022 GMT
serial=154E9236808686DC404616B1091E0B7E12F6838F

2022-11-09 00:29:58
subject=C = NL, O = Argo CD Cert Test number 1, CN = localhost
notBefore=Nov  8 23:28:32 2022 GMT
notAfter=Nov 18 23:28:32 2022 GMT
serial=154E9236808686DC404616B1091E0B7E12F6838F

2022-11-09 00:29:59
subject=C = NL, O = Argo CD Cert Test number 1, CN = localhost
notBefore=Nov  8 23:28:32 2022 GMT
notAfter=Nov 18 23:28:32 2022 GMT
serial=154E9236808686DC404616B1091E0B7E12F6838F

2022-11-09 00:30:00
subject=C = NL, O = Argo CD Cert Test number 1, CN = localhost
notBefore=Nov  8 23:28:32 2022 GMT
notAfter=Nov 18 23:28:32 2022 GMT
serial=154E9236808686DC404616B1091E0B7E12F6838F

2022-11-09 00:30:01
subject=C = NL, O = Argo CD Cert Test number 1, CN = localhost
notBefore=Nov  8 23:28:32 2022 GMT
notAfter=Nov 18 23:28:32 2022 GMT
serial=154E9236808686DC404616B1091E0B7E12F6838F

2022-11-09 00:30:02
subject=C = NL, O = Argo CD Cert Test number 1, CN = localhost
notBefore=Nov  8 23:28:32 2022 GMT
notAfter=Nov 18 23:28:32 2022 GMT
serial=154E9236808686DC404616B1091E0B7E12F6838F

2022-11-09 00:30:03
subject=C = NL, O = Argo CD Cert Test number 1, CN = localhost
notBefore=Nov  8 23:28:32 2022 GMT
notAfter=Nov 18 23:28:32 2022 GMT
serial=154E9236808686DC404616B1091E0B7E12F6838F

2022-11-09 00:30:04
subject=C = NL, O = Argo CD Cert Test number 1, CN = localhost
notBefore=Nov  8 23:28:32 2022 GMT
notAfter=Nov 18 23:28:32 2022 GMT
serial=154E9236808686DC404616B1091E0B7E12F6838F

2022-11-09 00:30:05
subject=C = NL, O = Argo CD Cert Test number 2, CN = localhost
notBefore=Nov  8 23:29:33 2022 GMT
notAfter=Nov 18 23:29:33 2022 GMT
serial=3712579B9A212C90A1F63D29E8A4F5D57733E292

2022-11-09 00:30:07
subject=C = NL, O = Argo CD Cert Test number 2, CN = localhost
notBefore=Nov  8 23:29:33 2022 GMT
notAfter=Nov 18 23:29:33 2022 GMT
serial=3712579B9A212C90A1F63D29E8A4F5D57733E292

2022-11-09 00:30:08
subject=C = NL, O = Argo CD Cert Test number 2, CN = localhost
notBefore=Nov  8 23:29:33 2022 GMT
notAfter=Nov 18 23:29:33 2022 GMT
serial=3712579B9A212C90A1F63D29E8A4F5D57733E292

2022-11-09 00:30:09
subject=C = NL, O = Argo CD Cert Test number 2, CN = localhost
notBefore=Nov  8 23:29:33 2022 GMT
notAfter=Nov 18 23:29:33 2022 GMT
serial=3712579B9A212C90A1F63D29E8A4F5D57733E292

2022-11-09 00:30:10
subject=C = NL, O = Argo CD Cert Test number 2, CN = localhost
notBefore=Nov  8 23:29:33 2022 GMT
notAfter=Nov 18 23:29:33 2022 GMT
serial=3712579B9A212C90A1F63D29E8A4F5D57733E292

2022-11-09 00:30:11
subject=C = NL, O = Argo CD Cert Test number 2, CN = localhost
notBefore=Nov  8 23:29:33 2022 GMT
notAfter=Nov 18 23:29:33 2022 GMT
serial=3712579B9A212C90A1F63D29E8A4F5D57733E292

2022-11-09 00:30:12
subject=C = NL, O = Argo CD Cert Test number 2, CN = localhost
notBefore=Nov  8 23:29:33 2022 GMT
notAfter=Nov 18 23:29:33 2022 GMT
serial=3712579B9A212C90A1F63D29E8A4F5D57733E292

2022-11-09 00:30:13
subject=C = NL, O = Argo CD Cert Test number 2, CN = localhost
notBefore=Nov  8 23:29:33 2022 GMT
notAfter=Nov 18 23:29:33 2022 GMT
serial=3712579B9A212C90A1F63D29E8A4F5D57733E292

2022-11-09 00:30:14
subject=C = NL, O = Argo CD Cert Test number 2, CN = localhost
notBefore=Nov  8 23:29:33 2022 GMT
notAfter=Nov 18 23:29:33 2022 GMT
serial=3712579B9A212C90A1F63D29E8A4F5D57733E292

2022-11-09 00:30:15
subject=C = NL, O = Argo CD Cert Test number 2, CN = localhost
notBefore=Nov  8 23:29:33 2022 GMT
notAfter=Nov 18 23:29:33 2022 GMT
serial=3712579B9A212C90A1F63D29E8A4F5D57733E292

2022-11-09 00:30:16
subject=C = NL, O = Argo CD Cert Test number 2, CN = localhost
notBefore=Nov  8 23:29:33 2022 GMT
notAfter=Nov 18 23:29:33 2022 GMT
serial=3712579B9A212C90A1F63D29E8A4F5D57733E292

2022-11-09 00:30:17
subject=C = NL, O = Argo CD Cert Test number 2, CN = localhost
notBefore=Nov  8 23:29:33 2022 GMT
notAfter=Nov 18 23:29:33 2022 GMT
serial=3712579B9A212C90A1F63D29E8A4F5D57733E292

2022-11-09 00:30:18
subject=C = NL, O = Argo CD Cert Test number 2, CN = localhost
notBefore=Nov  8 23:29:33 2022 GMT
notAfter=Nov 18 23:29:33 2022 GMT
serial=3712579B9A212C90A1F63D29E8A4F5D57733E292

2022-11-09 00:30:19
subject=C = NL, O = Argo CD Cert Test number 2, CN = localhost
notBefore=Nov  8 23:29:33 2022 GMT
notAfter=Nov 18 23:29:33 2022 GMT
serial=3712579B9A212C90A1F63D29E8A4F5D57733E292

2022-11-09 00:30:20
subject=C = NL, O = Argo CD Cert Test number 2, CN = localhost
notBefore=Nov  8 23:29:33 2022 GMT
notAfter=Nov 18 23:29:33 2022 GMT
serial=3712579B9A212C90A1F63D29E8A4F5D57733E292

2022-11-09 00:30:21
subject=C = NL, O = Argo CD Cert Test number 2, CN = localhost
notBefore=Nov  8 23:29:33 2022 GMT
notAfter=Nov 18 23:29:33 2022 GMT
serial=3712579B9A212C90A1F63D29E8A4F5D57733E292

2022-11-09 00:30:22
subject=C = NL, O = Argo CD Cert Test number 1, CN = localhost
notBefore=Nov  8 23:28:32 2022 GMT
notAfter=Nov 18 23:28:32 2022 GMT
serial=154E9236808686DC404616B1091E0B7E12F6838F

2022-11-09 00:30:23
subject=C = NL, O = Argo CD Cert Test number 1, CN = localhost
notBefore=Nov  8 23:28:32 2022 GMT
notAfter=Nov 18 23:28:32 2022 GMT
serial=154E9236808686DC404616B1091E0B7E12F6838F

2022-11-09 00:30:24
subject=C = NL, O = Argo CD Cert Test number 1, CN = localhost
notBefore=Nov  8 23:28:32 2022 GMT
notAfter=Nov 18 23:28:32 2022 GMT
serial=154E9236808686DC404616B1091E0B7E12F6838F

2022-11-09 00:30:25
subject=C = NL, O = Argo CD Cert Test number 1, CN = localhost
notBefore=Nov  8 23:28:32 2022 GMT
notAfter=Nov 18 23:28:32 2022 GMT
serial=154E9236808686DC404616B1091E0B7E12F6838F

2022-11-09 00:30:26
subject=C = NL, O = Argo CD Cert Test number 1, CN = localhost
notBefore=Nov  8 23:28:32 2022 GMT
notAfter=Nov 18 23:28:32 2022 GMT
serial=154E9236808686DC404616B1091E0B7E12F6838F

2022-11-09 00:30:27
subject=C = NL, O = Argo CD Cert Test number 1, CN = localhost
notBefore=Nov  8 23:28:32 2022 GMT
notAfter=Nov 18 23:28:32 2022 GMT
serial=154E9236808686DC404616B1091E0B7E12F6838F

2022-11-09 00:30:28
subject=C = NL, O = Argo CD Cert Test number 1, CN = localhost
notBefore=Nov  8 23:28:32 2022 GMT
notAfter=Nov 18 23:28:32 2022 GMT
serial=154E9236808686DC404616B1091E0B7E12F6838F

2022-11-09 00:30:29
subject=C = NL, O = Argo CD Cert Test number 1, CN = localhost
notBefore=Nov  8 23:28:32 2022 GMT
notAfter=Nov 18 23:28:32 2022 GMT
serial=154E9236808686DC404616B1091E0B7E12F6838F

2022-11-09 00:30:30
subject=C = NL, O = Argo CD Cert Test number 1, CN = localhost
notBefore=Nov  8 23:28:32 2022 GMT
notAfter=Nov 18 23:28:32 2022 GMT
serial=154E9236808686DC404616B1091E0B7E12F6838F

2022-11-09 00:30:31
subject=O = Argo CD
notBefore=Nov  8 23:26:58 2022 GMT
notAfter=Nov  8 23:26:58 2023 GMT
serial=1DBFDDACA726C50E3DD2AD58619D09C8

2022-11-09 00:30:32
subject=O = Argo CD
notBefore=Nov  8 23:26:58 2022 GMT
notAfter=Nov  8 23:26:58 2023 GMT
serial=1DBFDDACA726C50E3DD2AD58619D09C8

2022-11-09 00:30:33
subject=O = Argo CD
notBefore=Nov  8 23:26:58 2022 GMT
notAfter=Nov  8 23:26:58 2023 GMT
serial=1DBFDDACA726C50E3DD2AD58619D09C8

2022-11-09 00:30:34
subject=O = Argo CD
notBefore=Nov  8 23:26:58 2022 GMT
notAfter=Nov  8 23:26:58 2023 GMT
serial=1DBFDDACA726C50E3DD2AD58619D09C8

2022-11-09 00:30:35
subject=O = Argo CD
notBefore=Nov  8 23:26:58 2022 GMT
notAfter=Nov  8 23:26:58 2023 GMT
serial=1DBFDDACA726C50E3DD2AD58619D09C8

2022-11-09 00:30:37
subject=O = Argo CD
notBefore=Nov  8 23:26:58 2022 GMT
notAfter=Nov  8 23:26:58 2023 GMT
serial=1DBFDDACA726C50E3DD2AD58619D09C8

2022-11-09 00:30:38
subject=O = Argo CD
notBefore=Nov  8 23:26:58 2022 GMT
notAfter=Nov  8 23:26:58 2023 GMT
serial=1DBFDDACA726C50E3DD2AD58619D09C8

2022-11-09 00:30:39
subject=O = Argo CD
notBefore=Nov  8 23:26:58 2022 GMT
notAfter=Nov  8 23:26:58 2023 GMT
serial=1DBFDDACA726C50E3DD2AD58619D09C8

2022-11-09 00:30:40
subject=O = Argo CD
notBefore=Nov  8 23:26:58 2022 GMT
notAfter=Nov  8 23:26:58 2023 GMT
serial=1DBFDDACA726C50E3DD2AD58619D09C8

2022-11-09 00:30:41
subject=C = NL, O = Argo CD Cert Test number 2, CN = localhost
notBefore=Nov  8 23:29:33 2022 GMT
notAfter=Nov 18 23:29:33 2022 GMT
serial=3712579B9A212C90A1F63D29E8A4F5D57733E292

2022-11-09 00:30:42
subject=C = NL, O = Argo CD Cert Test number 2, CN = localhost
notBefore=Nov  8 23:29:33 2022 GMT
notAfter=Nov 18 23:29:33 2022 GMT
serial=3712579B9A212C90A1F63D29E8A4F5D57733E292

2022-11-09 00:30:43
subject=C = NL, O = Argo CD Cert Test number 2, CN = localhost
notBefore=Nov  8 23:29:33 2022 GMT
notAfter=Nov 18 23:29:33 2022 GMT
serial=3712579B9A212C90A1F63D29E8A4F5D57733E292

2022-11-09 00:30:44
subject=C = NL, O = Argo CD Cert Test number 2, CN = localhost
notBefore=Nov  8 23:29:33 2022 GMT
notAfter=Nov 18 23:29:33 2022 GMT
serial=3712579B9A212C90A1F63D29E8A4F5D57733E292

2022-11-09 00:30:45
subject=C = NL, O = Argo CD Cert Test number 2, CN = localhost
notBefore=Nov  8 23:29:33 2022 GMT
notAfter=Nov 18 23:29:33 2022 GMT
serial=3712579B9A212C90A1F63D29E8A4F5D57733E292

2022-11-09 00:30:46
subject=C = NL, O = Argo CD Cert Test number 2, CN = localhost
notBefore=Nov  8 23:29:33 2022 GMT
notAfter=Nov 18 23:29:33 2022 GMT
serial=3712579B9A212C90A1F63D29E8A4F5D57733E292

2022-11-09 00:30:47
subject=C = NL, O = Argo CD Cert Test number 2, CN = localhost
notBefore=Nov  8 23:29:33 2022 GMT
notAfter=Nov 18 23:29:33 2022 GMT
serial=3712579B9A212C90A1F63D29E8A4F5D57733E292

2022-11-09 00:30:48
subject=C = NL, O = Argo CD Cert Test number 2, CN = localhost
notBefore=Nov  8 23:29:33 2022 GMT
notAfter=Nov 18 23:29:33 2022 GMT
serial=3712579B9A212C90A1F63D29E8A4F5D57733E292

2022-11-09 00:30:49
subject=C = NL, O = Argo CD Cert Test number 2, CN = localhost
notBefore=Nov  8 23:29:33 2022 GMT
notAfter=Nov 18 23:29:33 2022 GMT
serial=3712579B9A212C90A1F63D29E8A4F5D57733E292

2022-11-09 00:30:50
subject=C = NL, O = Argo CD Cert Test number 2, CN = localhost
notBefore=Nov  8 23:29:33 2022 GMT
notAfter=Nov 18 23:29:33 2022 GMT
serial=3712579B9A212C90A1F63D29E8A4F5D57733E292

2022-11-09 00:30:51
subject=C = NL, O = Argo CD Cert Test number 2, CN = localhost
notBefore=Nov  8 23:29:33 2022 GMT
notAfter=Nov 18 23:29:33 2022 GMT
serial=3712579B9A212C90A1F63D29E8A4F5D57733E292

2022-11-09 00:30:52
subject=C = NL, O = Argo CD Cert Test number 2, CN = localhost
notBefore=Nov  8 23:29:33 2022 GMT
notAfter=Nov 18 23:29:33 2022 GMT
serial=3712579B9A212C90A1F63D29E8A4F5D57733E292

2022-11-09 00:30:53
subject=C = NL, O = Argo CD Cert Test number 2, CN = localhost
notBefore=Nov  8 23:29:33 2022 GMT
notAfter=Nov 18 23:29:33 2022 GMT
serial=3712579B9A212C90A1F63D29E8A4F5D57733E292

2022-11-09 00:30:54
subject=C = NL, O = Argo CD Cert Test number 2, CN = localhost
notBefore=Nov  8 23:29:33 2022 GMT
notAfter=Nov 18 23:29:33 2022 GMT
serial=3712579B9A212C90A1F63D29E8A4F5D57733E292

2022-11-09 00:30:55
subject=C = NL, O = Argo CD Cert Test number 2, CN = localhost
notBefore=Nov  8 23:29:33 2022 GMT
notAfter=Nov 18 23:29:33 2022 GMT
serial=3712579B9A212C90A1F63D29E8A4F5D57733E292

2022-11-09 00:30:56
subject=C = NL, O = Argo CD Cert Test number 2, CN = localhost
notBefore=Nov  8 23:29:33 2022 GMT
notAfter=Nov 18 23:29:33 2022 GMT
serial=3712579B9A212C90A1F63D29E8A4F5D57733E292

2022-11-09 00:30:57
subject=C = NL, O = Argo CD Cert Test number 2, CN = localhost
notBefore=Nov  8 23:29:33 2022 GMT
notAfter=Nov 18 23:29:33 2022 GMT
serial=3712579B9A212C90A1F63D29E8A4F5D57733E292

2022-11-09 00:30:58
subject=C = NL, O = Argo CD Cert Test number 2, CN = localhost
notBefore=Nov  8 23:29:33 2022 GMT
notAfter=Nov 18 23:29:33 2022 GMT
serial=3712579B9A212C90A1F63D29E8A4F5D57733E292

2022-11-09 00:30:59
subject=C = NL, O = Argo CD Cert Test number 2, CN = localhost
notBefore=Nov  8 23:29:33 2022 GMT
notAfter=Nov 18 23:29:33 2022 GMT
serial=3712579B9A212C90A1F63D29E8A4F5D57733E292

2022-11-09 00:31:00
subject=C = NL, O = Argo CD Cert Test number 2, CN = localhost
notBefore=Nov  8 23:29:33 2022 GMT
notAfter=Nov 18 23:29:33 2022 GMT
serial=3712579B9A212C90A1F63D29E8A4F5D57733E292

2022-11-09 00:31:01
subject=C = NL, O = Argo CD Cert Test number 2, CN = localhost
notBefore=Nov  8 23:29:33 2022 GMT
notAfter=Nov 18 23:29:33 2022 GMT
serial=3712579B9A212C90A1F63D29E8A4F5D57733E292

2022-11-09 00:31:02
subject=C = NL, O = Argo CD Cert Test number 2, CN = localhost
notBefore=Nov  8 23:29:33 2022 GMT
notAfter=Nov 18 23:29:33 2022 GMT
serial=3712579B9A212C90A1F63D29E8A4F5D57733E292

2022-11-09 00:31:03
subject=C = NL, O = Argo CD Cert Test number 2, CN = localhost
notBefore=Nov  8 23:29:33 2022 GMT
notAfter=Nov 18 23:29:33 2022 GMT
serial=3712579B9A212C90A1F63D29E8A4F5D57733E292

2022-11-09 00:31:05
subject=C = NL, O = Argo CD Cert Test number 2, CN = localhost
notBefore=Nov  8 23:29:33 2022 GMT
notAfter=Nov 18 23:29:33 2022 GMT
serial=3712579B9A212C90A1F63D29E8A4F5D57733E292

2022-11-09 00:31:06
subject=C = NL, O = Argo CD Cert Test number 2, CN = localhost
notBefore=Nov  8 23:29:33 2022 GMT
notAfter=Nov 18 23:29:33 2022 GMT
serial=3712579B9A212C90A1F63D29E8A4F5D57733E292

2022-11-09 00:31:07
subject=C = NL, O = Argo CD Cert Test number 2, CN = localhost
notBefore=Nov  8 23:29:33 2022 GMT
notAfter=Nov 18 23:29:33 2022 GMT
serial=3712579B9A212C90A1F63D29E8A4F5D57733E292

2022-11-09 00:31:08
subject=C = NL, O = Argo CD Cert Test number 2, CN = localhost
notBefore=Nov  8 23:29:33 2022 GMT
notAfter=Nov 18 23:29:33 2022 GMT
serial=3712579B9A212C90A1F63D29E8A4F5D57733E292

2022-11-09 00:31:09
subject=C = NL, O = Argo CD Cert Test number 1, CN = localhost
notBefore=Nov  8 23:28:32 2022 GMT
notAfter=Nov 18 23:28:32 2022 GMT
serial=154E9236808686DC404616B1091E0B7E12F6838F

2022-11-09 00:31:10
subject=C = NL, O = Argo CD Cert Test number 1, CN = localhost
notBefore=Nov  8 23:28:32 2022 GMT
notAfter=Nov 18 23:28:32 2022 GMT
serial=154E9236808686DC404616B1091E0B7E12F6838F

2022-11-09 00:31:11
subject=C = NL, O = Argo CD Cert Test number 2, CN = localhost
notBefore=Nov  8 23:29:33 2022 GMT
notAfter=Nov 18 23:29:33 2022 GMT
serial=3712579B9A212C90A1F63D29E8A4F5D57733E292

2022-11-09 00:31:12
subject=C = NL, O = Argo CD Cert Test number 2, CN = localhost
notBefore=Nov  8 23:29:33 2022 GMT
notAfter=Nov 18 23:29:33 2022 GMT
serial=3712579B9A212C90A1F63D29E8A4F5D57733E292

2022-11-09 00:31:13
subject=C = NL, O = Argo CD Cert Test number 2, CN = localhost
notBefore=Nov  8 23:29:33 2022 GMT
notAfter=Nov 18 23:29:33 2022 GMT
serial=3712579B9A212C90A1F63D29E8A4F5D57733E292

2022-11-09 00:31:14
subject=C = NL, O = Argo CD Cert Test number 2, CN = localhost
notBefore=Nov  8 23:29:33 2022 GMT
notAfter=Nov 18 23:29:33 2022 GMT
serial=3712579B9A212C90A1F63D29E8A4F5D57733E292

2022-11-09 00:31:15
subject=C = NL, O = Argo CD Cert Test number 2, CN = localhost
notBefore=Nov  8 23:29:33 2022 GMT
notAfter=Nov 18 23:29:33 2022 GMT
serial=3712579B9A212C90A1F63D29E8A4F5D57733E292

2022-11-09 00:31:16
subject=C = NL, O = Argo CD Cert Test number 2, CN = localhost
notBefore=Nov  8 23:29:33 2022 GMT
notAfter=Nov 18 23:29:33 2022 GMT
serial=3712579B9A212C90A1F63D29E8A4F5D57733E292

2022-11-09 00:31:17
subject=C = NL, O = Argo CD Cert Test number 1, CN = localhost
notBefore=Nov  8 23:28:32 2022 GMT
notAfter=Nov 18 23:28:32 2022 GMT
serial=154E9236808686DC404616B1091E0B7E12F6838F

2022-11-09 00:31:18
subject=C = NL, O = Argo CD Cert Test number 1, CN = localhost
notBefore=Nov  8 23:28:32 2022 GMT
notAfter=Nov 18 23:28:32 2022 GMT
serial=154E9236808686DC404616B1091E0B7E12F6838F

2022-11-09 00:31:19
subject=O = Argo CD
notBefore=Nov  8 23:26:58 2022 GMT
notAfter=Nov  8 23:26:58 2023 GMT
serial=1DBFDDACA726C50E3DD2AD58619D09C8

2022-11-09 00:31:20
subject=O = Argo CD
notBefore=Nov  8 23:26:58 2022 GMT
notAfter=Nov  8 23:26:58 2023 GMT
serial=1DBFDDACA726C50E3DD2AD58619D09C8

2022-11-09 00:31:21
subject=C = NL, O = Argo CD Cert Test number 3, CN = localhost
notBefore=Nov  8 23:30:33 2022 GMT
notAfter=Nov 18 23:30:33 2022 GMT
serial=0C1CF273BBA3030D3C15391041096ACE4A07152A

2022-11-09 00:31:22
subject=C = NL, O = Argo CD Cert Test number 3, CN = localhost
notBefore=Nov  8 23:30:33 2022 GMT
notAfter=Nov 18 23:30:33 2022 GMT
serial=0C1CF273BBA3030D3C15391041096ACE4A07152A

2022-11-09 00:31:23
subject=C = NL, O = Argo CD Cert Test number 3, CN = localhost
notBefore=Nov  8 23:30:33 2022 GMT
notAfter=Nov 18 23:30:33 2022 GMT
serial=0C1CF273BBA3030D3C15391041096ACE4A07152A

2022-11-09 00:31:24
subject=C = NL, O = Argo CD Cert Test number 3, CN = localhost
notBefore=Nov  8 23:30:33 2022 GMT
notAfter=Nov 18 23:30:33 2022 GMT
serial=0C1CF273BBA3030D3C15391041096ACE4A07152A

2022-11-09 00:31:25
subject=C = NL, O = Argo CD Cert Test number 1, CN = localhost
notBefore=Nov  8 23:28:32 2022 GMT
notAfter=Nov 18 23:28:32 2022 GMT
serial=154E9236808686DC404616B1091E0B7E12F6838F

2022-11-09 00:31:26
subject=C = NL, O = Argo CD Cert Test number 1, CN = localhost
notBefore=Nov  8 23:28:32 2022 GMT
notAfter=Nov 18 23:28:32 2022 GMT
serial=154E9236808686DC404616B1091E0B7E12F6838F

2022-11-09 00:31:28
subject=C = NL, O = Argo CD Cert Test number 1, CN = localhost
notBefore=Nov  8 23:28:32 2022 GMT
notAfter=Nov 18 23:28:32 2022 GMT
serial=154E9236808686DC404616B1091E0B7E12F6838F

2022-11-09 00:31:29
subject=C = NL, O = Argo CD Cert Test number 1, CN = localhost
notBefore=Nov  8 23:28:32 2022 GMT
notAfter=Nov 18 23:28:32 2022 GMT
serial=154E9236808686DC404616B1091E0B7E12F6838F

2022-11-09 00:31:30
subject=C = NL, O = Argo CD Cert Test number 1, CN = localhost
notBefore=Nov  8 23:28:32 2022 GMT
notAfter=Nov 18 23:28:32 2022 GMT
serial=154E9236808686DC404616B1091E0B7E12F6838F

2022-11-09 00:31:31
subject=C = NL, O = Argo CD Cert Test number 1, CN = localhost
notBefore=Nov  8 23:28:32 2022 GMT
notAfter=Nov 18 23:28:32 2022 GMT
serial=154E9236808686DC404616B1091E0B7E12F6838F

2022-11-09 00:31:32
subject=C = NL, O = Argo CD Cert Test number 1, CN = localhost
notBefore=Nov  8 23:28:32 2022 GMT
notAfter=Nov 18 23:28:32 2022 GMT
serial=154E9236808686DC404616B1091E0B7E12F6838F

2022-11-09 00:31:33
subject=C = NL, O = Argo CD Cert Test number 1, CN = localhost
notBefore=Nov  8 23:28:32 2022 GMT
notAfter=Nov 18 23:28:32 2022 GMT
serial=154E9236808686DC404616B1091E0B7E12F6838F

2022-11-09 00:31:34
subject=C = NL, O = Argo CD Cert Test number 1, CN = localhost
notBefore=Nov  8 23:28:32 2022 GMT
notAfter=Nov 18 23:28:32 2022 GMT
serial=154E9236808686DC404616B1091E0B7E12F6838F

2022-11-09 00:31:35
subject=C = NL, O = Argo CD Cert Test number 1, CN = localhost
notBefore=Nov  8 23:28:32 2022 GMT
notAfter=Nov 18 23:28:32 2022 GMT
serial=154E9236808686DC404616B1091E0B7E12F6838F

2022-11-09 00:31:36
subject=C = NL, O = Argo CD Cert Test number 1, CN = localhost
notBefore=Nov  8 23:28:32 2022 GMT
notAfter=Nov 18 23:28:32 2022 GMT
serial=154E9236808686DC404616B1091E0B7E12F6838F

2022-11-09 00:31:37
subject=C = NL, O = Argo CD Cert Test number 1, CN = localhost
notBefore=Nov  8 23:28:32 2022 GMT
notAfter=Nov 18 23:28:32 2022 GMT
serial=154E9236808686DC404616B1091E0B7E12F6838F

2022-11-09 00:31:38
subject=C = NL, O = Argo CD Cert Test number 1, CN = localhost
notBefore=Nov  8 23:28:32 2022 GMT
notAfter=Nov 18 23:28:32 2022 GMT
serial=154E9236808686DC404616B1091E0B7E12F6838F

2022-11-09 00:31:39
subject=C = NL, O = Argo CD Cert Test number 1, CN = localhost
notBefore=Nov  8 23:28:32 2022 GMT
notAfter=Nov 18 23:28:32 2022 GMT
serial=154E9236808686DC404616B1091E0B7E12F6838F

2022-11-09 00:31:40
subject=C = NL, O = Argo CD Cert Test number 1, CN = localhost
notBefore=Nov  8 23:28:32 2022 GMT
notAfter=Nov 18 23:28:32 2022 GMT
serial=154E9236808686DC404616B1091E0B7E12F6838F

2022-11-09 00:31:41
subject=C = NL, O = Argo CD Cert Test number 4, CN = localhost
notBefore=Nov  8 23:31:34 2022 GMT
notAfter=Nov 18 23:31:34 2022 GMT
serial=13C05C70C91E8DDC880ED715828D8E6CDD5229C7

2022-11-09 00:31:42
subject=C = NL, O = Argo CD Cert Test number 4, CN = localhost
notBefore=Nov  8 23:31:34 2022 GMT
notAfter=Nov 18 23:31:34 2022 GMT
serial=13C05C70C91E8DDC880ED715828D8E6CDD5229C7

2022-11-09 00:31:43
subject=C = NL, O = Argo CD Cert Test number 4, CN = localhost
notBefore=Nov  8 23:31:34 2022 GMT
notAfter=Nov 18 23:31:34 2022 GMT
serial=13C05C70C91E8DDC880ED715828D8E6CDD5229C7

2022-11-09 00:31:44
subject=C = NL, O = Argo CD Cert Test number 4, CN = localhost
notBefore=Nov  8 23:31:34 2022 GMT
notAfter=Nov 18 23:31:34 2022 GMT
serial=13C05C70C91E8DDC880ED715828D8E6CDD5229C7

2022-11-09 00:31:45
subject=C = NL, O = Argo CD Cert Test number 4, CN = localhost
notBefore=Nov  8 23:31:34 2022 GMT
notAfter=Nov 18 23:31:34 2022 GMT
serial=13C05C70C91E8DDC880ED715828D8E6CDD5229C7

2022-11-09 00:31:46
subject=C = NL, O = Argo CD Cert Test number 4, CN = localhost
notBefore=Nov  8 23:31:34 2022 GMT
notAfter=Nov 18 23:31:34 2022 GMT
serial=13C05C70C91E8DDC880ED715828D8E6CDD5229C7

2022-11-09 00:31:47
subject=C = NL, O = Argo CD Cert Test number 4, CN = localhost
notBefore=Nov  8 23:31:34 2022 GMT
notAfter=Nov 18 23:31:34 2022 GMT
serial=13C05C70C91E8DDC880ED715828D8E6CDD5229C7

2022-11-09 00:31:48
subject=C = NL, O = Argo CD Cert Test number 4, CN = localhost
notBefore=Nov  8 23:31:34 2022 GMT
notAfter=Nov 18 23:31:34 2022 GMT
serial=13C05C70C91E8DDC880ED715828D8E6CDD5229C7

2022-11-09 00:31:49
subject=C = NL, O = Argo CD Cert Test number 4, CN = localhost
notBefore=Nov  8 23:31:34 2022 GMT
notAfter=Nov 18 23:31:34 2022 GMT
serial=13C05C70C91E8DDC880ED715828D8E6CDD5229C7

2022-11-09 00:31:50
subject=C = NL, O = Argo CD Cert Test number 4, CN = localhost
notBefore=Nov  8 23:31:34 2022 GMT
notAfter=Nov 18 23:31:34 2022 GMT
serial=13C05C70C91E8DDC880ED715828D8E6CDD5229C7

2022-11-09 00:31:51
subject=C = NL, O = Argo CD Cert Test number 4, CN = localhost
notBefore=Nov  8 23:31:34 2022 GMT
notAfter=Nov 18 23:31:34 2022 GMT
serial=13C05C70C91E8DDC880ED715828D8E6CDD5229C7

2022-11-09 00:31:52
subject=C = NL, O = Argo CD Cert Test number 4, CN = localhost
notBefore=Nov  8 23:31:34 2022 GMT
notAfter=Nov 18 23:31:34 2022 GMT
serial=13C05C70C91E8DDC880ED715828D8E6CDD5229C7

2022-11-09 00:31:54
subject=C = NL, O = Argo CD Cert Test number 4, CN = localhost
notBefore=Nov  8 23:31:34 2022 GMT
notAfter=Nov 18 23:31:34 2022 GMT
serial=13C05C70C91E8DDC880ED715828D8E6CDD5229C7

2022-11-09 00:31:55
subject=C = NL, O = Argo CD Cert Test number 4, CN = localhost
notBefore=Nov  8 23:31:34 2022 GMT
notAfter=Nov 18 23:31:34 2022 GMT
serial=13C05C70C91E8DDC880ED715828D8E6CDD5229C7

2022-11-09 00:31:56
subject=C = NL, O = Argo CD Cert Test number 4, CN = localhost
notBefore=Nov  8 23:31:34 2022 GMT
notAfter=Nov 18 23:31:34 2022 GMT
serial=13C05C70C91E8DDC880ED715828D8E6CDD5229C7

2022-11-09 00:31:57
subject=C = NL, O = Argo CD Cert Test number 4, CN = localhost
notBefore=Nov  8 23:31:34 2022 GMT
notAfter=Nov 18 23:31:34 2022 GMT
serial=13C05C70C91E8DDC880ED715828D8E6CDD5229C7

2022-11-09 00:31:58
subject=C = NL, O = Argo CD Cert Test number 4, CN = localhost
notBefore=Nov  8 23:31:34 2022 GMT
notAfter=Nov 18 23:31:34 2022 GMT
serial=13C05C70C91E8DDC880ED715828D8E6CDD5229C7

2022-11-09 00:31:59
subject=C = NL, O = Argo CD Cert Test number 4, CN = localhost
notBefore=Nov  8 23:31:34 2022 GMT
notAfter=Nov 18 23:31:34 2022 GMT
serial=13C05C70C91E8DDC880ED715828D8E6CDD5229C7

2022-11-09 00:32:00
subject=C = NL, O = Argo CD Cert Test number 4, CN = localhost
notBefore=Nov  8 23:31:34 2022 GMT
notAfter=Nov 18 23:31:34 2022 GMT
serial=13C05C70C91E8DDC880ED715828D8E6CDD5229C7

2022-11-09 00:32:01
subject=C = NL, O = Argo CD Cert Test number 4, CN = localhost
notBefore=Nov  8 23:31:34 2022 GMT
notAfter=Nov 18 23:31:34 2022 GMT
serial=13C05C70C91E8DDC880ED715828D8E6CDD5229C7

2022-11-09 00:32:02
subject=C = NL, O = Argo CD Cert Test number 4, CN = localhost
notBefore=Nov  8 23:31:34 2022 GMT
notAfter=Nov 18 23:31:34 2022 GMT
serial=13C05C70C91E8DDC880ED715828D8E6CDD5229C7

2022-11-09 00:32:03
subject=C = NL, O = Argo CD Cert Test number 4, CN = localhost
notBefore=Nov  8 23:31:34 2022 GMT
notAfter=Nov 18 23:31:34 2022 GMT
serial=13C05C70C91E8DDC880ED715828D8E6CDD5229C7

2022-11-09 00:32:04
subject=C = NL, O = Argo CD Cert Test number 4, CN = localhost
notBefore=Nov  8 23:31:34 2022 GMT
notAfter=Nov 18 23:31:34 2022 GMT
serial=13C05C70C91E8DDC880ED715828D8E6CDD5229C7

2022-11-09 00:32:05
subject=C = NL, O = Argo CD Cert Test number 4, CN = localhost
notBefore=Nov  8 23:31:34 2022 GMT
notAfter=Nov 18 23:31:34 2022 GMT
serial=13C05C70C91E8DDC880ED715828D8E6CDD5229C7

2022-11-09 00:32:06
subject=C = NL, O = Argo CD Cert Test number 4, CN = localhost
notBefore=Nov  8 23:31:34 2022 GMT
notAfter=Nov 18 23:31:34 2022 GMT
serial=13C05C70C91E8DDC880ED715828D8E6CDD5229C7

2022-11-09 00:32:07
subject=C = NL, O = Argo CD Cert Test number 4, CN = localhost
notBefore=Nov  8 23:31:34 2022 GMT
notAfter=Nov 18 23:31:34 2022 GMT
serial=13C05C70C91E8DDC880ED715828D8E6CDD5229C7

2022-11-09 00:32:08
subject=C = NL, O = Argo CD Cert Test number 4, CN = localhost
notBefore=Nov  8 23:31:34 2022 GMT
notAfter=Nov 18 23:31:34 2022 GMT
serial=13C05C70C91E8DDC880ED715828D8E6CDD5229C7

2022-11-09 00:32:09
subject=C = NL, O = Argo CD Cert Test number 2, CN = localhost
notBefore=Nov  8 23:29:33 2022 GMT
notAfter=Nov 18 23:29:33 2022 GMT
serial=3712579B9A212C90A1F63D29E8A4F5D57733E292

2022-11-09 00:32:10
subject=C = NL, O = Argo CD Cert Test number 2, CN = localhost
notBefore=Nov  8 23:29:33 2022 GMT
notAfter=Nov 18 23:29:33 2022 GMT
serial=3712579B9A212C90A1F63D29E8A4F5D57733E292

2022-11-09 00:32:11
subject=C = NL, O = Argo CD Cert Test number 2, CN = localhost
notBefore=Nov  8 23:29:33 2022 GMT
notAfter=Nov 18 23:29:33 2022 GMT
serial=3712579B9A212C90A1F63D29E8A4F5D57733E292

2022-11-09 00:32:12
subject=C = NL, O = Argo CD Cert Test number 2, CN = localhost
notBefore=Nov  8 23:29:33 2022 GMT
notAfter=Nov 18 23:29:33 2022 GMT
serial=3712579B9A212C90A1F63D29E8A4F5D57733E292

2022-11-09 00:32:13
subject=C = NL, O = Argo CD Cert Test number 2, CN = localhost
notBefore=Nov  8 23:29:33 2022 GMT
notAfter=Nov 18 23:29:33 2022 GMT
serial=3712579B9A212C90A1F63D29E8A4F5D57733E292

2022-11-09 00:32:14
subject=C = NL, O = Argo CD Cert Test number 2, CN = localhost
notBefore=Nov  8 23:29:33 2022 GMT
notAfter=Nov 18 23:29:33 2022 GMT
serial=3712579B9A212C90A1F63D29E8A4F5D57733E292

2022-11-09 00:32:15
subject=C = NL, O = Argo CD Cert Test number 2, CN = localhost
notBefore=Nov  8 23:29:33 2022 GMT
notAfter=Nov 18 23:29:33 2022 GMT
serial=3712579B9A212C90A1F63D29E8A4F5D57733E292

2022-11-09 00:32:16
subject=C = NL, O = Argo CD Cert Test number 2, CN = localhost
notBefore=Nov  8 23:29:33 2022 GMT
notAfter=Nov 18 23:29:33 2022 GMT
serial=3712579B9A212C90A1F63D29E8A4F5D57733E292

2022-11-09 00:32:18
subject=C = NL, O = Argo CD Cert Test number 2, CN = localhost
notBefore=Nov  8 23:29:33 2022 GMT
notAfter=Nov 18 23:29:33 2022 GMT
serial=3712579B9A212C90A1F63D29E8A4F5D57733E292

2022-11-09 00:32:19
subject=C = NL, O = Argo CD Cert Test number 2, CN = localhost
notBefore=Nov  8 23:29:33 2022 GMT
notAfter=Nov 18 23:29:33 2022 GMT
serial=3712579B9A212C90A1F63D29E8A4F5D57733E292

2022-11-09 00:32:20
subject=C = NL, O = Argo CD Cert Test number 2, CN = localhost
notBefore=Nov  8 23:29:33 2022 GMT
notAfter=Nov 18 23:29:33 2022 GMT
serial=3712579B9A212C90A1F63D29E8A4F5D57733E292

2022-11-09 00:32:21
subject=C = NL, O = Argo CD Cert Test number 2, CN = localhost
notBefore=Nov  8 23:29:33 2022 GMT
notAfter=Nov 18 23:29:33 2022 GMT
serial=3712579B9A212C90A1F63D29E8A4F5D57733E292

2022-11-09 00:32:22
subject=C = NL, O = Argo CD Cert Test number 2, CN = localhost
notBefore=Nov  8 23:29:33 2022 GMT
notAfter=Nov 18 23:29:33 2022 GMT
serial=3712579B9A212C90A1F63D29E8A4F5D57733E292

2022-11-09 00:32:23
subject=C = NL, O = Argo CD Cert Test number 2, CN = localhost
notBefore=Nov  8 23:29:33 2022 GMT
notAfter=Nov 18 23:29:33 2022 GMT
serial=3712579B9A212C90A1F63D29E8A4F5D57733E292

2022-11-09 00:32:24
subject=C = NL, O = Argo CD Cert Test number 2, CN = localhost
notBefore=Nov  8 23:29:33 2022 GMT
notAfter=Nov 18 23:29:33 2022 GMT
serial=3712579B9A212C90A1F63D29E8A4F5D57733E292

2022-11-09 00:32:25
subject=C = NL, O = Argo CD Cert Test number 3, CN = localhost
notBefore=Nov  8 23:30:33 2022 GMT
notAfter=Nov 18 23:30:33 2022 GMT
serial=0C1CF273BBA3030D3C15391041096ACE4A07152A

2022-11-09 00:32:26
subject=C = NL, O = Argo CD Cert Test number 3, CN = localhost
notBefore=Nov  8 23:30:33 2022 GMT
notAfter=Nov 18 23:30:33 2022 GMT
serial=0C1CF273BBA3030D3C15391041096ACE4A07152A

2022-11-09 00:32:27
subject=C = NL, O = Argo CD Cert Test number 3, CN = localhost
notBefore=Nov  8 23:30:33 2022 GMT
notAfter=Nov 18 23:30:33 2022 GMT
serial=0C1CF273BBA3030D3C15391041096ACE4A07152A

2022-11-09 00:32:28
subject=C = NL, O = Argo CD Cert Test number 3, CN = localhost
notBefore=Nov  8 23:30:33 2022 GMT
notAfter=Nov 18 23:30:33 2022 GMT
serial=0C1CF273BBA3030D3C15391041096ACE4A07152A

2022-11-09 00:32:29
subject=C = NL, O = Argo CD Cert Test number 3, CN = localhost
notBefore=Nov  8 23:30:33 2022 GMT
notAfter=Nov 18 23:30:33 2022 GMT
serial=0C1CF273BBA3030D3C15391041096ACE4A07152A

2022-11-09 00:32:30
subject=C = NL, O = Argo CD Cert Test number 3, CN = localhost
notBefore=Nov  8 23:30:33 2022 GMT
notAfter=Nov 18 23:30:33 2022 GMT
serial=0C1CF273BBA3030D3C15391041096ACE4A07152A

2022-11-09 00:32:31
subject=C = NL, O = Argo CD Cert Test number 3, CN = localhost
notBefore=Nov  8 23:30:33 2022 GMT
notAfter=Nov 18 23:30:33 2022 GMT
serial=0C1CF273BBA3030D3C15391041096ACE4A07152A

2022-11-09 00:32:32
subject=C = NL, O = Argo CD Cert Test number 3, CN = localhost
notBefore=Nov  8 23:30:33 2022 GMT
notAfter=Nov 18 23:30:33 2022 GMT
serial=0C1CF273BBA3030D3C15391041096ACE4A07152A

2022-11-09 00:32:33
subject=C = NL, O = Argo CD Cert Test number 3, CN = localhost
notBefore=Nov  8 23:30:33 2022 GMT
notAfter=Nov 18 23:30:33 2022 GMT
serial=0C1CF273BBA3030D3C15391041096ACE4A07152A

2022-11-09 00:32:34
subject=C = NL, O = Argo CD Cert Test number 3, CN = localhost
notBefore=Nov  8 23:30:33 2022 GMT
notAfter=Nov 18 23:30:33 2022 GMT
serial=0C1CF273BBA3030D3C15391041096ACE4A07152A

2022-11-09 00:32:35
subject=C = NL, O = Argo CD Cert Test number 3, CN = localhost
notBefore=Nov  8 23:30:33 2022 GMT
notAfter=Nov 18 23:30:33 2022 GMT
serial=0C1CF273BBA3030D3C15391041096ACE4A07152A

2022-11-09 00:32:36
subject=C = NL, O = Argo CD Cert Test number 3, CN = localhost
notBefore=Nov  8 23:30:33 2022 GMT
notAfter=Nov 18 23:30:33 2022 GMT
serial=0C1CF273BBA3030D3C15391041096ACE4A07152A

2022-11-09 00:32:37
subject=C = NL, O = Argo CD Cert Test number 3, CN = localhost
notBefore=Nov  8 23:30:33 2022 GMT
notAfter=Nov 18 23:30:33 2022 GMT
serial=0C1CF273BBA3030D3C15391041096ACE4A07152A

2022-11-09 00:32:38
subject=C = NL, O = Argo CD Cert Test number 3, CN = localhost
notBefore=Nov  8 23:30:33 2022 GMT
notAfter=Nov 18 23:30:33 2022 GMT
serial=0C1CF273BBA3030D3C15391041096ACE4A07152A

2022-11-09 00:32:39
subject=C = NL, O = Argo CD Cert Test number 3, CN = localhost
notBefore=Nov  8 23:30:33 2022 GMT
notAfter=Nov 18 23:30:33 2022 GMT
serial=0C1CF273BBA3030D3C15391041096ACE4A07152A

2022-11-09 00:32:40
subject=C = NL, O = Argo CD Cert Test number 5, CN = localhost
notBefore=Nov  8 23:32:34 2022 GMT
notAfter=Nov 18 23:32:34 2022 GMT
serial=1C629A48F40B9F4345A0D03D2E82874DEF8CDE7F

2022-11-09 00:32:41
subject=C = NL, O = Argo CD Cert Test number 5, CN = localhost
notBefore=Nov  8 23:32:34 2022 GMT
notAfter=Nov 18 23:32:34 2022 GMT
serial=1C629A48F40B9F4345A0D03D2E82874DEF8CDE7F

2022-11-09 00:32:42
subject=C = NL, O = Argo CD Cert Test number 5, CN = localhost
notBefore=Nov  8 23:32:34 2022 GMT
notAfter=Nov 18 23:32:34 2022 GMT
serial=1C629A48F40B9F4345A0D03D2E82874DEF8CDE7F

2022-11-09 00:32:44
subject=C = NL, O = Argo CD Cert Test number 5, CN = localhost
notBefore=Nov  8 23:32:34 2022 GMT
notAfter=Nov 18 23:32:34 2022 GMT
serial=1C629A48F40B9F4345A0D03D2E82874DEF8CDE7F

2022-11-09 00:32:45
subject=C = NL, O = Argo CD Cert Test number 5, CN = localhost
notBefore=Nov  8 23:32:34 2022 GMT
notAfter=Nov 18 23:32:34 2022 GMT
serial=1C629A48F40B9F4345A0D03D2E82874DEF8CDE7F

2022-11-09 00:32:46
subject=C = NL, O = Argo CD Cert Test number 5, CN = localhost
notBefore=Nov  8 23:32:34 2022 GMT
notAfter=Nov 18 23:32:34 2022 GMT
serial=1C629A48F40B9F4345A0D03D2E82874DEF8CDE7F

2022-11-09 00:32:47
subject=C = NL, O = Argo CD Cert Test number 5, CN = localhost
notBefore=Nov  8 23:32:34 2022 GMT
notAfter=Nov 18 23:32:34 2022 GMT
serial=1C629A48F40B9F4345A0D03D2E82874DEF8CDE7F

2022-11-09 00:32:48
subject=C = NL, O = Argo CD Cert Test number 5, CN = localhost
notBefore=Nov  8 23:32:34 2022 GMT
notAfter=Nov 18 23:32:34 2022 GMT
serial=1C629A48F40B9F4345A0D03D2E82874DEF8CDE7F

2022-11-09 00:32:49
subject=C = NL, O = Argo CD Cert Test number 5, CN = localhost
notBefore=Nov  8 23:32:34 2022 GMT
notAfter=Nov 18 23:32:34 2022 GMT
serial=1C629A48F40B9F4345A0D03D2E82874DEF8CDE7F

2022-11-09 00:32:50
subject=C = NL, O = Argo CD Cert Test number 5, CN = localhost
notBefore=Nov  8 23:32:34 2022 GMT
notAfter=Nov 18 23:32:34 2022 GMT
serial=1C629A48F40B9F4345A0D03D2E82874DEF8CDE7F

2022-11-09 00:32:51
subject=C = NL, O = Argo CD Cert Test number 5, CN = localhost
notBefore=Nov  8 23:32:34 2022 GMT
notAfter=Nov 18 23:32:34 2022 GMT
serial=1C629A48F40B9F4345A0D03D2E82874DEF8CDE7F

2022-11-09 00:32:52
subject=C = NL, O = Argo CD Cert Test number 5, CN = localhost
notBefore=Nov  8 23:32:34 2022 GMT
notAfter=Nov 18 23:32:34 2022 GMT
serial=1C629A48F40B9F4345A0D03D2E82874DEF8CDE7F

2022-11-09 00:32:53
subject=C = NL, O = Argo CD Cert Test number 5, CN = localhost
notBefore=Nov  8 23:32:34 2022 GMT
notAfter=Nov 18 23:32:34 2022 GMT
serial=1C629A48F40B9F4345A0D03D2E82874DEF8CDE7F

2022-11-09 00:32:54
subject=C = NL, O = Argo CD Cert Test number 5, CN = localhost
notBefore=Nov  8 23:32:34 2022 GMT
notAfter=Nov 18 23:32:34 2022 GMT
serial=1C629A48F40B9F4345A0D03D2E82874DEF8CDE7F

2022-11-09 00:32:55
subject=C = NL, O = Argo CD Cert Test number 5, CN = localhost
notBefore=Nov  8 23:32:34 2022 GMT
notAfter=Nov 18 23:32:34 2022 GMT
serial=1C629A48F40B9F4345A0D03D2E82874DEF8CDE7F

2022-11-09 00:32:56
subject=C = NL, O = Argo CD Cert Test number 5, CN = localhost
notBefore=Nov  8 23:32:34 2022 GMT
notAfter=Nov 18 23:32:34 2022 GMT
serial=1C629A48F40B9F4345A0D03D2E82874DEF8CDE7F

2022-11-09 00:32:57
subject=C = NL, O = Argo CD Cert Test number 5, CN = localhost
notBefore=Nov  8 23:32:34 2022 GMT
notAfter=Nov 18 23:32:34 2022 GMT
serial=1C629A48F40B9F4345A0D03D2E82874DEF8CDE7F

2022-11-09 00:32:58
subject=C = NL, O = Argo CD Cert Test number 5, CN = localhost
notBefore=Nov  8 23:32:34 2022 GMT
notAfter=Nov 18 23:32:34 2022 GMT
serial=1C629A48F40B9F4345A0D03D2E82874DEF8CDE7F

2022-11-09 00:32:59
subject=C = NL, O = Argo CD Cert Test number 5, CN = localhost
notBefore=Nov  8 23:32:34 2022 GMT
notAfter=Nov 18 23:32:34 2022 GMT
serial=1C629A48F40B9F4345A0D03D2E82874DEF8CDE7F

2022-11-09 00:33:00
subject=C = NL, O = Argo CD Cert Test number 5, CN = localhost
notBefore=Nov  8 23:32:34 2022 GMT
notAfter=Nov 18 23:32:34 2022 GMT
serial=1C629A48F40B9F4345A0D03D2E82874DEF8CDE7F

2022-11-09 00:33:01
subject=C = NL, O = Argo CD Cert Test number 5, CN = localhost
notBefore=Nov  8 23:32:34 2022 GMT
notAfter=Nov 18 23:32:34 2022 GMT
serial=1C629A48F40B9F4345A0D03D2E82874DEF8CDE7F

2022-11-09 00:33:02
subject=C = NL, O = Argo CD Cert Test number 5, CN = localhost
notBefore=Nov  8 23:32:34 2022 GMT
notAfter=Nov 18 23:32:34 2022 GMT
serial=1C629A48F40B9F4345A0D03D2E82874DEF8CDE7F

2022-11-09 00:33:03
subject=C = NL, O = Argo CD Cert Test number 5, CN = localhost
notBefore=Nov  8 23:32:34 2022 GMT
notAfter=Nov 18 23:32:34 2022 GMT
serial=1C629A48F40B9F4345A0D03D2E82874DEF8CDE7F

2022-11-09 00:33:04
subject=C = NL, O = Argo CD Cert Test number 5, CN = localhost
notBefore=Nov  8 23:32:34 2022 GMT
notAfter=Nov 18 23:32:34 2022 GMT
serial=1C629A48F40B9F4345A0D03D2E82874DEF8CDE7F

2022-11-09 00:33:05
subject=C = NL, O = Argo CD Cert Test number 5, CN = localhost
notBefore=Nov  8 23:32:34 2022 GMT
notAfter=Nov 18 23:32:34 2022 GMT
serial=1C629A48F40B9F4345A0D03D2E82874DEF8CDE7F

2022-11-09 00:33:06
subject=C = NL, O = Argo CD Cert Test number 5, CN = localhost
notBefore=Nov  8 23:32:34 2022 GMT
notAfter=Nov 18 23:32:34 2022 GMT
serial=1C629A48F40B9F4345A0D03D2E82874DEF8CDE7F

2022-11-09 00:33:08
subject=C = NL, O = Argo CD Cert Test number 5, CN = localhost
notBefore=Nov  8 23:32:34 2022 GMT
notAfter=Nov 18 23:32:34 2022 GMT
serial=1C629A48F40B9F4345A0D03D2E82874DEF8CDE7F

2022-11-09 00:33:09
subject=C = NL, O = Argo CD Cert Test number 5, CN = localhost
notBefore=Nov  8 23:32:34 2022 GMT
notAfter=Nov 18 23:32:34 2022 GMT
serial=1C629A48F40B9F4345A0D03D2E82874DEF8CDE7F

2022-11-09 00:33:10
subject=C = NL, O = Argo CD Cert Test number 5, CN = localhost
notBefore=Nov  8 23:32:34 2022 GMT
notAfter=Nov 18 23:32:34 2022 GMT
serial=1C629A48F40B9F4345A0D03D2E82874DEF8CDE7F

2022-11-09 00:33:11
subject=C = NL, O = Argo CD Cert Test number 3, CN = localhost
notBefore=Nov  8 23:30:33 2022 GMT
notAfter=Nov 18 23:30:33 2022 GMT
serial=0C1CF273BBA3030D3C15391041096ACE4A07152A

2022-11-09 00:33:12
subject=C = NL, O = Argo CD Cert Test number 3, CN = localhost
notBefore=Nov  8 23:30:33 2022 GMT
notAfter=Nov 18 23:30:33 2022 GMT
serial=0C1CF273BBA3030D3C15391041096ACE4A07152A

2022-11-09 00:33:13
subject=C = NL, O = Argo CD Cert Test number 3, CN = localhost
notBefore=Nov  8 23:30:33 2022 GMT
notAfter=Nov 18 23:30:33 2022 GMT
serial=0C1CF273BBA3030D3C15391041096ACE4A07152A

2022-11-09 00:33:14
subject=C = NL, O = Argo CD Cert Test number 3, CN = localhost
notBefore=Nov  8 23:30:33 2022 GMT
notAfter=Nov 18 23:30:33 2022 GMT
serial=0C1CF273BBA3030D3C15391041096ACE4A07152A

2022-11-09 00:33:15
subject=C = NL, O = Argo CD Cert Test number 3, CN = localhost
notBefore=Nov  8 23:30:33 2022 GMT
notAfter=Nov 18 23:30:33 2022 GMT
serial=0C1CF273BBA3030D3C15391041096ACE4A07152A

2022-11-09 00:33:16
subject=C = NL, O = Argo CD Cert Test number 3, CN = localhost
notBefore=Nov  8 23:30:33 2022 GMT
notAfter=Nov 18 23:30:33 2022 GMT
serial=0C1CF273BBA3030D3C15391041096ACE4A07152A

2022-11-09 00:33:17
subject=C = NL, O = Argo CD Cert Test number 3, CN = localhost
notBefore=Nov  8 23:30:33 2022 GMT
notAfter=Nov 18 23:30:33 2022 GMT
serial=0C1CF273BBA3030D3C15391041096ACE4A07152A

2022-11-09 00:33:18
subject=C = NL, O = Argo CD Cert Test number 3, CN = localhost
notBefore=Nov  8 23:30:33 2022 GMT
notAfter=Nov 18 23:30:33 2022 GMT
serial=0C1CF273BBA3030D3C15391041096ACE4A07152A

2022-11-09 00:33:19
subject=C = NL, O = Argo CD Cert Test number 3, CN = localhost
notBefore=Nov  8 23:30:33 2022 GMT
notAfter=Nov 18 23:30:33 2022 GMT
serial=0C1CF273BBA3030D3C15391041096ACE4A07152A

2022-11-09 00:33:20
subject=C = NL, O = Argo CD Cert Test number 5, CN = localhost
notBefore=Nov  8 23:32:34 2022 GMT
notAfter=Nov 18 23:32:34 2022 GMT
serial=1C629A48F40B9F4345A0D03D2E82874DEF8CDE7F

2022-11-09 00:33:21
subject=C = NL, O = Argo CD Cert Test number 5, CN = localhost
notBefore=Nov  8 23:32:34 2022 GMT
notAfter=Nov 18 23:32:34 2022 GMT
serial=1C629A48F40B9F4345A0D03D2E82874DEF8CDE7F

2022-11-09 00:33:22
subject=C = NL, O = Argo CD Cert Test number 5, CN = localhost
notBefore=Nov  8 23:32:34 2022 GMT
notAfter=Nov 18 23:32:34 2022 GMT
serial=1C629A48F40B9F4345A0D03D2E82874DEF8CDE7F

2022-11-09 00:33:23
subject=C = NL, O = Argo CD Cert Test number 5, CN = localhost
notBefore=Nov  8 23:32:34 2022 GMT
notAfter=Nov 18 23:32:34 2022 GMT
serial=1C629A48F40B9F4345A0D03D2E82874DEF8CDE7F

2022-11-09 00:33:24
subject=C = NL, O = Argo CD Cert Test number 5, CN = localhost
notBefore=Nov  8 23:32:34 2022 GMT
notAfter=Nov 18 23:32:34 2022 GMT
serial=1C629A48F40B9F4345A0D03D2E82874DEF8CDE7F

2022-11-09 00:33:25
subject=C = NL, O = Argo CD Cert Test number 5, CN = localhost
notBefore=Nov  8 23:32:34 2022 GMT
notAfter=Nov 18 23:32:34 2022 GMT
serial=1C629A48F40B9F4345A0D03D2E82874DEF8CDE7F

2022-11-09 00:33:26
subject=C = NL, O = Argo CD Cert Test number 5, CN = localhost
notBefore=Nov  8 23:32:34 2022 GMT
notAfter=Nov 18 23:32:34 2022 GMT
serial=1C629A48F40B9F4345A0D03D2E82874DEF8CDE7F

2022-11-09 00:33:27
subject=C = NL, O = Argo CD Cert Test number 5, CN = localhost
notBefore=Nov  8 23:32:34 2022 GMT
notAfter=Nov 18 23:32:34 2022 GMT
serial=1C629A48F40B9F4345A0D03D2E82874DEF8CDE7F

2022-11-09 00:33:28
subject=C = NL, O = Argo CD Cert Test number 5, CN = localhost
notBefore=Nov  8 23:32:34 2022 GMT
notAfter=Nov 18 23:32:34 2022 GMT
serial=1C629A48F40B9F4345A0D03D2E82874DEF8CDE7F

2022-11-09 00:33:29
subject=C = NL, O = Argo CD Cert Test number 5, CN = localhost
notBefore=Nov  8 23:32:34 2022 GMT
notAfter=Nov 18 23:32:34 2022 GMT
serial=1C629A48F40B9F4345A0D03D2E82874DEF8CDE7F

2022-11-09 00:33:30
subject=C = NL, O = Argo CD Cert Test number 5, CN = localhost
notBefore=Nov  8 23:32:34 2022 GMT
notAfter=Nov 18 23:32:34 2022 GMT
serial=1C629A48F40B9F4345A0D03D2E82874DEF8CDE7F

2022-11-09 00:33:32
subject=C = NL, O = Argo CD Cert Test number 5, CN = localhost
notBefore=Nov  8 23:32:34 2022 GMT
notAfter=Nov 18 23:32:34 2022 GMT
serial=1C629A48F40B9F4345A0D03D2E82874DEF8CDE7F

2022-11-09 00:33:33
subject=C = NL, O = Argo CD Cert Test number 5, CN = localhost
notBefore=Nov  8 23:32:34 2022 GMT
notAfter=Nov 18 23:32:34 2022 GMT
serial=1C629A48F40B9F4345A0D03D2E82874DEF8CDE7F

2022-11-09 00:33:34
subject=C = NL, O = Argo CD Cert Test number 5, CN = localhost
notBefore=Nov  8 23:32:34 2022 GMT
notAfter=Nov 18 23:32:34 2022 GMT
serial=1C629A48F40B9F4345A0D03D2E82874DEF8CDE7F

2022-11-09 00:33:35
subject=C = NL, O = Argo CD Cert Test number 5, CN = localhost
notBefore=Nov  8 23:32:34 2022 GMT
notAfter=Nov 18 23:32:34 2022 GMT
serial=1C629A48F40B9F4345A0D03D2E82874DEF8CDE7F

2022-11-09 00:33:36
subject=C = NL, O = Argo CD Cert Test number 3, CN = localhost
notBefore=Nov  8 23:30:33 2022 GMT
notAfter=Nov 18 23:30:33 2022 GMT
serial=0C1CF273BBA3030D3C15391041096ACE4A07152A

2022-11-09 00:33:37
subject=C = NL, O = Argo CD Cert Test number 3, CN = localhost
notBefore=Nov  8 23:30:33 2022 GMT
notAfter=Nov 18 23:30:33 2022 GMT
serial=0C1CF273BBA3030D3C15391041096ACE4A07152A

