2022-11-09 00:15:28
subject=O = Argo CD
notBefore=Nov  8 23:14:39 2022 GMT
notAfter=Nov  8 23:14:39 2023 GMT
serial=E14794B20A285241917A0CBBE00958A8

2022-11-09 00:15:29
subject=O = Argo CD
notBefore=Nov  8 23:14:39 2022 GMT
notAfter=Nov  8 23:14:39 2023 GMT
serial=E14794B20A285241917A0CBBE00958A8

2022-11-09 00:15:31
subject=O = Argo CD
notBefore=Nov  8 23:14:39 2022 GMT
notAfter=Nov  8 23:14:39 2023 GMT
serial=E14794B20A285241917A0CBBE00958A8

2022-11-09 00:15:32
subject=O = Argo CD
notBefore=Nov  8 23:14:39 2022 GMT
notAfter=Nov  8 23:14:39 2023 GMT
serial=E14794B20A285241917A0CBBE00958A8

2022-11-09 00:15:33
subject=O = Argo CD
notBefore=Nov  8 23:14:39 2022 GMT
notAfter=Nov  8 23:14:39 2023 GMT
serial=E14794B20A285241917A0CBBE00958A8

2022-11-09 00:15:34
subject=O = Argo CD
notBefore=Nov  8 23:14:39 2022 GMT
notAfter=Nov  8 23:14:39 2023 GMT
serial=E14794B20A285241917A0CBBE00958A8

2022-11-09 00:15:35
subject=O = Argo CD
notBefore=Nov  8 23:14:39 2022 GMT
notAfter=Nov  8 23:14:39 2023 GMT
serial=E14794B20A285241917A0CBBE00958A8

2022-11-09 00:15:36
subject=O = Argo CD
notBefore=Nov  8 23:14:39 2022 GMT
notAfter=Nov  8 23:14:39 2023 GMT
serial=E14794B20A285241917A0CBBE00958A8

2022-11-09 00:15:37
subject=O = Argo CD
notBefore=Nov  8 23:14:39 2022 GMT
notAfter=Nov  8 23:14:39 2023 GMT
serial=E14794B20A285241917A0CBBE00958A8

2022-11-09 00:15:38
subject=O = Argo CD
notBefore=Nov  8 23:14:39 2022 GMT
notAfter=Nov  8 23:14:39 2023 GMT
serial=E14794B20A285241917A0CBBE00958A8

2022-11-09 00:15:39
subject=O = Argo CD
notBefore=Nov  8 23:14:39 2022 GMT
notAfter=Nov  8 23:14:39 2023 GMT
serial=E14794B20A285241917A0CBBE00958A8

2022-11-09 00:15:40
subject=C = NL, O = Argo CD Cert Test number 1, CN = localhost
notBefore=Nov  8 23:15:38 2022 GMT
notAfter=Nov 18 23:15:38 2022 GMT
serial=4D7D3646F6DFF910219D0378CEBD8DB19A9E0B1C

2022-11-09 00:15:41
subject=C = NL, O = Argo CD Cert Test number 1, CN = localhost
notBefore=Nov  8 23:15:38 2022 GMT
notAfter=Nov 18 23:15:38 2022 GMT
serial=4D7D3646F6DFF910219D0378CEBD8DB19A9E0B1C

2022-11-09 00:15:42
subject=C = NL, O = Argo CD Cert Test number 1, CN = localhost
notBefore=Nov  8 23:15:38 2022 GMT
notAfter=Nov 18 23:15:38 2022 GMT
serial=4D7D3646F6DFF910219D0378CEBD8DB19A9E0B1C

2022-11-09 00:15:43
subject=C = NL, O = Argo CD Cert Test number 1, CN = localhost
notBefore=Nov  8 23:15:38 2022 GMT
notAfter=Nov 18 23:15:38 2022 GMT
serial=4D7D3646F6DFF910219D0378CEBD8DB19A9E0B1C

2022-11-09 00:15:44
subject=C = NL, O = Argo CD Cert Test number 1, CN = localhost
notBefore=Nov  8 23:15:38 2022 GMT
notAfter=Nov 18 23:15:38 2022 GMT
serial=4D7D3646F6DFF910219D0378CEBD8DB19A9E0B1C

2022-11-09 00:15:45
subject=C = NL, O = Argo CD Cert Test number 1, CN = localhost
notBefore=Nov  8 23:15:38 2022 GMT
notAfter=Nov 18 23:15:38 2022 GMT
serial=4D7D3646F6DFF910219D0378CEBD8DB19A9E0B1C

2022-11-09 00:15:46
subject=C = NL, O = Argo CD Cert Test number 1, CN = localhost
notBefore=Nov  8 23:15:38 2022 GMT
notAfter=Nov 18 23:15:38 2022 GMT
serial=4D7D3646F6DFF910219D0378CEBD8DB19A9E0B1C

2022-11-09 00:15:47
subject=C = NL, O = Argo CD Cert Test number 1, CN = localhost
notBefore=Nov  8 23:15:38 2022 GMT
notAfter=Nov 18 23:15:38 2022 GMT
serial=4D7D3646F6DFF910219D0378CEBD8DB19A9E0B1C

2022-11-09 00:15:48
subject=C = NL, O = Argo CD Cert Test number 1, CN = localhost
notBefore=Nov  8 23:15:38 2022 GMT
notAfter=Nov 18 23:15:38 2022 GMT
serial=4D7D3646F6DFF910219D0378CEBD8DB19A9E0B1C

2022-11-09 00:15:49
subject=C = NL, O = Argo CD Cert Test number 1, CN = localhost
notBefore=Nov  8 23:15:38 2022 GMT
notAfter=Nov 18 23:15:38 2022 GMT
serial=4D7D3646F6DFF910219D0378CEBD8DB19A9E0B1C

2022-11-09 00:15:50
subject=C = NL, O = Argo CD Cert Test number 1, CN = localhost
notBefore=Nov  8 23:15:38 2022 GMT
notAfter=Nov 18 23:15:38 2022 GMT
serial=4D7D3646F6DFF910219D0378CEBD8DB19A9E0B1C

2022-11-09 00:15:51
subject=C = NL, O = Argo CD Cert Test number 1, CN = localhost
notBefore=Nov  8 23:15:38 2022 GMT
notAfter=Nov 18 23:15:38 2022 GMT
serial=4D7D3646F6DFF910219D0378CEBD8DB19A9E0B1C

2022-11-09 00:15:52
subject=C = NL, O = Argo CD Cert Test number 1, CN = localhost
notBefore=Nov  8 23:15:38 2022 GMT
notAfter=Nov 18 23:15:38 2022 GMT
serial=4D7D3646F6DFF910219D0378CEBD8DB19A9E0B1C

2022-11-09 00:15:53
subject=C = NL, O = Argo CD Cert Test number 1, CN = localhost
notBefore=Nov  8 23:15:38 2022 GMT
notAfter=Nov 18 23:15:38 2022 GMT
serial=4D7D3646F6DFF910219D0378CEBD8DB19A9E0B1C

2022-11-09 00:15:54
subject=C = NL, O = Argo CD Cert Test number 1, CN = localhost
notBefore=Nov  8 23:15:38 2022 GMT
notAfter=Nov 18 23:15:38 2022 GMT
serial=4D7D3646F6DFF910219D0378CEBD8DB19A9E0B1C

2022-11-09 00:15:56
subject=C = NL, O = Argo CD Cert Test number 1, CN = localhost
notBefore=Nov  8 23:15:38 2022 GMT
notAfter=Nov 18 23:15:38 2022 GMT
serial=4D7D3646F6DFF910219D0378CEBD8DB19A9E0B1C

2022-11-09 00:15:57
subject=C = NL, O = Argo CD Cert Test number 1, CN = localhost
notBefore=Nov  8 23:15:38 2022 GMT
notAfter=Nov 18 23:15:38 2022 GMT
serial=4D7D3646F6DFF910219D0378CEBD8DB19A9E0B1C

2022-11-09 00:15:58
subject=C = NL, O = Argo CD Cert Test number 1, CN = localhost
notBefore=Nov  8 23:15:38 2022 GMT
notAfter=Nov 18 23:15:38 2022 GMT
serial=4D7D3646F6DFF910219D0378CEBD8DB19A9E0B1C

2022-11-09 00:15:59
subject=C = NL, O = Argo CD Cert Test number 1, CN = localhost
notBefore=Nov  8 23:15:38 2022 GMT
notAfter=Nov 18 23:15:38 2022 GMT
serial=4D7D3646F6DFF910219D0378CEBD8DB19A9E0B1C

2022-11-09 00:16:00
subject=C = NL, O = Argo CD Cert Test number 1, CN = localhost
notBefore=Nov  8 23:15:38 2022 GMT
notAfter=Nov 18 23:15:38 2022 GMT
serial=4D7D3646F6DFF910219D0378CEBD8DB19A9E0B1C

2022-11-09 00:16:01
subject=C = NL, O = Argo CD Cert Test number 1, CN = localhost
notBefore=Nov  8 23:15:38 2022 GMT
notAfter=Nov 18 23:15:38 2022 GMT
serial=4D7D3646F6DFF910219D0378CEBD8DB19A9E0B1C

2022-11-09 00:16:02
subject=C = NL, O = Argo CD Cert Test number 1, CN = localhost
notBefore=Nov  8 23:15:38 2022 GMT
notAfter=Nov 18 23:15:38 2022 GMT
serial=4D7D3646F6DFF910219D0378CEBD8DB19A9E0B1C

2022-11-09 00:16:03
subject=C = NL, O = Argo CD Cert Test number 1, CN = localhost
notBefore=Nov  8 23:15:38 2022 GMT
notAfter=Nov 18 23:15:38 2022 GMT
serial=4D7D3646F6DFF910219D0378CEBD8DB19A9E0B1C

2022-11-09 00:16:04
subject=C = NL, O = Argo CD Cert Test number 1, CN = localhost
notBefore=Nov  8 23:15:38 2022 GMT
notAfter=Nov 18 23:15:38 2022 GMT
serial=4D7D3646F6DFF910219D0378CEBD8DB19A9E0B1C

2022-11-09 00:16:05
subject=C = NL, O = Argo CD Cert Test number 1, CN = localhost
notBefore=Nov  8 23:15:38 2022 GMT
notAfter=Nov 18 23:15:38 2022 GMT
serial=4D7D3646F6DFF910219D0378CEBD8DB19A9E0B1C

2022-11-09 00:16:06
subject=C = NL, O = Argo CD Cert Test number 1, CN = localhost
notBefore=Nov  8 23:15:38 2022 GMT
notAfter=Nov 18 23:15:38 2022 GMT
serial=4D7D3646F6DFF910219D0378CEBD8DB19A9E0B1C

2022-11-09 00:16:07
subject=C = NL, O = Argo CD Cert Test number 1, CN = localhost
notBefore=Nov  8 23:15:38 2022 GMT
notAfter=Nov 18 23:15:38 2022 GMT
serial=4D7D3646F6DFF910219D0378CEBD8DB19A9E0B1C

2022-11-09 00:16:08
subject=C = NL, O = Argo CD Cert Test number 1, CN = localhost
notBefore=Nov  8 23:15:38 2022 GMT
notAfter=Nov 18 23:15:38 2022 GMT
serial=4D7D3646F6DFF910219D0378CEBD8DB19A9E0B1C

2022-11-09 00:16:09
subject=C = NL, O = Argo CD Cert Test number 1, CN = localhost
notBefore=Nov  8 23:15:38 2022 GMT
notAfter=Nov 18 23:15:38 2022 GMT
serial=4D7D3646F6DFF910219D0378CEBD8DB19A9E0B1C

2022-11-09 00:16:10
subject=C = NL, O = Argo CD Cert Test number 1, CN = localhost
notBefore=Nov  8 23:15:38 2022 GMT
notAfter=Nov 18 23:15:38 2022 GMT
serial=4D7D3646F6DFF910219D0378CEBD8DB19A9E0B1C

2022-11-09 00:16:11
subject=C = NL, O = Argo CD Cert Test number 1, CN = localhost
notBefore=Nov  8 23:15:38 2022 GMT
notAfter=Nov 18 23:15:38 2022 GMT
serial=4D7D3646F6DFF910219D0378CEBD8DB19A9E0B1C

2022-11-09 00:16:12
subject=C = NL, O = Argo CD Cert Test number 1, CN = localhost
notBefore=Nov  8 23:15:38 2022 GMT
notAfter=Nov 18 23:15:38 2022 GMT
serial=4D7D3646F6DFF910219D0378CEBD8DB19A9E0B1C

2022-11-09 00:16:13
subject=C = NL, O = Argo CD Cert Test number 1, CN = localhost
notBefore=Nov  8 23:15:38 2022 GMT
notAfter=Nov 18 23:15:38 2022 GMT
serial=4D7D3646F6DFF910219D0378CEBD8DB19A9E0B1C

2022-11-09 00:16:14
subject=C = NL, O = Argo CD Cert Test number 1, CN = localhost
notBefore=Nov  8 23:15:38 2022 GMT
notAfter=Nov 18 23:15:38 2022 GMT
serial=4D7D3646F6DFF910219D0378CEBD8DB19A9E0B1C

2022-11-09 00:16:15
subject=C = NL, O = Argo CD Cert Test number 1, CN = localhost
notBefore=Nov  8 23:15:38 2022 GMT
notAfter=Nov 18 23:15:38 2022 GMT
serial=4D7D3646F6DFF910219D0378CEBD8DB19A9E0B1C

2022-11-09 00:16:16
subject=C = NL, O = Argo CD Cert Test number 1, CN = localhost
notBefore=Nov  8 23:15:38 2022 GMT
notAfter=Nov 18 23:15:38 2022 GMT
serial=4D7D3646F6DFF910219D0378CEBD8DB19A9E0B1C

2022-11-09 00:16:17
subject=C = NL, O = Argo CD Cert Test number 1, CN = localhost
notBefore=Nov  8 23:15:38 2022 GMT
notAfter=Nov 18 23:15:38 2022 GMT
serial=4D7D3646F6DFF910219D0378CEBD8DB19A9E0B1C

2022-11-09 00:16:18
subject=C = NL, O = Argo CD Cert Test number 1, CN = localhost
notBefore=Nov  8 23:15:38 2022 GMT
notAfter=Nov 18 23:15:38 2022 GMT
serial=4D7D3646F6DFF910219D0378CEBD8DB19A9E0B1C

2022-11-09 00:16:20
subject=C = NL, O = Argo CD Cert Test number 1, CN = localhost
notBefore=Nov  8 23:15:38 2022 GMT
notAfter=Nov 18 23:15:38 2022 GMT
serial=4D7D3646F6DFF910219D0378CEBD8DB19A9E0B1C

2022-11-09 00:16:21
subject=C = NL, O = Argo CD Cert Test number 1, CN = localhost
notBefore=Nov  8 23:15:38 2022 GMT
notAfter=Nov 18 23:15:38 2022 GMT
serial=4D7D3646F6DFF910219D0378CEBD8DB19A9E0B1C

2022-11-09 00:16:22
subject=C = NL, O = Argo CD Cert Test number 1, CN = localhost
notBefore=Nov  8 23:15:38 2022 GMT
notAfter=Nov 18 23:15:38 2022 GMT
serial=4D7D3646F6DFF910219D0378CEBD8DB19A9E0B1C

2022-11-09 00:16:23
subject=C = NL, O = Argo CD Cert Test number 1, CN = localhost
notBefore=Nov  8 23:15:38 2022 GMT
notAfter=Nov 18 23:15:38 2022 GMT
serial=4D7D3646F6DFF910219D0378CEBD8DB19A9E0B1C

2022-11-09 00:16:24
subject=C = NL, O = Argo CD Cert Test number 1, CN = localhost
notBefore=Nov  8 23:15:38 2022 GMT
notAfter=Nov 18 23:15:38 2022 GMT
serial=4D7D3646F6DFF910219D0378CEBD8DB19A9E0B1C

2022-11-09 00:16:25
subject=C = NL, O = Argo CD Cert Test number 1, CN = localhost
notBefore=Nov  8 23:15:38 2022 GMT
notAfter=Nov 18 23:15:38 2022 GMT
serial=4D7D3646F6DFF910219D0378CEBD8DB19A9E0B1C

2022-11-09 00:16:26
subject=C = NL, O = Argo CD Cert Test number 1, CN = localhost
notBefore=Nov  8 23:15:38 2022 GMT
notAfter=Nov 18 23:15:38 2022 GMT
serial=4D7D3646F6DFF910219D0378CEBD8DB19A9E0B1C

2022-11-09 00:16:27
subject=C = NL, O = Argo CD Cert Test number 1, CN = localhost
notBefore=Nov  8 23:15:38 2022 GMT
notAfter=Nov 18 23:15:38 2022 GMT
serial=4D7D3646F6DFF910219D0378CEBD8DB19A9E0B1C

2022-11-09 00:16:28
subject=C = NL, O = Argo CD Cert Test number 1, CN = localhost
notBefore=Nov  8 23:15:38 2022 GMT
notAfter=Nov 18 23:15:38 2022 GMT
serial=4D7D3646F6DFF910219D0378CEBD8DB19A9E0B1C

2022-11-09 00:16:29
subject=C = NL, O = Argo CD Cert Test number 1, CN = localhost
notBefore=Nov  8 23:15:38 2022 GMT
notAfter=Nov 18 23:15:38 2022 GMT
serial=4D7D3646F6DFF910219D0378CEBD8DB19A9E0B1C

2022-11-09 00:16:30
subject=C = NL, O = Argo CD Cert Test number 1, CN = localhost
notBefore=Nov  8 23:15:38 2022 GMT
notAfter=Nov 18 23:15:38 2022 GMT
serial=4D7D3646F6DFF910219D0378CEBD8DB19A9E0B1C

2022-11-09 00:16:31
subject=C = NL, O = Argo CD Cert Test number 1, CN = localhost
notBefore=Nov  8 23:15:38 2022 GMT
notAfter=Nov 18 23:15:38 2022 GMT
serial=4D7D3646F6DFF910219D0378CEBD8DB19A9E0B1C

2022-11-09 00:16:32
subject=C = NL, O = Argo CD Cert Test number 1, CN = localhost
notBefore=Nov  8 23:15:38 2022 GMT
notAfter=Nov 18 23:15:38 2022 GMT
serial=4D7D3646F6DFF910219D0378CEBD8DB19A9E0B1C

2022-11-09 00:16:33
subject=C = NL, O = Argo CD Cert Test number 1, CN = localhost
notBefore=Nov  8 23:15:38 2022 GMT
notAfter=Nov 18 23:15:38 2022 GMT
serial=4D7D3646F6DFF910219D0378CEBD8DB19A9E0B1C

2022-11-09 00:16:34
subject=C = NL, O = Argo CD Cert Test number 1, CN = localhost
notBefore=Nov  8 23:15:38 2022 GMT
notAfter=Nov 18 23:15:38 2022 GMT
serial=4D7D3646F6DFF910219D0378CEBD8DB19A9E0B1C

2022-11-09 00:16:35
subject=C = NL, O = Argo CD Cert Test number 1, CN = localhost
notBefore=Nov  8 23:15:38 2022 GMT
notAfter=Nov 18 23:15:38 2022 GMT
serial=4D7D3646F6DFF910219D0378CEBD8DB19A9E0B1C

2022-11-09 00:16:36
subject=C = NL, O = Argo CD Cert Test number 1, CN = localhost
notBefore=Nov  8 23:15:38 2022 GMT
notAfter=Nov 18 23:15:38 2022 GMT
serial=4D7D3646F6DFF910219D0378CEBD8DB19A9E0B1C

2022-11-09 00:16:37
subject=C = NL, O = Argo CD Cert Test number 1, CN = localhost
notBefore=Nov  8 23:15:38 2022 GMT
notAfter=Nov 18 23:15:38 2022 GMT
serial=4D7D3646F6DFF910219D0378CEBD8DB19A9E0B1C

2022-11-09 00:16:38
subject=C = NL, O = Argo CD Cert Test number 1, CN = localhost
notBefore=Nov  8 23:15:38 2022 GMT
notAfter=Nov 18 23:15:38 2022 GMT
serial=4D7D3646F6DFF910219D0378CEBD8DB19A9E0B1C

2022-11-09 00:16:39
subject=C = NL, O = Argo CD Cert Test number 1, CN = localhost
notBefore=Nov  8 23:15:38 2022 GMT
notAfter=Nov 18 23:15:38 2022 GMT
serial=4D7D3646F6DFF910219D0378CEBD8DB19A9E0B1C

2022-11-09 00:16:40
subject=C = NL, O = Argo CD Cert Test number 2, CN = localhost
notBefore=Nov  8 23:16:39 2022 GMT
notAfter=Nov 18 23:16:39 2022 GMT
serial=361005BA1FE6AE0954372BC0F9A82EC8DCC4B828

2022-11-09 00:16:41
subject=C = NL, O = Argo CD Cert Test number 2, CN = localhost
notBefore=Nov  8 23:16:39 2022 GMT
notAfter=Nov 18 23:16:39 2022 GMT
serial=361005BA1FE6AE0954372BC0F9A82EC8DCC4B828

2022-11-09 00:16:42
subject=C = NL, O = Argo CD Cert Test number 2, CN = localhost
notBefore=Nov  8 23:16:39 2022 GMT
notAfter=Nov 18 23:16:39 2022 GMT
serial=361005BA1FE6AE0954372BC0F9A82EC8DCC4B828

2022-11-09 00:16:43
subject=C = NL, O = Argo CD Cert Test number 2, CN = localhost
notBefore=Nov  8 23:16:39 2022 GMT
notAfter=Nov 18 23:16:39 2022 GMT
serial=361005BA1FE6AE0954372BC0F9A82EC8DCC4B828

2022-11-09 00:16:44
subject=C = NL, O = Argo CD Cert Test number 2, CN = localhost
notBefore=Nov  8 23:16:39 2022 GMT
notAfter=Nov 18 23:16:39 2022 GMT
serial=361005BA1FE6AE0954372BC0F9A82EC8DCC4B828

2022-11-09 00:16:45
subject=C = NL, O = Argo CD Cert Test number 2, CN = localhost
notBefore=Nov  8 23:16:39 2022 GMT
notAfter=Nov 18 23:16:39 2022 GMT
serial=361005BA1FE6AE0954372BC0F9A82EC8DCC4B828

2022-11-09 00:16:46
subject=C = NL, O = Argo CD Cert Test number 2, CN = localhost
notBefore=Nov  8 23:16:39 2022 GMT
notAfter=Nov 18 23:16:39 2022 GMT
serial=361005BA1FE6AE0954372BC0F9A82EC8DCC4B828

2022-11-09 00:16:48
subject=C = NL, O = Argo CD Cert Test number 2, CN = localhost
notBefore=Nov  8 23:16:39 2022 GMT
notAfter=Nov 18 23:16:39 2022 GMT
serial=361005BA1FE6AE0954372BC0F9A82EC8DCC4B828

2022-11-09 00:16:49
subject=C = NL, O = Argo CD Cert Test number 2, CN = localhost
notBefore=Nov  8 23:16:39 2022 GMT
notAfter=Nov 18 23:16:39 2022 GMT
serial=361005BA1FE6AE0954372BC0F9A82EC8DCC4B828

2022-11-09 00:16:50
subject=C = NL, O = Argo CD Cert Test number 2, CN = localhost
notBefore=Nov  8 23:16:39 2022 GMT
notAfter=Nov 18 23:16:39 2022 GMT
serial=361005BA1FE6AE0954372BC0F9A82EC8DCC4B828

2022-11-09 00:16:51
subject=C = NL, O = Argo CD Cert Test number 2, CN = localhost
notBefore=Nov  8 23:16:39 2022 GMT
notAfter=Nov 18 23:16:39 2022 GMT
serial=361005BA1FE6AE0954372BC0F9A82EC8DCC4B828

2022-11-09 00:16:52
subject=C = NL, O = Argo CD Cert Test number 2, CN = localhost
notBefore=Nov  8 23:16:39 2022 GMT
notAfter=Nov 18 23:16:39 2022 GMT
serial=361005BA1FE6AE0954372BC0F9A82EC8DCC4B828

2022-11-09 00:16:53
subject=C = NL, O = Argo CD Cert Test number 2, CN = localhost
notBefore=Nov  8 23:16:39 2022 GMT
notAfter=Nov 18 23:16:39 2022 GMT
serial=361005BA1FE6AE0954372BC0F9A82EC8DCC4B828

2022-11-09 00:16:54
subject=C = NL, O = Argo CD Cert Test number 2, CN = localhost
notBefore=Nov  8 23:16:39 2022 GMT
notAfter=Nov 18 23:16:39 2022 GMT
serial=361005BA1FE6AE0954372BC0F9A82EC8DCC4B828

2022-11-09 00:16:55
subject=C = NL, O = Argo CD Cert Test number 2, CN = localhost
notBefore=Nov  8 23:16:39 2022 GMT
notAfter=Nov 18 23:16:39 2022 GMT
serial=361005BA1FE6AE0954372BC0F9A82EC8DCC4B828

2022-11-09 00:16:56
subject=C = NL, O = Argo CD Cert Test number 2, CN = localhost
notBefore=Nov  8 23:16:39 2022 GMT
notAfter=Nov 18 23:16:39 2022 GMT
serial=361005BA1FE6AE0954372BC0F9A82EC8DCC4B828

2022-11-09 00:16:57
subject=C = NL, O = Argo CD Cert Test number 2, CN = localhost
notBefore=Nov  8 23:16:39 2022 GMT
notAfter=Nov 18 23:16:39 2022 GMT
serial=361005BA1FE6AE0954372BC0F9A82EC8DCC4B828

2022-11-09 00:16:58
subject=C = NL, O = Argo CD Cert Test number 2, CN = localhost
notBefore=Nov  8 23:16:39 2022 GMT
notAfter=Nov 18 23:16:39 2022 GMT
serial=361005BA1FE6AE0954372BC0F9A82EC8DCC4B828

2022-11-09 00:16:59
subject=C = NL, O = Argo CD Cert Test number 2, CN = localhost
notBefore=Nov  8 23:16:39 2022 GMT
notAfter=Nov 18 23:16:39 2022 GMT
serial=361005BA1FE6AE0954372BC0F9A82EC8DCC4B828

2022-11-09 00:17:00
subject=C = NL, O = Argo CD Cert Test number 2, CN = localhost
notBefore=Nov  8 23:16:39 2022 GMT
notAfter=Nov 18 23:16:39 2022 GMT
serial=361005BA1FE6AE0954372BC0F9A82EC8DCC4B828

2022-11-09 00:17:01
subject=C = NL, O = Argo CD Cert Test number 2, CN = localhost
notBefore=Nov  8 23:16:39 2022 GMT
notAfter=Nov 18 23:16:39 2022 GMT
serial=361005BA1FE6AE0954372BC0F9A82EC8DCC4B828

2022-11-09 00:17:02
subject=C = NL, O = Argo CD Cert Test number 2, CN = localhost
notBefore=Nov  8 23:16:39 2022 GMT
notAfter=Nov 18 23:16:39 2022 GMT
serial=361005BA1FE6AE0954372BC0F9A82EC8DCC4B828

2022-11-09 00:17:03
subject=C = NL, O = Argo CD Cert Test number 2, CN = localhost
notBefore=Nov  8 23:16:39 2022 GMT
notAfter=Nov 18 23:16:39 2022 GMT
serial=361005BA1FE6AE0954372BC0F9A82EC8DCC4B828

2022-11-09 00:17:04
subject=C = NL, O = Argo CD Cert Test number 2, CN = localhost
notBefore=Nov  8 23:16:39 2022 GMT
notAfter=Nov 18 23:16:39 2022 GMT
serial=361005BA1FE6AE0954372BC0F9A82EC8DCC4B828

2022-11-09 00:17:05
subject=C = NL, O = Argo CD Cert Test number 2, CN = localhost
notBefore=Nov  8 23:16:39 2022 GMT
notAfter=Nov 18 23:16:39 2022 GMT
serial=361005BA1FE6AE0954372BC0F9A82EC8DCC4B828

2022-11-09 00:17:06
subject=C = NL, O = Argo CD Cert Test number 2, CN = localhost
notBefore=Nov  8 23:16:39 2022 GMT
notAfter=Nov 18 23:16:39 2022 GMT
serial=361005BA1FE6AE0954372BC0F9A82EC8DCC4B828

2022-11-09 00:17:07
subject=C = NL, O = Argo CD Cert Test number 2, CN = localhost
notBefore=Nov  8 23:16:39 2022 GMT
notAfter=Nov 18 23:16:39 2022 GMT
serial=361005BA1FE6AE0954372BC0F9A82EC8DCC4B828

2022-11-09 00:17:08
subject=C = NL, O = Argo CD Cert Test number 2, CN = localhost
notBefore=Nov  8 23:16:39 2022 GMT
notAfter=Nov 18 23:16:39 2022 GMT
serial=361005BA1FE6AE0954372BC0F9A82EC8DCC4B828

2022-11-09 00:17:09
subject=C = NL, O = Argo CD Cert Test number 2, CN = localhost
notBefore=Nov  8 23:16:39 2022 GMT
notAfter=Nov 18 23:16:39 2022 GMT
serial=361005BA1FE6AE0954372BC0F9A82EC8DCC4B828

2022-11-09 00:17:10
subject=C = NL, O = Argo CD Cert Test number 2, CN = localhost
notBefore=Nov  8 23:16:39 2022 GMT
notAfter=Nov 18 23:16:39 2022 GMT
serial=361005BA1FE6AE0954372BC0F9A82EC8DCC4B828

2022-11-09 00:17:11
subject=C = NL, O = Argo CD Cert Test number 2, CN = localhost
notBefore=Nov  8 23:16:39 2022 GMT
notAfter=Nov 18 23:16:39 2022 GMT
serial=361005BA1FE6AE0954372BC0F9A82EC8DCC4B828

2022-11-09 00:17:12
subject=C = NL, O = Argo CD Cert Test number 2, CN = localhost
notBefore=Nov  8 23:16:39 2022 GMT
notAfter=Nov 18 23:16:39 2022 GMT
serial=361005BA1FE6AE0954372BC0F9A82EC8DCC4B828

2022-11-09 00:17:13
subject=C = NL, O = Argo CD Cert Test number 2, CN = localhost
notBefore=Nov  8 23:16:39 2022 GMT
notAfter=Nov 18 23:16:39 2022 GMT
serial=361005BA1FE6AE0954372BC0F9A82EC8DCC4B828

2022-11-09 00:17:14
subject=C = NL, O = Argo CD Cert Test number 2, CN = localhost
notBefore=Nov  8 23:16:39 2022 GMT
notAfter=Nov 18 23:16:39 2022 GMT
serial=361005BA1FE6AE0954372BC0F9A82EC8DCC4B828

2022-11-09 00:17:16
subject=C = NL, O = Argo CD Cert Test number 2, CN = localhost
notBefore=Nov  8 23:16:39 2022 GMT
notAfter=Nov 18 23:16:39 2022 GMT
serial=361005BA1FE6AE0954372BC0F9A82EC8DCC4B828

2022-11-09 00:17:17
subject=C = NL, O = Argo CD Cert Test number 2, CN = localhost
notBefore=Nov  8 23:16:39 2022 GMT
notAfter=Nov 18 23:16:39 2022 GMT
serial=361005BA1FE6AE0954372BC0F9A82EC8DCC4B828

2022-11-09 00:17:18
subject=C = NL, O = Argo CD Cert Test number 2, CN = localhost
notBefore=Nov  8 23:16:39 2022 GMT
notAfter=Nov 18 23:16:39 2022 GMT
serial=361005BA1FE6AE0954372BC0F9A82EC8DCC4B828

2022-11-09 00:17:19
subject=C = NL, O = Argo CD Cert Test number 2, CN = localhost
notBefore=Nov  8 23:16:39 2022 GMT
notAfter=Nov 18 23:16:39 2022 GMT
serial=361005BA1FE6AE0954372BC0F9A82EC8DCC4B828

2022-11-09 00:17:20
subject=C = NL, O = Argo CD Cert Test number 2, CN = localhost
notBefore=Nov  8 23:16:39 2022 GMT
notAfter=Nov 18 23:16:39 2022 GMT
serial=361005BA1FE6AE0954372BC0F9A82EC8DCC4B828

2022-11-09 00:17:21
subject=C = NL, O = Argo CD Cert Test number 2, CN = localhost
notBefore=Nov  8 23:16:39 2022 GMT
notAfter=Nov 18 23:16:39 2022 GMT
serial=361005BA1FE6AE0954372BC0F9A82EC8DCC4B828

2022-11-09 00:17:22
subject=C = NL, O = Argo CD Cert Test number 2, CN = localhost
notBefore=Nov  8 23:16:39 2022 GMT
notAfter=Nov 18 23:16:39 2022 GMT
serial=361005BA1FE6AE0954372BC0F9A82EC8DCC4B828

2022-11-09 00:17:23
subject=C = NL, O = Argo CD Cert Test number 2, CN = localhost
notBefore=Nov  8 23:16:39 2022 GMT
notAfter=Nov 18 23:16:39 2022 GMT
serial=361005BA1FE6AE0954372BC0F9A82EC8DCC4B828

2022-11-09 00:17:24
subject=C = NL, O = Argo CD Cert Test number 2, CN = localhost
notBefore=Nov  8 23:16:39 2022 GMT
notAfter=Nov 18 23:16:39 2022 GMT
serial=361005BA1FE6AE0954372BC0F9A82EC8DCC4B828

2022-11-09 00:17:25
subject=C = NL, O = Argo CD Cert Test number 2, CN = localhost
notBefore=Nov  8 23:16:39 2022 GMT
notAfter=Nov 18 23:16:39 2022 GMT
serial=361005BA1FE6AE0954372BC0F9A82EC8DCC4B828

2022-11-09 00:17:26
subject=C = NL, O = Argo CD Cert Test number 2, CN = localhost
notBefore=Nov  8 23:16:39 2022 GMT
notAfter=Nov 18 23:16:39 2022 GMT
serial=361005BA1FE6AE0954372BC0F9A82EC8DCC4B828

2022-11-09 00:17:27
subject=C = NL, O = Argo CD Cert Test number 2, CN = localhost
notBefore=Nov  8 23:16:39 2022 GMT
notAfter=Nov 18 23:16:39 2022 GMT
serial=361005BA1FE6AE0954372BC0F9A82EC8DCC4B828

2022-11-09 00:17:28
subject=C = NL, O = Argo CD Cert Test number 2, CN = localhost
notBefore=Nov  8 23:16:39 2022 GMT
notAfter=Nov 18 23:16:39 2022 GMT
serial=361005BA1FE6AE0954372BC0F9A82EC8DCC4B828

2022-11-09 00:17:29
subject=C = NL, O = Argo CD Cert Test number 2, CN = localhost
notBefore=Nov  8 23:16:39 2022 GMT
notAfter=Nov 18 23:16:39 2022 GMT
serial=361005BA1FE6AE0954372BC0F9A82EC8DCC4B828

2022-11-09 00:17:30
subject=C = NL, O = Argo CD Cert Test number 2, CN = localhost
notBefore=Nov  8 23:16:39 2022 GMT
notAfter=Nov 18 23:16:39 2022 GMT
serial=361005BA1FE6AE0954372BC0F9A82EC8DCC4B828

2022-11-09 00:17:31
subject=C = NL, O = Argo CD Cert Test number 2, CN = localhost
notBefore=Nov  8 23:16:39 2022 GMT
notAfter=Nov 18 23:16:39 2022 GMT
serial=361005BA1FE6AE0954372BC0F9A82EC8DCC4B828

2022-11-09 00:17:32
subject=C = NL, O = Argo CD Cert Test number 2, CN = localhost
notBefore=Nov  8 23:16:39 2022 GMT
notAfter=Nov 18 23:16:39 2022 GMT
serial=361005BA1FE6AE0954372BC0F9A82EC8DCC4B828

2022-11-09 00:17:33
subject=C = NL, O = Argo CD Cert Test number 2, CN = localhost
notBefore=Nov  8 23:16:39 2022 GMT
notAfter=Nov 18 23:16:39 2022 GMT
serial=361005BA1FE6AE0954372BC0F9A82EC8DCC4B828

2022-11-09 00:17:34
subject=C = NL, O = Argo CD Cert Test number 2, CN = localhost
notBefore=Nov  8 23:16:39 2022 GMT
notAfter=Nov 18 23:16:39 2022 GMT
serial=361005BA1FE6AE0954372BC0F9A82EC8DCC4B828

2022-11-09 00:17:35
subject=C = NL, O = Argo CD Cert Test number 2, CN = localhost
notBefore=Nov  8 23:16:39 2022 GMT
notAfter=Nov 18 23:16:39 2022 GMT
serial=361005BA1FE6AE0954372BC0F9A82EC8DCC4B828

2022-11-09 00:17:36
subject=C = NL, O = Argo CD Cert Test number 2, CN = localhost
notBefore=Nov  8 23:16:39 2022 GMT
notAfter=Nov 18 23:16:39 2022 GMT
serial=361005BA1FE6AE0954372BC0F9A82EC8DCC4B828

2022-11-09 00:17:37
subject=C = NL, O = Argo CD Cert Test number 2, CN = localhost
notBefore=Nov  8 23:16:39 2022 GMT
notAfter=Nov 18 23:16:39 2022 GMT
serial=361005BA1FE6AE0954372BC0F9A82EC8DCC4B828

2022-11-09 00:17:38
subject=C = NL, O = Argo CD Cert Test number 2, CN = localhost
notBefore=Nov  8 23:16:39 2022 GMT
notAfter=Nov 18 23:16:39 2022 GMT
serial=361005BA1FE6AE0954372BC0F9A82EC8DCC4B828

2022-11-09 00:17:39
subject=C = NL, O = Argo CD Cert Test number 2, CN = localhost
notBefore=Nov  8 23:16:39 2022 GMT
notAfter=Nov 18 23:16:39 2022 GMT
serial=361005BA1FE6AE0954372BC0F9A82EC8DCC4B828

2022-11-09 00:17:40
subject=C = NL, O = Argo CD Cert Test number 3, CN = localhost
notBefore=Nov  8 23:17:39 2022 GMT
notAfter=Nov 18 23:17:39 2022 GMT
serial=6B6E1928D31CA9644B106475CD3854E728FF570C

2022-11-09 00:17:41
subject=C = NL, O = Argo CD Cert Test number 3, CN = localhost
notBefore=Nov  8 23:17:39 2022 GMT
notAfter=Nov 18 23:17:39 2022 GMT
serial=6B6E1928D31CA9644B106475CD3854E728FF570C

2022-11-09 00:17:42
subject=C = NL, O = Argo CD Cert Test number 3, CN = localhost
notBefore=Nov  8 23:17:39 2022 GMT
notAfter=Nov 18 23:17:39 2022 GMT
serial=6B6E1928D31CA9644B106475CD3854E728FF570C

2022-11-09 00:17:44
subject=C = NL, O = Argo CD Cert Test number 3, CN = localhost
notBefore=Nov  8 23:17:39 2022 GMT
notAfter=Nov 18 23:17:39 2022 GMT
serial=6B6E1928D31CA9644B106475CD3854E728FF570C

2022-11-09 00:17:45
subject=C = NL, O = Argo CD Cert Test number 3, CN = localhost
notBefore=Nov  8 23:17:39 2022 GMT
notAfter=Nov 18 23:17:39 2022 GMT
serial=6B6E1928D31CA9644B106475CD3854E728FF570C

2022-11-09 00:17:46
subject=C = NL, O = Argo CD Cert Test number 3, CN = localhost
notBefore=Nov  8 23:17:39 2022 GMT
notAfter=Nov 18 23:17:39 2022 GMT
serial=6B6E1928D31CA9644B106475CD3854E728FF570C

2022-11-09 00:17:47
subject=C = NL, O = Argo CD Cert Test number 3, CN = localhost
notBefore=Nov  8 23:17:39 2022 GMT
notAfter=Nov 18 23:17:39 2022 GMT
serial=6B6E1928D31CA9644B106475CD3854E728FF570C

2022-11-09 00:17:48
subject=C = NL, O = Argo CD Cert Test number 3, CN = localhost
notBefore=Nov  8 23:17:39 2022 GMT
notAfter=Nov 18 23:17:39 2022 GMT
serial=6B6E1928D31CA9644B106475CD3854E728FF570C

2022-11-09 00:17:49
subject=C = NL, O = Argo CD Cert Test number 3, CN = localhost
notBefore=Nov  8 23:17:39 2022 GMT
notAfter=Nov 18 23:17:39 2022 GMT
serial=6B6E1928D31CA9644B106475CD3854E728FF570C

2022-11-09 00:17:50
subject=C = NL, O = Argo CD Cert Test number 3, CN = localhost
notBefore=Nov  8 23:17:39 2022 GMT
notAfter=Nov 18 23:17:39 2022 GMT
serial=6B6E1928D31CA9644B106475CD3854E728FF570C

2022-11-09 00:17:51
subject=C = NL, O = Argo CD Cert Test number 3, CN = localhost
notBefore=Nov  8 23:17:39 2022 GMT
notAfter=Nov 18 23:17:39 2022 GMT
serial=6B6E1928D31CA9644B106475CD3854E728FF570C

2022-11-09 00:17:52
subject=C = NL, O = Argo CD Cert Test number 3, CN = localhost
notBefore=Nov  8 23:17:39 2022 GMT
notAfter=Nov 18 23:17:39 2022 GMT
serial=6B6E1928D31CA9644B106475CD3854E728FF570C

2022-11-09 00:17:53
subject=C = NL, O = Argo CD Cert Test number 3, CN = localhost
notBefore=Nov  8 23:17:39 2022 GMT
notAfter=Nov 18 23:17:39 2022 GMT
serial=6B6E1928D31CA9644B106475CD3854E728FF570C

2022-11-09 00:17:54
subject=C = NL, O = Argo CD Cert Test number 3, CN = localhost
notBefore=Nov  8 23:17:39 2022 GMT
notAfter=Nov 18 23:17:39 2022 GMT
serial=6B6E1928D31CA9644B106475CD3854E728FF570C

2022-11-09 00:17:55
subject=C = NL, O = Argo CD Cert Test number 3, CN = localhost
notBefore=Nov  8 23:17:39 2022 GMT
notAfter=Nov 18 23:17:39 2022 GMT
serial=6B6E1928D31CA9644B106475CD3854E728FF570C

2022-11-09 00:17:56
subject=C = NL, O = Argo CD Cert Test number 3, CN = localhost
notBefore=Nov  8 23:17:39 2022 GMT
notAfter=Nov 18 23:17:39 2022 GMT
serial=6B6E1928D31CA9644B106475CD3854E728FF570C

2022-11-09 00:17:57
subject=C = NL, O = Argo CD Cert Test number 3, CN = localhost
notBefore=Nov  8 23:17:39 2022 GMT
notAfter=Nov 18 23:17:39 2022 GMT
serial=6B6E1928D31CA9644B106475CD3854E728FF570C

2022-11-09 00:17:58
subject=C = NL, O = Argo CD Cert Test number 3, CN = localhost
notBefore=Nov  8 23:17:39 2022 GMT
notAfter=Nov 18 23:17:39 2022 GMT
serial=6B6E1928D31CA9644B106475CD3854E728FF570C

2022-11-09 00:17:59
subject=C = NL, O = Argo CD Cert Test number 3, CN = localhost
notBefore=Nov  8 23:17:39 2022 GMT
notAfter=Nov 18 23:17:39 2022 GMT
serial=6B6E1928D31CA9644B106475CD3854E728FF570C

2022-11-09 00:18:00
subject=C = NL, O = Argo CD Cert Test number 3, CN = localhost
notBefore=Nov  8 23:17:39 2022 GMT
notAfter=Nov 18 23:17:39 2022 GMT
serial=6B6E1928D31CA9644B106475CD3854E728FF570C

2022-11-09 00:18:01
subject=C = NL, O = Argo CD Cert Test number 3, CN = localhost
notBefore=Nov  8 23:17:39 2022 GMT
notAfter=Nov 18 23:17:39 2022 GMT
serial=6B6E1928D31CA9644B106475CD3854E728FF570C

2022-11-09 00:18:02
subject=C = NL, O = Argo CD Cert Test number 3, CN = localhost
notBefore=Nov  8 23:17:39 2022 GMT
notAfter=Nov 18 23:17:39 2022 GMT
serial=6B6E1928D31CA9644B106475CD3854E728FF570C

2022-11-09 00:18:03
subject=C = NL, O = Argo CD Cert Test number 3, CN = localhost
notBefore=Nov  8 23:17:39 2022 GMT
notAfter=Nov 18 23:17:39 2022 GMT
serial=6B6E1928D31CA9644B106475CD3854E728FF570C

2022-11-09 00:18:04
subject=C = NL, O = Argo CD Cert Test number 3, CN = localhost
notBefore=Nov  8 23:17:39 2022 GMT
notAfter=Nov 18 23:17:39 2022 GMT
serial=6B6E1928D31CA9644B106475CD3854E728FF570C

2022-11-09 00:18:05
subject=C = NL, O = Argo CD Cert Test number 3, CN = localhost
notBefore=Nov  8 23:17:39 2022 GMT
notAfter=Nov 18 23:17:39 2022 GMT
serial=6B6E1928D31CA9644B106475CD3854E728FF570C

2022-11-09 00:18:06
subject=C = NL, O = Argo CD Cert Test number 3, CN = localhost
notBefore=Nov  8 23:17:39 2022 GMT
notAfter=Nov 18 23:17:39 2022 GMT
serial=6B6E1928D31CA9644B106475CD3854E728FF570C

2022-11-09 00:18:07
subject=C = NL, O = Argo CD Cert Test number 3, CN = localhost
notBefore=Nov  8 23:17:39 2022 GMT
notAfter=Nov 18 23:17:39 2022 GMT
serial=6B6E1928D31CA9644B106475CD3854E728FF570C

2022-11-09 00:18:08
subject=C = NL, O = Argo CD Cert Test number 3, CN = localhost
notBefore=Nov  8 23:17:39 2022 GMT
notAfter=Nov 18 23:17:39 2022 GMT
serial=6B6E1928D31CA9644B106475CD3854E728FF570C

2022-11-09 00:18:09
subject=C = NL, O = Argo CD Cert Test number 3, CN = localhost
notBefore=Nov  8 23:17:39 2022 GMT
notAfter=Nov 18 23:17:39 2022 GMT
serial=6B6E1928D31CA9644B106475CD3854E728FF570C

2022-11-09 00:18:11
subject=C = NL, O = Argo CD Cert Test number 3, CN = localhost
notBefore=Nov  8 23:17:39 2022 GMT
notAfter=Nov 18 23:17:39 2022 GMT
serial=6B6E1928D31CA9644B106475CD3854E728FF570C

2022-11-09 00:18:12
subject=C = NL, O = Argo CD Cert Test number 3, CN = localhost
notBefore=Nov  8 23:17:39 2022 GMT
notAfter=Nov 18 23:17:39 2022 GMT
serial=6B6E1928D31CA9644B106475CD3854E728FF570C

2022-11-09 00:18:13
subject=C = NL, O = Argo CD Cert Test number 3, CN = localhost
notBefore=Nov  8 23:17:39 2022 GMT
notAfter=Nov 18 23:17:39 2022 GMT
serial=6B6E1928D31CA9644B106475CD3854E728FF570C

2022-11-09 00:18:14
subject=C = NL, O = Argo CD Cert Test number 3, CN = localhost
notBefore=Nov  8 23:17:39 2022 GMT
notAfter=Nov 18 23:17:39 2022 GMT
serial=6B6E1928D31CA9644B106475CD3854E728FF570C

2022-11-09 00:18:15
subject=C = NL, O = Argo CD Cert Test number 3, CN = localhost
notBefore=Nov  8 23:17:39 2022 GMT
notAfter=Nov 18 23:17:39 2022 GMT
serial=6B6E1928D31CA9644B106475CD3854E728FF570C

2022-11-09 00:18:16
subject=C = NL, O = Argo CD Cert Test number 3, CN = localhost
notBefore=Nov  8 23:17:39 2022 GMT
notAfter=Nov 18 23:17:39 2022 GMT
serial=6B6E1928D31CA9644B106475CD3854E728FF570C

2022-11-09 00:18:17
subject=C = NL, O = Argo CD Cert Test number 3, CN = localhost
notBefore=Nov  8 23:17:39 2022 GMT
notAfter=Nov 18 23:17:39 2022 GMT
serial=6B6E1928D31CA9644B106475CD3854E728FF570C

2022-11-09 00:18:18
subject=C = NL, O = Argo CD Cert Test number 3, CN = localhost
notBefore=Nov  8 23:17:39 2022 GMT
notAfter=Nov 18 23:17:39 2022 GMT
serial=6B6E1928D31CA9644B106475CD3854E728FF570C

2022-11-09 00:18:19
subject=C = NL, O = Argo CD Cert Test number 3, CN = localhost
notBefore=Nov  8 23:17:39 2022 GMT
notAfter=Nov 18 23:17:39 2022 GMT
serial=6B6E1928D31CA9644B106475CD3854E728FF570C

2022-11-09 00:18:20
subject=C = NL, O = Argo CD Cert Test number 3, CN = localhost
notBefore=Nov  8 23:17:39 2022 GMT
notAfter=Nov 18 23:17:39 2022 GMT
serial=6B6E1928D31CA9644B106475CD3854E728FF570C

2022-11-09 00:18:21
subject=C = NL, O = Argo CD Cert Test number 3, CN = localhost
notBefore=Nov  8 23:17:39 2022 GMT
notAfter=Nov 18 23:17:39 2022 GMT
serial=6B6E1928D31CA9644B106475CD3854E728FF570C

2022-11-09 00:18:22
subject=C = NL, O = Argo CD Cert Test number 3, CN = localhost
notBefore=Nov  8 23:17:39 2022 GMT
notAfter=Nov 18 23:17:39 2022 GMT
serial=6B6E1928D31CA9644B106475CD3854E728FF570C

2022-11-09 00:18:23
subject=C = NL, O = Argo CD Cert Test number 3, CN = localhost
notBefore=Nov  8 23:17:39 2022 GMT
notAfter=Nov 18 23:17:39 2022 GMT
serial=6B6E1928D31CA9644B106475CD3854E728FF570C

2022-11-09 00:18:24
subject=C = NL, O = Argo CD Cert Test number 3, CN = localhost
notBefore=Nov  8 23:17:39 2022 GMT
notAfter=Nov 18 23:17:39 2022 GMT
serial=6B6E1928D31CA9644B106475CD3854E728FF570C

2022-11-09 00:18:25
subject=C = NL, O = Argo CD Cert Test number 3, CN = localhost
notBefore=Nov  8 23:17:39 2022 GMT
notAfter=Nov 18 23:17:39 2022 GMT
serial=6B6E1928D31CA9644B106475CD3854E728FF570C

2022-11-09 00:18:26
subject=C = NL, O = Argo CD Cert Test number 3, CN = localhost
notBefore=Nov  8 23:17:39 2022 GMT
notAfter=Nov 18 23:17:39 2022 GMT
serial=6B6E1928D31CA9644B106475CD3854E728FF570C

2022-11-09 00:18:27
subject=C = NL, O = Argo CD Cert Test number 3, CN = localhost
notBefore=Nov  8 23:17:39 2022 GMT
notAfter=Nov 18 23:17:39 2022 GMT
serial=6B6E1928D31CA9644B106475CD3854E728FF570C

2022-11-09 00:18:28
subject=C = NL, O = Argo CD Cert Test number 3, CN = localhost
notBefore=Nov  8 23:17:39 2022 GMT
notAfter=Nov 18 23:17:39 2022 GMT
serial=6B6E1928D31CA9644B106475CD3854E728FF570C

2022-11-09 00:18:29
subject=C = NL, O = Argo CD Cert Test number 3, CN = localhost
notBefore=Nov  8 23:17:39 2022 GMT
notAfter=Nov 18 23:17:39 2022 GMT
serial=6B6E1928D31CA9644B106475CD3854E728FF570C

2022-11-09 00:18:30
subject=C = NL, O = Argo CD Cert Test number 3, CN = localhost
notBefore=Nov  8 23:17:39 2022 GMT
notAfter=Nov 18 23:17:39 2022 GMT
serial=6B6E1928D31CA9644B106475CD3854E728FF570C

2022-11-09 00:18:31
subject=C = NL, O = Argo CD Cert Test number 3, CN = localhost
notBefore=Nov  8 23:17:39 2022 GMT
notAfter=Nov 18 23:17:39 2022 GMT
serial=6B6E1928D31CA9644B106475CD3854E728FF570C

2022-11-09 00:18:32
subject=C = NL, O = Argo CD Cert Test number 3, CN = localhost
notBefore=Nov  8 23:17:39 2022 GMT
notAfter=Nov 18 23:17:39 2022 GMT
serial=6B6E1928D31CA9644B106475CD3854E728FF570C

2022-11-09 00:18:33
subject=C = NL, O = Argo CD Cert Test number 3, CN = localhost
notBefore=Nov  8 23:17:39 2022 GMT
notAfter=Nov 18 23:17:39 2022 GMT
serial=6B6E1928D31CA9644B106475CD3854E728FF570C

2022-11-09 00:18:34
subject=C = NL, O = Argo CD Cert Test number 3, CN = localhost
notBefore=Nov  8 23:17:39 2022 GMT
notAfter=Nov 18 23:17:39 2022 GMT
serial=6B6E1928D31CA9644B106475CD3854E728FF570C

2022-11-09 00:18:36
subject=C = NL, O = Argo CD Cert Test number 3, CN = localhost
notBefore=Nov  8 23:17:39 2022 GMT
notAfter=Nov 18 23:17:39 2022 GMT
serial=6B6E1928D31CA9644B106475CD3854E728FF570C

2022-11-09 00:18:37
subject=C = NL, O = Argo CD Cert Test number 3, CN = localhost
notBefore=Nov  8 23:17:39 2022 GMT
notAfter=Nov 18 23:17:39 2022 GMT
serial=6B6E1928D31CA9644B106475CD3854E728FF570C

2022-11-09 00:18:38
subject=C = NL, O = Argo CD Cert Test number 3, CN = localhost
notBefore=Nov  8 23:17:39 2022 GMT
notAfter=Nov 18 23:17:39 2022 GMT
serial=6B6E1928D31CA9644B106475CD3854E728FF570C

2022-11-09 00:18:39
subject=C = NL, O = Argo CD Cert Test number 3, CN = localhost
notBefore=Nov  8 23:17:39 2022 GMT
notAfter=Nov 18 23:17:39 2022 GMT
serial=6B6E1928D31CA9644B106475CD3854E728FF570C

2022-11-09 00:18:40
subject=C = NL, O = Argo CD Cert Test number 3, CN = localhost
notBefore=Nov  8 23:17:39 2022 GMT
notAfter=Nov 18 23:17:39 2022 GMT
serial=6B6E1928D31CA9644B106475CD3854E728FF570C

2022-11-09 00:18:41
subject=C = NL, O = Argo CD Cert Test number 4, CN = localhost
notBefore=Nov  8 23:18:40 2022 GMT
notAfter=Nov 18 23:18:40 2022 GMT
serial=3C5D5DD0C219039EE7440563ABFAFFB69C8C1019

2022-11-09 00:18:42
subject=C = NL, O = Argo CD Cert Test number 4, CN = localhost
notBefore=Nov  8 23:18:40 2022 GMT
notAfter=Nov 18 23:18:40 2022 GMT
serial=3C5D5DD0C219039EE7440563ABFAFFB69C8C1019

2022-11-09 00:18:43
subject=C = NL, O = Argo CD Cert Test number 4, CN = localhost
notBefore=Nov  8 23:18:40 2022 GMT
notAfter=Nov 18 23:18:40 2022 GMT
serial=3C5D5DD0C219039EE7440563ABFAFFB69C8C1019

2022-11-09 00:18:44
subject=C = NL, O = Argo CD Cert Test number 4, CN = localhost
notBefore=Nov  8 23:18:40 2022 GMT
notAfter=Nov 18 23:18:40 2022 GMT
serial=3C5D5DD0C219039EE7440563ABFAFFB69C8C1019

2022-11-09 00:18:45
subject=C = NL, O = Argo CD Cert Test number 4, CN = localhost
notBefore=Nov  8 23:18:40 2022 GMT
notAfter=Nov 18 23:18:40 2022 GMT
serial=3C5D5DD0C219039EE7440563ABFAFFB69C8C1019

2022-11-09 00:18:46
subject=C = NL, O = Argo CD Cert Test number 4, CN = localhost
notBefore=Nov  8 23:18:40 2022 GMT
notAfter=Nov 18 23:18:40 2022 GMT
serial=3C5D5DD0C219039EE7440563ABFAFFB69C8C1019

2022-11-09 00:18:47
subject=C = NL, O = Argo CD Cert Test number 4, CN = localhost
notBefore=Nov  8 23:18:40 2022 GMT
notAfter=Nov 18 23:18:40 2022 GMT
serial=3C5D5DD0C219039EE7440563ABFAFFB69C8C1019

2022-11-09 00:18:48
subject=C = NL, O = Argo CD Cert Test number 4, CN = localhost
notBefore=Nov  8 23:18:40 2022 GMT
notAfter=Nov 18 23:18:40 2022 GMT
serial=3C5D5DD0C219039EE7440563ABFAFFB69C8C1019

2022-11-09 00:18:49
subject=C = NL, O = Argo CD Cert Test number 4, CN = localhost
notBefore=Nov  8 23:18:40 2022 GMT
notAfter=Nov 18 23:18:40 2022 GMT
serial=3C5D5DD0C219039EE7440563ABFAFFB69C8C1019

2022-11-09 00:18:50
subject=C = NL, O = Argo CD Cert Test number 4, CN = localhost
notBefore=Nov  8 23:18:40 2022 GMT
notAfter=Nov 18 23:18:40 2022 GMT
serial=3C5D5DD0C219039EE7440563ABFAFFB69C8C1019

2022-11-09 00:18:51
subject=C = NL, O = Argo CD Cert Test number 4, CN = localhost
notBefore=Nov  8 23:18:40 2022 GMT
notAfter=Nov 18 23:18:40 2022 GMT
serial=3C5D5DD0C219039EE7440563ABFAFFB69C8C1019

2022-11-09 00:18:52
subject=C = NL, O = Argo CD Cert Test number 4, CN = localhost
notBefore=Nov  8 23:18:40 2022 GMT
notAfter=Nov 18 23:18:40 2022 GMT
serial=3C5D5DD0C219039EE7440563ABFAFFB69C8C1019

2022-11-09 00:18:53
subject=C = NL, O = Argo CD Cert Test number 4, CN = localhost
notBefore=Nov  8 23:18:40 2022 GMT
notAfter=Nov 18 23:18:40 2022 GMT
serial=3C5D5DD0C219039EE7440563ABFAFFB69C8C1019

2022-11-09 00:18:54
subject=C = NL, O = Argo CD Cert Test number 4, CN = localhost
notBefore=Nov  8 23:18:40 2022 GMT
notAfter=Nov 18 23:18:40 2022 GMT
serial=3C5D5DD0C219039EE7440563ABFAFFB69C8C1019

2022-11-09 00:18:55
subject=C = NL, O = Argo CD Cert Test number 4, CN = localhost
notBefore=Nov  8 23:18:40 2022 GMT
notAfter=Nov 18 23:18:40 2022 GMT
serial=3C5D5DD0C219039EE7440563ABFAFFB69C8C1019

2022-11-09 00:18:56
subject=C = NL, O = Argo CD Cert Test number 4, CN = localhost
notBefore=Nov  8 23:18:40 2022 GMT
notAfter=Nov 18 23:18:40 2022 GMT
serial=3C5D5DD0C219039EE7440563ABFAFFB69C8C1019

2022-11-09 00:18:57
subject=C = NL, O = Argo CD Cert Test number 4, CN = localhost
notBefore=Nov  8 23:18:40 2022 GMT
notAfter=Nov 18 23:18:40 2022 GMT
serial=3C5D5DD0C219039EE7440563ABFAFFB69C8C1019

2022-11-09 00:18:58
subject=C = NL, O = Argo CD Cert Test number 4, CN = localhost
notBefore=Nov  8 23:18:40 2022 GMT
notAfter=Nov 18 23:18:40 2022 GMT
serial=3C5D5DD0C219039EE7440563ABFAFFB69C8C1019

2022-11-09 00:18:59
subject=C = NL, O = Argo CD Cert Test number 4, CN = localhost
notBefore=Nov  8 23:18:40 2022 GMT
notAfter=Nov 18 23:18:40 2022 GMT
serial=3C5D5DD0C219039EE7440563ABFAFFB69C8C1019

2022-11-09 00:19:01
subject=C = NL, O = Argo CD Cert Test number 4, CN = localhost
notBefore=Nov  8 23:18:40 2022 GMT
notAfter=Nov 18 23:18:40 2022 GMT
serial=3C5D5DD0C219039EE7440563ABFAFFB69C8C1019

2022-11-09 00:19:02
subject=C = NL, O = Argo CD Cert Test number 4, CN = localhost
notBefore=Nov  8 23:18:40 2022 GMT
notAfter=Nov 18 23:18:40 2022 GMT
serial=3C5D5DD0C219039EE7440563ABFAFFB69C8C1019

2022-11-09 00:19:03
subject=C = NL, O = Argo CD Cert Test number 4, CN = localhost
notBefore=Nov  8 23:18:40 2022 GMT
notAfter=Nov 18 23:18:40 2022 GMT
serial=3C5D5DD0C219039EE7440563ABFAFFB69C8C1019

2022-11-09 00:19:04
subject=C = NL, O = Argo CD Cert Test number 4, CN = localhost
notBefore=Nov  8 23:18:40 2022 GMT
notAfter=Nov 18 23:18:40 2022 GMT
serial=3C5D5DD0C219039EE7440563ABFAFFB69C8C1019

2022-11-09 00:19:05
subject=C = NL, O = Argo CD Cert Test number 4, CN = localhost
notBefore=Nov  8 23:18:40 2022 GMT
notAfter=Nov 18 23:18:40 2022 GMT
serial=3C5D5DD0C219039EE7440563ABFAFFB69C8C1019

2022-11-09 00:19:06
subject=C = NL, O = Argo CD Cert Test number 4, CN = localhost
notBefore=Nov  8 23:18:40 2022 GMT
notAfter=Nov 18 23:18:40 2022 GMT
serial=3C5D5DD0C219039EE7440563ABFAFFB69C8C1019

2022-11-09 00:19:07
subject=C = NL, O = Argo CD Cert Test number 4, CN = localhost
notBefore=Nov  8 23:18:40 2022 GMT
notAfter=Nov 18 23:18:40 2022 GMT
serial=3C5D5DD0C219039EE7440563ABFAFFB69C8C1019

2022-11-09 00:19:08
subject=C = NL, O = Argo CD Cert Test number 4, CN = localhost
notBefore=Nov  8 23:18:40 2022 GMT
notAfter=Nov 18 23:18:40 2022 GMT
serial=3C5D5DD0C219039EE7440563ABFAFFB69C8C1019

2022-11-09 00:19:09
subject=C = NL, O = Argo CD Cert Test number 4, CN = localhost
notBefore=Nov  8 23:18:40 2022 GMT
notAfter=Nov 18 23:18:40 2022 GMT
serial=3C5D5DD0C219039EE7440563ABFAFFB69C8C1019

2022-11-09 00:19:10
subject=C = NL, O = Argo CD Cert Test number 4, CN = localhost
notBefore=Nov  8 23:18:40 2022 GMT
notAfter=Nov 18 23:18:40 2022 GMT
serial=3C5D5DD0C219039EE7440563ABFAFFB69C8C1019

2022-11-09 00:19:11
subject=C = NL, O = Argo CD Cert Test number 4, CN = localhost
notBefore=Nov  8 23:18:40 2022 GMT
notAfter=Nov 18 23:18:40 2022 GMT
serial=3C5D5DD0C219039EE7440563ABFAFFB69C8C1019

2022-11-09 00:19:12
subject=C = NL, O = Argo CD Cert Test number 4, CN = localhost
notBefore=Nov  8 23:18:40 2022 GMT
notAfter=Nov 18 23:18:40 2022 GMT
serial=3C5D5DD0C219039EE7440563ABFAFFB69C8C1019

2022-11-09 00:19:13
subject=C = NL, O = Argo CD Cert Test number 4, CN = localhost
notBefore=Nov  8 23:18:40 2022 GMT
notAfter=Nov 18 23:18:40 2022 GMT
serial=3C5D5DD0C219039EE7440563ABFAFFB69C8C1019

2022-11-09 00:19:14
subject=C = NL, O = Argo CD Cert Test number 4, CN = localhost
notBefore=Nov  8 23:18:40 2022 GMT
notAfter=Nov 18 23:18:40 2022 GMT
serial=3C5D5DD0C219039EE7440563ABFAFFB69C8C1019

2022-11-09 00:19:15
subject=C = NL, O = Argo CD Cert Test number 4, CN = localhost
notBefore=Nov  8 23:18:40 2022 GMT
notAfter=Nov 18 23:18:40 2022 GMT
serial=3C5D5DD0C219039EE7440563ABFAFFB69C8C1019

2022-11-09 00:19:16
subject=C = NL, O = Argo CD Cert Test number 4, CN = localhost
notBefore=Nov  8 23:18:40 2022 GMT
notAfter=Nov 18 23:18:40 2022 GMT
serial=3C5D5DD0C219039EE7440563ABFAFFB69C8C1019

2022-11-09 00:19:17
subject=C = NL, O = Argo CD Cert Test number 4, CN = localhost
notBefore=Nov  8 23:18:40 2022 GMT
notAfter=Nov 18 23:18:40 2022 GMT
serial=3C5D5DD0C219039EE7440563ABFAFFB69C8C1019

2022-11-09 00:19:18
subject=C = NL, O = Argo CD Cert Test number 4, CN = localhost
notBefore=Nov  8 23:18:40 2022 GMT
notAfter=Nov 18 23:18:40 2022 GMT
serial=3C5D5DD0C219039EE7440563ABFAFFB69C8C1019

2022-11-09 00:19:19
subject=C = NL, O = Argo CD Cert Test number 4, CN = localhost
notBefore=Nov  8 23:18:40 2022 GMT
notAfter=Nov 18 23:18:40 2022 GMT
serial=3C5D5DD0C219039EE7440563ABFAFFB69C8C1019

2022-11-09 00:19:20
subject=C = NL, O = Argo CD Cert Test number 4, CN = localhost
notBefore=Nov  8 23:18:40 2022 GMT
notAfter=Nov 18 23:18:40 2022 GMT
serial=3C5D5DD0C219039EE7440563ABFAFFB69C8C1019

2022-11-09 00:19:21
subject=C = NL, O = Argo CD Cert Test number 4, CN = localhost
notBefore=Nov  8 23:18:40 2022 GMT
notAfter=Nov 18 23:18:40 2022 GMT
serial=3C5D5DD0C219039EE7440563ABFAFFB69C8C1019

2022-11-09 00:19:22
subject=C = NL, O = Argo CD Cert Test number 4, CN = localhost
notBefore=Nov  8 23:18:40 2022 GMT
notAfter=Nov 18 23:18:40 2022 GMT
serial=3C5D5DD0C219039EE7440563ABFAFFB69C8C1019

2022-11-09 00:19:23
subject=C = NL, O = Argo CD Cert Test number 4, CN = localhost
notBefore=Nov  8 23:18:40 2022 GMT
notAfter=Nov 18 23:18:40 2022 GMT
serial=3C5D5DD0C219039EE7440563ABFAFFB69C8C1019

2022-11-09 00:19:24
subject=C = NL, O = Argo CD Cert Test number 4, CN = localhost
notBefore=Nov  8 23:18:40 2022 GMT
notAfter=Nov 18 23:18:40 2022 GMT
serial=3C5D5DD0C219039EE7440563ABFAFFB69C8C1019

2022-11-09 00:19:26
subject=C = NL, O = Argo CD Cert Test number 4, CN = localhost
notBefore=Nov  8 23:18:40 2022 GMT
notAfter=Nov 18 23:18:40 2022 GMT
serial=3C5D5DD0C219039EE7440563ABFAFFB69C8C1019

2022-11-09 00:19:27
subject=C = NL, O = Argo CD Cert Test number 4, CN = localhost
notBefore=Nov  8 23:18:40 2022 GMT
notAfter=Nov 18 23:18:40 2022 GMT
serial=3C5D5DD0C219039EE7440563ABFAFFB69C8C1019

2022-11-09 00:19:28
subject=C = NL, O = Argo CD Cert Test number 4, CN = localhost
notBefore=Nov  8 23:18:40 2022 GMT
notAfter=Nov 18 23:18:40 2022 GMT
serial=3C5D5DD0C219039EE7440563ABFAFFB69C8C1019

2022-11-09 00:19:29
subject=C = NL, O = Argo CD Cert Test number 4, CN = localhost
notBefore=Nov  8 23:18:40 2022 GMT
notAfter=Nov 18 23:18:40 2022 GMT
serial=3C5D5DD0C219039EE7440563ABFAFFB69C8C1019

2022-11-09 00:19:30
subject=C = NL, O = Argo CD Cert Test number 4, CN = localhost
notBefore=Nov  8 23:18:40 2022 GMT
notAfter=Nov 18 23:18:40 2022 GMT
serial=3C5D5DD0C219039EE7440563ABFAFFB69C8C1019

2022-11-09 00:19:31
subject=C = NL, O = Argo CD Cert Test number 4, CN = localhost
notBefore=Nov  8 23:18:40 2022 GMT
notAfter=Nov 18 23:18:40 2022 GMT
serial=3C5D5DD0C219039EE7440563ABFAFFB69C8C1019

2022-11-09 00:19:32
subject=C = NL, O = Argo CD Cert Test number 4, CN = localhost
notBefore=Nov  8 23:18:40 2022 GMT
notAfter=Nov 18 23:18:40 2022 GMT
serial=3C5D5DD0C219039EE7440563ABFAFFB69C8C1019

2022-11-09 00:19:33
subject=C = NL, O = Argo CD Cert Test number 4, CN = localhost
notBefore=Nov  8 23:18:40 2022 GMT
notAfter=Nov 18 23:18:40 2022 GMT
serial=3C5D5DD0C219039EE7440563ABFAFFB69C8C1019

2022-11-09 00:19:34
subject=C = NL, O = Argo CD Cert Test number 4, CN = localhost
notBefore=Nov  8 23:18:40 2022 GMT
notAfter=Nov 18 23:18:40 2022 GMT
serial=3C5D5DD0C219039EE7440563ABFAFFB69C8C1019

2022-11-09 00:19:35
subject=C = NL, O = Argo CD Cert Test number 4, CN = localhost
notBefore=Nov  8 23:18:40 2022 GMT
notAfter=Nov 18 23:18:40 2022 GMT
serial=3C5D5DD0C219039EE7440563ABFAFFB69C8C1019

2022-11-09 00:19:36
subject=C = NL, O = Argo CD Cert Test number 4, CN = localhost
notBefore=Nov  8 23:18:40 2022 GMT
notAfter=Nov 18 23:18:40 2022 GMT
serial=3C5D5DD0C219039EE7440563ABFAFFB69C8C1019

2022-11-09 00:19:37
subject=C = NL, O = Argo CD Cert Test number 4, CN = localhost
notBefore=Nov  8 23:18:40 2022 GMT
notAfter=Nov 18 23:18:40 2022 GMT
serial=3C5D5DD0C219039EE7440563ABFAFFB69C8C1019

2022-11-09 00:19:38
subject=C = NL, O = Argo CD Cert Test number 4, CN = localhost
notBefore=Nov  8 23:18:40 2022 GMT
notAfter=Nov 18 23:18:40 2022 GMT
serial=3C5D5DD0C219039EE7440563ABFAFFB69C8C1019

2022-11-09 00:19:39
subject=C = NL, O = Argo CD Cert Test number 4, CN = localhost
notBefore=Nov  8 23:18:40 2022 GMT
notAfter=Nov 18 23:18:40 2022 GMT
serial=3C5D5DD0C219039EE7440563ABFAFFB69C8C1019

2022-11-09 00:19:40
unable to load certificate
140463592322880:error:0909006C:PEM routines:get_name:no start line:crypto/pem/pem_lib.c:745:Expecting: TRUSTED CERTIFICATE

2022-11-09 00:19:41
subject=C = NL, O = Argo CD Cert Test number 5, CN = localhost
notBefore=Nov  8 23:19:40 2022 GMT
notAfter=Nov 18 23:19:40 2022 GMT
serial=2D5E061675421641A66F4DF37E82DF19E1E467D2

2022-11-09 00:19:42
subject=C = NL, O = Argo CD Cert Test number 5, CN = localhost
notBefore=Nov  8 23:19:40 2022 GMT
notAfter=Nov 18 23:19:40 2022 GMT
serial=2D5E061675421641A66F4DF37E82DF19E1E467D2

2022-11-09 00:19:43
subject=C = NL, O = Argo CD Cert Test number 5, CN = localhost
notBefore=Nov  8 23:19:40 2022 GMT
notAfter=Nov 18 23:19:40 2022 GMT
serial=2D5E061675421641A66F4DF37E82DF19E1E467D2

2022-11-09 00:19:44
subject=C = NL, O = Argo CD Cert Test number 5, CN = localhost
notBefore=Nov  8 23:19:40 2022 GMT
notAfter=Nov 18 23:19:40 2022 GMT
serial=2D5E061675421641A66F4DF37E82DF19E1E467D2

2022-11-09 00:19:45
subject=C = NL, O = Argo CD Cert Test number 5, CN = localhost
notBefore=Nov  8 23:19:40 2022 GMT
notAfter=Nov 18 23:19:40 2022 GMT
serial=2D5E061675421641A66F4DF37E82DF19E1E467D2

2022-11-09 00:19:46
subject=C = NL, O = Argo CD Cert Test number 5, CN = localhost
notBefore=Nov  8 23:19:40 2022 GMT
notAfter=Nov 18 23:19:40 2022 GMT
serial=2D5E061675421641A66F4DF37E82DF19E1E467D2

2022-11-09 00:19:47
subject=C = NL, O = Argo CD Cert Test number 5, CN = localhost
notBefore=Nov  8 23:19:40 2022 GMT
notAfter=Nov 18 23:19:40 2022 GMT
serial=2D5E061675421641A66F4DF37E82DF19E1E467D2

2022-11-09 00:19:48
subject=C = NL, O = Argo CD Cert Test number 5, CN = localhost
notBefore=Nov  8 23:19:40 2022 GMT
notAfter=Nov 18 23:19:40 2022 GMT
serial=2D5E061675421641A66F4DF37E82DF19E1E467D2

2022-11-09 00:19:49
subject=C = NL, O = Argo CD Cert Test number 5, CN = localhost
notBefore=Nov  8 23:19:40 2022 GMT
notAfter=Nov 18 23:19:40 2022 GMT
serial=2D5E061675421641A66F4DF37E82DF19E1E467D2

2022-11-09 00:19:51
subject=C = NL, O = Argo CD Cert Test number 5, CN = localhost
notBefore=Nov  8 23:19:40 2022 GMT
notAfter=Nov 18 23:19:40 2022 GMT
serial=2D5E061675421641A66F4DF37E82DF19E1E467D2

2022-11-09 00:19:52
subject=C = NL, O = Argo CD Cert Test number 5, CN = localhost
notBefore=Nov  8 23:19:40 2022 GMT
notAfter=Nov 18 23:19:40 2022 GMT
serial=2D5E061675421641A66F4DF37E82DF19E1E467D2

2022-11-09 00:19:53
subject=C = NL, O = Argo CD Cert Test number 5, CN = localhost
notBefore=Nov  8 23:19:40 2022 GMT
notAfter=Nov 18 23:19:40 2022 GMT
serial=2D5E061675421641A66F4DF37E82DF19E1E467D2

2022-11-09 00:19:54
subject=C = NL, O = Argo CD Cert Test number 5, CN = localhost
notBefore=Nov  8 23:19:40 2022 GMT
notAfter=Nov 18 23:19:40 2022 GMT
serial=2D5E061675421641A66F4DF37E82DF19E1E467D2

2022-11-09 00:19:55
subject=C = NL, O = Argo CD Cert Test number 5, CN = localhost
notBefore=Nov  8 23:19:40 2022 GMT
notAfter=Nov 18 23:19:40 2022 GMT
serial=2D5E061675421641A66F4DF37E82DF19E1E467D2

2022-11-09 00:19:56
subject=C = NL, O = Argo CD Cert Test number 5, CN = localhost
notBefore=Nov  8 23:19:40 2022 GMT
notAfter=Nov 18 23:19:40 2022 GMT
serial=2D5E061675421641A66F4DF37E82DF19E1E467D2

2022-11-09 00:19:57
subject=C = NL, O = Argo CD Cert Test number 5, CN = localhost
notBefore=Nov  8 23:19:40 2022 GMT
notAfter=Nov 18 23:19:40 2022 GMT
serial=2D5E061675421641A66F4DF37E82DF19E1E467D2

2022-11-09 00:19:58
subject=C = NL, O = Argo CD Cert Test number 5, CN = localhost
notBefore=Nov  8 23:19:40 2022 GMT
notAfter=Nov 18 23:19:40 2022 GMT
serial=2D5E061675421641A66F4DF37E82DF19E1E467D2

2022-11-09 00:19:59
subject=C = NL, O = Argo CD Cert Test number 5, CN = localhost
notBefore=Nov  8 23:19:40 2022 GMT
notAfter=Nov 18 23:19:40 2022 GMT
serial=2D5E061675421641A66F4DF37E82DF19E1E467D2

2022-11-09 00:20:00
subject=C = NL, O = Argo CD Cert Test number 5, CN = localhost
notBefore=Nov  8 23:19:40 2022 GMT
notAfter=Nov 18 23:19:40 2022 GMT
serial=2D5E061675421641A66F4DF37E82DF19E1E467D2

2022-11-09 00:20:01
subject=C = NL, O = Argo CD Cert Test number 5, CN = localhost
notBefore=Nov  8 23:19:40 2022 GMT
notAfter=Nov 18 23:19:40 2022 GMT
serial=2D5E061675421641A66F4DF37E82DF19E1E467D2

2022-11-09 00:20:02
subject=C = NL, O = Argo CD Cert Test number 5, CN = localhost
notBefore=Nov  8 23:19:40 2022 GMT
notAfter=Nov 18 23:19:40 2022 GMT
serial=2D5E061675421641A66F4DF37E82DF19E1E467D2

2022-11-09 00:20:03
subject=C = NL, O = Argo CD Cert Test number 5, CN = localhost
notBefore=Nov  8 23:19:40 2022 GMT
notAfter=Nov 18 23:19:40 2022 GMT
serial=2D5E061675421641A66F4DF37E82DF19E1E467D2

2022-11-09 00:20:04
subject=C = NL, O = Argo CD Cert Test number 5, CN = localhost
notBefore=Nov  8 23:19:40 2022 GMT
notAfter=Nov 18 23:19:40 2022 GMT
serial=2D5E061675421641A66F4DF37E82DF19E1E467D2

2022-11-09 00:20:05
subject=C = NL, O = Argo CD Cert Test number 5, CN = localhost
notBefore=Nov  8 23:19:40 2022 GMT
notAfter=Nov 18 23:19:40 2022 GMT
serial=2D5E061675421641A66F4DF37E82DF19E1E467D2

2022-11-09 00:20:06
subject=C = NL, O = Argo CD Cert Test number 5, CN = localhost
notBefore=Nov  8 23:19:40 2022 GMT
notAfter=Nov 18 23:19:40 2022 GMT
serial=2D5E061675421641A66F4DF37E82DF19E1E467D2

2022-11-09 00:20:07
subject=C = NL, O = Argo CD Cert Test number 5, CN = localhost
notBefore=Nov  8 23:19:40 2022 GMT
notAfter=Nov 18 23:19:40 2022 GMT
serial=2D5E061675421641A66F4DF37E82DF19E1E467D2

2022-11-09 00:20:08
subject=C = NL, O = Argo CD Cert Test number 5, CN = localhost
notBefore=Nov  8 23:19:40 2022 GMT
notAfter=Nov 18 23:19:40 2022 GMT
serial=2D5E061675421641A66F4DF37E82DF19E1E467D2

2022-11-09 00:20:09
subject=C = NL, O = Argo CD Cert Test number 5, CN = localhost
notBefore=Nov  8 23:19:40 2022 GMT
notAfter=Nov 18 23:19:40 2022 GMT
serial=2D5E061675421641A66F4DF37E82DF19E1E467D2

2022-11-09 00:20:10
subject=C = NL, O = Argo CD Cert Test number 5, CN = localhost
notBefore=Nov  8 23:19:40 2022 GMT
notAfter=Nov 18 23:19:40 2022 GMT
serial=2D5E061675421641A66F4DF37E82DF19E1E467D2

2022-11-09 00:20:11
subject=C = NL, O = Argo CD Cert Test number 5, CN = localhost
notBefore=Nov  8 23:19:40 2022 GMT
notAfter=Nov 18 23:19:40 2022 GMT
serial=2D5E061675421641A66F4DF37E82DF19E1E467D2

2022-11-09 00:20:12
subject=C = NL, O = Argo CD Cert Test number 5, CN = localhost
notBefore=Nov  8 23:19:40 2022 GMT
notAfter=Nov 18 23:19:40 2022 GMT
serial=2D5E061675421641A66F4DF37E82DF19E1E467D2

2022-11-09 00:20:13
subject=C = NL, O = Argo CD Cert Test number 5, CN = localhost
notBefore=Nov  8 23:19:40 2022 GMT
notAfter=Nov 18 23:19:40 2022 GMT
serial=2D5E061675421641A66F4DF37E82DF19E1E467D2

2022-11-09 00:20:14
subject=C = NL, O = Argo CD Cert Test number 5, CN = localhost
notBefore=Nov  8 23:19:40 2022 GMT
notAfter=Nov 18 23:19:40 2022 GMT
serial=2D5E061675421641A66F4DF37E82DF19E1E467D2

2022-11-09 00:20:16
subject=C = NL, O = Argo CD Cert Test number 5, CN = localhost
notBefore=Nov  8 23:19:40 2022 GMT
notAfter=Nov 18 23:19:40 2022 GMT
serial=2D5E061675421641A66F4DF37E82DF19E1E467D2

2022-11-09 00:20:17
subject=C = NL, O = Argo CD Cert Test number 5, CN = localhost
notBefore=Nov  8 23:19:40 2022 GMT
notAfter=Nov 18 23:19:40 2022 GMT
serial=2D5E061675421641A66F4DF37E82DF19E1E467D2

2022-11-09 00:20:18
subject=C = NL, O = Argo CD Cert Test number 5, CN = localhost
notBefore=Nov  8 23:19:40 2022 GMT
notAfter=Nov 18 23:19:40 2022 GMT
serial=2D5E061675421641A66F4DF37E82DF19E1E467D2

2022-11-09 00:20:19
subject=C = NL, O = Argo CD Cert Test number 5, CN = localhost
notBefore=Nov  8 23:19:40 2022 GMT
notAfter=Nov 18 23:19:40 2022 GMT
serial=2D5E061675421641A66F4DF37E82DF19E1E467D2

2022-11-09 00:20:20
subject=C = NL, O = Argo CD Cert Test number 5, CN = localhost
notBefore=Nov  8 23:19:40 2022 GMT
notAfter=Nov 18 23:19:40 2022 GMT
serial=2D5E061675421641A66F4DF37E82DF19E1E467D2

2022-11-09 00:20:21
subject=C = NL, O = Argo CD Cert Test number 5, CN = localhost
notBefore=Nov  8 23:19:40 2022 GMT
notAfter=Nov 18 23:19:40 2022 GMT
serial=2D5E061675421641A66F4DF37E82DF19E1E467D2

2022-11-09 00:20:22
subject=C = NL, O = Argo CD Cert Test number 5, CN = localhost
notBefore=Nov  8 23:19:40 2022 GMT
notAfter=Nov 18 23:19:40 2022 GMT
serial=2D5E061675421641A66F4DF37E82DF19E1E467D2

2022-11-09 00:20:23
subject=C = NL, O = Argo CD Cert Test number 5, CN = localhost
notBefore=Nov  8 23:19:40 2022 GMT
notAfter=Nov 18 23:19:40 2022 GMT
serial=2D5E061675421641A66F4DF37E82DF19E1E467D2

2022-11-09 00:20:24
subject=C = NL, O = Argo CD Cert Test number 5, CN = localhost
notBefore=Nov  8 23:19:40 2022 GMT
notAfter=Nov 18 23:19:40 2022 GMT
serial=2D5E061675421641A66F4DF37E82DF19E1E467D2

2022-11-09 00:20:25
subject=C = NL, O = Argo CD Cert Test number 5, CN = localhost
notBefore=Nov  8 23:19:40 2022 GMT
notAfter=Nov 18 23:19:40 2022 GMT
serial=2D5E061675421641A66F4DF37E82DF19E1E467D2

